#
# There is insufficient memory for the Java Runtime Environment to continue.
# Native memory allocation (mmap) failed to map 65536 bytes for Failed to commit metaspace.
# Possible reasons:
#   The system is out of physical RAM or swap space
#   The process is running with CompressedOops enabled, and the Java Heap may be blocking the growth of the native heap
# Possible solutions:
#   Reduce memory load on the system
#   Increase physical memory or swap space
#   Check if swap backing store is full
#   Decrease Java heap size (-Xmx/-Xms)
#   Decrease number of Java threads
#   Decrease Java thread stack sizes (-Xss)
#   Set larger code cache with -XX:ReservedCodeCacheSize=
#   JVM is running with Unscaled Compressed Oops mode in which the Java heap is
#     placed in the first 4GB address space. The Java Heap base address is the
#     maximum limit for the native heap growth. Please use -XX:HeapBaseMinAddress
#     to set the Java Heap base and to place the Java Heap above 4GB virtual address.
# This output file may be truncated or incomplete.
#
#  Out of Memory Error (virtualSpaceNode.cpp:110), pid=18480, tid=4180
#
# JRE version: Java(TM) SE Runtime Environment (17.0.5+9) (build 17.0.5+9-LTS-191)
# Java VM: Java HotSpot(TM) 64-Bit Server VM (17.0.5+9-LTS-191, mixed mode, sharing, tiered, compressed oops, compressed class ptrs, g1 gc, windows-amd64)
# No core dump will be written. Minidumps are not enabled by default on client versions of Windows
#

---------------  S U M M A R Y ------------

Command Line: -Dfile.encoding=UTF-8 -XX:+ShowCodeDetailsInExceptionMessages seleniumProject.FirstProgram

Host: Intel(R) Core(TM) i5-8265U CPU @ 1.60GHz, 8 cores, 7G,  Windows 10 , 64 bit Build 19041 (10.0.19041.2364)
Time: Mon Jan  9 22:34:18 2023 India Standard Time elapsed time: 3.805901 seconds (0d 0h 0m 3s)

---------------  T H R E A D  ---------------

Current thread (0x00000211151cda90):  JavaThread "main" [_thread_in_vm, id=4180, stack(0x000000bcd6100000,0x000000bcd6200000)]

Stack: [0x000000bcd6100000,0x000000bcd6200000]
Native frames: (J=compiled Java code, j=interpreted, Vv=VM code, C=native code)
V  [jvm.dll+0x672eea]
V  [jvm.dll+0x7d2a04]
V  [jvm.dll+0x7d41ae]
V  [jvm.dll+0x7d4813]
V  [jvm.dll+0x242c15]
V  [jvm.dll+0x7ce9ab]
V  [jvm.dll+0x618bb6]
V  [jvm.dll+0x1be37e]
V  [jvm.dll+0x61b4f1]
V  [jvm.dll+0x619556]
V  [jvm.dll+0x367f22]
V  [jvm.dll+0x1dfb2b]
V  [jvm.dll+0x539409]
V  [jvm.dll+0x1eea87]
V  [jvm.dll+0x74c92b]
V  [jvm.dll+0x74dcd2]
V  [jvm.dll+0x74e008]
V  [jvm.dll+0x23b08e]
V  [jvm.dll+0x37b6ce]
C  0x000002111ca5b7f7

Java frames: (J=compiled Java code, j=interpreted, Vv=VM code)
j  java.util.Formatter.parse(Ljava/lang/String;)Ljava/util/List;+66 java.base@17.0.5
j  java.util.Formatter.format(Ljava/util/Locale;Ljava/lang/String;[Ljava/lang/Object;)Ljava/util/Formatter;+12 java.base@17.0.5
j  java.util.Formatter.format(Ljava/lang/String;[Ljava/lang/Object;)Ljava/util/Formatter;+7 java.base@17.0.5
j  java.lang.String.format(Ljava/lang/String;[Ljava/lang/Object;)Ljava/lang/String;+9 java.base@17.0.5
j  org.apache.hc.core5.util.VersionInfo.getSoftwareInfo(Ljava/lang/String;Ljava/lang/String;Ljava/lang/Class;)Ljava/lang/String;+87
j  org.apache.hc.client5.http.impl.classic.HttpClientBuilder.build()Lorg/apache/hc/client5/http/impl/classic/CloseableHttpClient;+215
j  io.github.bonigarcia.wdm.online.HttpClient.<init>(Lio/github/bonigarcia/wdm/config/Config;)V+201
j  io.github.bonigarcia.wdm.WebDriverManager.setup()V+24
j  seleniumProject.FirstProgram.main([Ljava/lang/String;)V+3
v  ~StubRoutines::call_stub

---------------  P R O C E S S  ---------------

Threads class SMR info:
_java_thread_list=0x0000021134491120, length=12, elements={
0x00000211151cda90, 0x0000021133212a80, 0x0000021133215a40, 0x0000021133223bb0,
0x0000021133227490, 0x0000021133227e40, 0x00000211332287f0, 0x0000021133229580,
0x000002113329b850, 0x000002113329e260, 0x0000021133cbb350, 0x0000021133ccf250
}

Java Threads: ( => current thread )
=>0x00000211151cda90 JavaThread "main" [_thread_in_vm, id=4180, stack(0x000000bcd6100000,0x000000bcd6200000)]
  0x0000021133212a80 JavaThread "Reference Handler" daemon [_thread_blocked, id=19328, stack(0x000000bcd6800000,0x000000bcd6900000)]
  0x0000021133215a40 JavaThread "Finalizer" daemon [_thread_blocked, id=19232, stack(0x000000bcd6900000,0x000000bcd6a00000)]
  0x0000021133223bb0 JavaThread "Signal Dispatcher" daemon [_thread_blocked, id=20228, stack(0x000000bcd6a00000,0x000000bcd6b00000)]
  0x0000021133227490 JavaThread "Attach Listener" daemon [_thread_blocked, id=20236, stack(0x000000bcd6b00000,0x000000bcd6c00000)]
  0x0000021133227e40 JavaThread "Service Thread" daemon [_thread_blocked, id=18424, stack(0x000000bcd6c00000,0x000000bcd6d00000)]
  0x00000211332287f0 JavaThread "Monitor Deflation Thread" daemon [_thread_blocked, id=6892, stack(0x000000bcd6d00000,0x000000bcd6e00000)]
  0x0000021133229580 JavaThread "C2 CompilerThread0" daemon [_thread_blocked, id=15560, stack(0x000000bcd6e00000,0x000000bcd6f00000)]
  0x000002113329b850 JavaThread "C1 CompilerThread0" daemon [_thread_blocked, id=15720, stack(0x000000bcd6f00000,0x000000bcd7000000)]
  0x000002113329e260 JavaThread "Sweeper thread" daemon [_thread_blocked, id=4068, stack(0x000000bcd7000000,0x000000bcd7100000)]
  0x0000021133cbb350 JavaThread "Notification Thread" daemon [_thread_blocked, id=7380, stack(0x000000bcd7100000,0x000000bcd7200000)]
  0x0000021133ccf250 JavaThread "Common-Cleaner" daemon [_thread_blocked, id=20252, stack(0x000000bcd7300000,0x000000bcd7400000)]

Other Threads:
  0x000002113320d1c0 VMThread "VM Thread" [stack: 0x000000bcd6700000,0x000000bcd6800000] [id=20184]
  0x0000021115241910 WatcherThread [stack: 0x000000bcd7200000,0x000000bcd7300000] [id=20008]
  0x0000021115226f90 GCTaskThread "GC Thread#0" [stack: 0x000000bcd6200000,0x000000bcd6300000] [id=20120]
  0x0000021115237a10 ConcurrentGCThread "G1 Main Marker" [stack: 0x000000bcd6300000,0x000000bcd6400000] [id=20016]
  0x0000021115239fd0 ConcurrentGCThread "G1 Conc#0" [stack: 0x000000bcd6400000,0x000000bcd6500000] [id=20168]
  0x000002111529dae0 ConcurrentGCThread "G1 Refine#0" [stack: 0x000000bcd6500000,0x000000bcd6600000] [id=11728]
  0x000002111529e500 ConcurrentGCThread "G1 Service" [stack: 0x000000bcd6600000,0x000000bcd6700000] [id=16780]

Threads with active compile tasks:

VM state: not at safepoint (normal execution)

VM Mutex/Monitor currently owned by a thread:  ([mutex/lock_event])
[0x00000211151c61e0] Metaspace_lock - owner thread: 0x00000211151cda90

Heap address: 0x0000000082600000, size: 2010 MB, Compressed Oops mode: 32-bit

CDS archive(s) mapped at: [0x0000000800000000-0x0000000800bd0000-0x0000000800bd0000), size 12386304, SharedBaseAddress: 0x0000000800000000, ArchiveRelocationMode: 0.
Compressed class space mapped at: 0x0000000800c00000-0x0000000840c00000, reserved size: 1073741824
Narrow klass base: 0x0000000800000000, Narrow klass shift: 0, Narrow klass range: 0x100000000

GC Precious Log:
 CPUs: 8 total, 8 available
 Memory: 8039M
 Large Page Support: Disabled
 NUMA Support: Disabled
 Compressed Oops: Enabled (32-bit)
 Heap Region Size: 1M
 Heap Min Capacity: 8M
 Heap Initial Capacity: 126M
 Heap Max Capacity: 2010M
 Pre-touch: Disabled
 Parallel Workers: 8
 Concurrent Workers: 2
 Concurrent Refinement Workers: 8
 Periodic GC: Disabled

Heap:
 garbage-first heap   total 129024K, used 17408K [0x0000000082600000, 0x0000000100000000)
  region size 1024K, 19 young (19456K), 0 survivors (0K)
 Metaspace       used 5048K, committed 5184K, reserved 1056768K
  class space    used 523K, committed 576K, reserved 1048576K

Heap Regions: E=young(eden), S=young(survivor), O=old, HS=humongous(starts), HC=humongous(continues), CS=collection set, F=free, OA=open archive, CA=closed archive, TAMS=top-at-mark-start (previous, next)
|   0|0x0000000082600000, 0x0000000082600000, 0x0000000082700000|  0%| F|  |TAMS 0x0000000082600000, 0x0000000082600000| Untracked 
|   1|0x0000000082700000, 0x0000000082700000, 0x0000000082800000|  0%| F|  |TAMS 0x0000000082700000, 0x0000000082700000| Untracked 
|   2|0x0000000082800000, 0x0000000082800000, 0x0000000082900000|  0%| F|  |TAMS 0x0000000082800000, 0x0000000082800000| Untracked 
|   3|0x0000000082900000, 0x0000000082900000, 0x0000000082a00000|  0%| F|  |TAMS 0x0000000082900000, 0x0000000082900000| Untracked 
|   4|0x0000000082a00000, 0x0000000082a00000, 0x0000000082b00000|  0%| F|  |TAMS 0x0000000082a00000, 0x0000000082a00000| Untracked 
|   5|0x0000000082b00000, 0x0000000082b00000, 0x0000000082c00000|  0%| F|  |TAMS 0x0000000082b00000, 0x0000000082b00000| Untracked 
|   6|0x0000000082c00000, 0x0000000082c00000, 0x0000000082d00000|  0%| F|  |TAMS 0x0000000082c00000, 0x0000000082c00000| Untracked 
|   7|0x0000000082d00000, 0x0000000082d00000, 0x0000000082e00000|  0%| F|  |TAMS 0x0000000082d00000, 0x0000000082d00000| Untracked 
|   8|0x0000000082e00000, 0x0000000082e00000, 0x0000000082f00000|  0%| F|  |TAMS 0x0000000082e00000, 0x0000000082e00000| Untracked 
|   9|0x0000000082f00000, 0x0000000082f00000, 0x0000000083000000|  0%| F|  |TAMS 0x0000000082f00000, 0x0000000082f00000| Untracked 
|  10|0x0000000083000000, 0x0000000083000000, 0x0000000083100000|  0%| F|  |TAMS 0x0000000083000000, 0x0000000083000000| Untracked 
|  11|0x0000000083100000, 0x0000000083100000, 0x0000000083200000|  0%| F|  |TAMS 0x0000000083100000, 0x0000000083100000| Untracked 
|  12|0x0000000083200000, 0x0000000083200000, 0x0000000083300000|  0%| F|  |TAMS 0x0000000083200000, 0x0000000083200000| Untracked 
|  13|0x0000000083300000, 0x0000000083300000, 0x0000000083400000|  0%| F|  |TAMS 0x0000000083300000, 0x0000000083300000| Untracked 
|  14|0x0000000083400000, 0x0000000083400000, 0x0000000083500000|  0%| F|  |TAMS 0x0000000083400000, 0x0000000083400000| Untracked 
|  15|0x0000000083500000, 0x0000000083500000, 0x0000000083600000|  0%| F|  |TAMS 0x0000000083500000, 0x0000000083500000| Untracked 
|  16|0x0000000083600000, 0x0000000083600000, 0x0000000083700000|  0%| F|  |TAMS 0x0000000083600000, 0x0000000083600000| Untracked 
|  17|0x0000000083700000, 0x0000000083700000, 0x0000000083800000|  0%| F|  |TAMS 0x0000000083700000, 0x0000000083700000| Untracked 
|  18|0x0000000083800000, 0x0000000083800000, 0x0000000083900000|  0%| F|  |TAMS 0x0000000083800000, 0x0000000083800000| Untracked 
|  19|0x0000000083900000, 0x0000000083900000, 0x0000000083a00000|  0%| F|  |TAMS 0x0000000083900000, 0x0000000083900000| Untracked 
|  20|0x0000000083a00000, 0x0000000083a00000, 0x0000000083b00000|  0%| F|  |TAMS 0x0000000083a00000, 0x0000000083a00000| Untracked 
|  21|0x0000000083b00000, 0x0000000083b00000, 0x0000000083c00000|  0%| F|  |TAMS 0x0000000083b00000, 0x0000000083b00000| Untracked 
|  22|0x0000000083c00000, 0x0000000083c00000, 0x0000000083d00000|  0%| F|  |TAMS 0x0000000083c00000, 0x0000000083c00000| Untracked 
|  23|0x0000000083d00000, 0x0000000083d00000, 0x0000000083e00000|  0%| F|  |TAMS 0x0000000083d00000, 0x0000000083d00000| Untracked 
|  24|0x0000000083e00000, 0x0000000083e00000, 0x0000000083f00000|  0%| F|  |TAMS 0x0000000083e00000, 0x0000000083e00000| Untracked 
|  25|0x0000000083f00000, 0x0000000083f00000, 0x0000000084000000|  0%| F|  |TAMS 0x0000000083f00000, 0x0000000083f00000| Untracked 
|  26|0x0000000084000000, 0x0000000084000000, 0x0000000084100000|  0%| F|  |TAMS 0x0000000084000000, 0x0000000084000000| Untracked 
|  27|0x0000000084100000, 0x0000000084100000, 0x0000000084200000|  0%| F|  |TAMS 0x0000000084100000, 0x0000000084100000| Untracked 
|  28|0x0000000084200000, 0x0000000084200000, 0x0000000084300000|  0%| F|  |TAMS 0x0000000084200000, 0x0000000084200000| Untracked 
|  29|0x0000000084300000, 0x0000000084300000, 0x0000000084400000|  0%| F|  |TAMS 0x0000000084300000, 0x0000000084300000| Untracked 
|  30|0x0000000084400000, 0x0000000084400000, 0x0000000084500000|  0%| F|  |TAMS 0x0000000084400000, 0x0000000084400000| Untracked 
|  31|0x0000000084500000, 0x0000000084500000, 0x0000000084600000|  0%| F|  |TAMS 0x0000000084500000, 0x0000000084500000| Untracked 
|  32|0x0000000084600000, 0x0000000084600000, 0x0000000084700000|  0%| F|  |TAMS 0x0000000084600000, 0x0000000084600000| Untracked 
|  33|0x0000000084700000, 0x0000000084700000, 0x0000000084800000|  0%| F|  |TAMS 0x0000000084700000, 0x0000000084700000| Untracked 
|  34|0x0000000084800000, 0x0000000084800000, 0x0000000084900000|  0%| F|  |TAMS 0x0000000084800000, 0x0000000084800000| Untracked 
|  35|0x0000000084900000, 0x0000000084900000, 0x0000000084a00000|  0%| F|  |TAMS 0x0000000084900000, 0x0000000084900000| Untracked 
|  36|0x0000000084a00000, 0x0000000084a00000, 0x0000000084b00000|  0%| F|  |TAMS 0x0000000084a00000, 0x0000000084a00000| Untracked 
|  37|0x0000000084b00000, 0x0000000084b00000, 0x0000000084c00000|  0%| F|  |TAMS 0x0000000084b00000, 0x0000000084b00000| Untracked 
|  38|0x0000000084c00000, 0x0000000084c00000, 0x0000000084d00000|  0%| F|  |TAMS 0x0000000084c00000, 0x0000000084c00000| Untracked 
|  39|0x0000000084d00000, 0x0000000084d00000, 0x0000000084e00000|  0%| F|  |TAMS 0x0000000084d00000, 0x0000000084d00000| Untracked 
|  40|0x0000000084e00000, 0x0000000084e00000, 0x0000000084f00000|  0%| F|  |TAMS 0x0000000084e00000, 0x0000000084e00000| Untracked 
|  41|0x0000000084f00000, 0x0000000084f00000, 0x0000000085000000|  0%| F|  |TAMS 0x0000000084f00000, 0x0000000084f00000| Untracked 
|  42|0x0000000085000000, 0x0000000085000000, 0x0000000085100000|  0%| F|  |TAMS 0x0000000085000000, 0x0000000085000000| Untracked 
|  43|0x0000000085100000, 0x0000000085100000, 0x0000000085200000|  0%| F|  |TAMS 0x0000000085100000, 0x0000000085100000| Untracked 
|  44|0x0000000085200000, 0x0000000085200000, 0x0000000085300000|  0%| F|  |TAMS 0x0000000085200000, 0x0000000085200000| Untracked 
|  45|0x0000000085300000, 0x0000000085300000, 0x0000000085400000|  0%| F|  |TAMS 0x0000000085300000, 0x0000000085300000| Untracked 
|  46|0x0000000085400000, 0x0000000085400000, 0x0000000085500000|  0%| F|  |TAMS 0x0000000085400000, 0x0000000085400000| Untracked 
|  47|0x0000000085500000, 0x0000000085500000, 0x0000000085600000|  0%| F|  |TAMS 0x0000000085500000, 0x0000000085500000| Untracked 
|  48|0x0000000085600000, 0x0000000085600000, 0x0000000085700000|  0%| F|  |TAMS 0x0000000085600000, 0x0000000085600000| Untracked 
|  49|0x0000000085700000, 0x0000000085700000, 0x0000000085800000|  0%| F|  |TAMS 0x0000000085700000, 0x0000000085700000| Untracked 
|  50|0x0000000085800000, 0x0000000085800000, 0x0000000085900000|  0%| F|  |TAMS 0x0000000085800000, 0x0000000085800000| Untracked 
|  51|0x0000000085900000, 0x0000000085900000, 0x0000000085a00000|  0%| F|  |TAMS 0x0000000085900000, 0x0000000085900000| Untracked 
|  52|0x0000000085a00000, 0x0000000085a00000, 0x0000000085b00000|  0%| F|  |TAMS 0x0000000085a00000, 0x0000000085a00000| Untracked 
|  53|0x0000000085b00000, 0x0000000085b00000, 0x0000000085c00000|  0%| F|  |TAMS 0x0000000085b00000, 0x0000000085b00000| Untracked 
|  54|0x0000000085c00000, 0x0000000085c00000, 0x0000000085d00000|  0%| F|  |TAMS 0x0000000085c00000, 0x0000000085c00000| Untracked 
|  55|0x0000000085d00000, 0x0000000085d00000, 0x0000000085e00000|  0%| F|  |TAMS 0x0000000085d00000, 0x0000000085d00000| Untracked 
|  56|0x0000000085e00000, 0x0000000085e00000, 0x0000000085f00000|  0%| F|  |TAMS 0x0000000085e00000, 0x0000000085e00000| Untracked 
|  57|0x0000000085f00000, 0x0000000085f00000, 0x0000000086000000|  0%| F|  |TAMS 0x0000000085f00000, 0x0000000085f00000| Untracked 
|  58|0x0000000086000000, 0x0000000086000000, 0x0000000086100000|  0%| F|  |TAMS 0x0000000086000000, 0x0000000086000000| Untracked 
|  59|0x0000000086100000, 0x0000000086100000, 0x0000000086200000|  0%| F|  |TAMS 0x0000000086100000, 0x0000000086100000| Untracked 
|  60|0x0000000086200000, 0x0000000086200000, 0x0000000086300000|  0%| F|  |TAMS 0x0000000086200000, 0x0000000086200000| Untracked 
|  61|0x0000000086300000, 0x0000000086300000, 0x0000000086400000|  0%| F|  |TAMS 0x0000000086300000, 0x0000000086300000| Untracked 
|  62|0x0000000086400000, 0x0000000086400000, 0x0000000086500000|  0%| F|  |TAMS 0x0000000086400000, 0x0000000086400000| Untracked 
|  63|0x0000000086500000, 0x0000000086500000, 0x0000000086600000|  0%| F|  |TAMS 0x0000000086500000, 0x0000000086500000| Untracked 
|  64|0x0000000086600000, 0x0000000086600000, 0x0000000086700000|  0%| F|  |TAMS 0x0000000086600000, 0x0000000086600000| Untracked 
|  65|0x0000000086700000, 0x0000000086700000, 0x0000000086800000|  0%| F|  |TAMS 0x0000000086700000, 0x0000000086700000| Untracked 
|  66|0x0000000086800000, 0x0000000086800000, 0x0000000086900000|  0%| F|  |TAMS 0x0000000086800000, 0x0000000086800000| Untracked 
|  67|0x0000000086900000, 0x0000000086900000, 0x0000000086a00000|  0%| F|  |TAMS 0x0000000086900000, 0x0000000086900000| Untracked 
|  68|0x0000000086a00000, 0x0000000086a00000, 0x0000000086b00000|  0%| F|  |TAMS 0x0000000086a00000, 0x0000000086a00000| Untracked 
|  69|0x0000000086b00000, 0x0000000086b00000, 0x0000000086c00000|  0%| F|  |TAMS 0x0000000086b00000, 0x0000000086b00000| Untracked 
|  70|0x0000000086c00000, 0x0000000086c00000, 0x0000000086d00000|  0%| F|  |TAMS 0x0000000086c00000, 0x0000000086c00000| Untracked 
|  71|0x0000000086d00000, 0x0000000086d00000, 0x0000000086e00000|  0%| F|  |TAMS 0x0000000086d00000, 0x0000000086d00000| Untracked 
|  72|0x0000000086e00000, 0x0000000086e00000, 0x0000000086f00000|  0%| F|  |TAMS 0x0000000086e00000, 0x0000000086e00000| Untracked 
|  73|0x0000000086f00000, 0x0000000086f00000, 0x0000000087000000|  0%| F|  |TAMS 0x0000000086f00000, 0x0000000086f00000| Untracked 
|  74|0x0000000087000000, 0x0000000087000000, 0x0000000087100000|  0%| F|  |TAMS 0x0000000087000000, 0x0000000087000000| Untracked 
|  75|0x0000000087100000, 0x0000000087100000, 0x0000000087200000|  0%| F|  |TAMS 0x0000000087100000, 0x0000000087100000| Untracked 
|  76|0x0000000087200000, 0x0000000087200000, 0x0000000087300000|  0%| F|  |TAMS 0x0000000087200000, 0x0000000087200000| Untracked 
|  77|0x0000000087300000, 0x0000000087300000, 0x0000000087400000|  0%| F|  |TAMS 0x0000000087300000, 0x0000000087300000| Untracked 
|  78|0x0000000087400000, 0x0000000087400000, 0x0000000087500000|  0%| F|  |TAMS 0x0000000087400000, 0x0000000087400000| Untracked 
|  79|0x0000000087500000, 0x0000000087500000, 0x0000000087600000|  0%| F|  |TAMS 0x0000000087500000, 0x0000000087500000| Untracked 
|  80|0x0000000087600000, 0x0000000087600000, 0x0000000087700000|  0%| F|  |TAMS 0x0000000087600000, 0x0000000087600000| Untracked 
|  81|0x0000000087700000, 0x0000000087700000, 0x0000000087800000|  0%| F|  |TAMS 0x0000000087700000, 0x0000000087700000| Untracked 
|  82|0x0000000087800000, 0x0000000087800000, 0x0000000087900000|  0%| F|  |TAMS 0x0000000087800000, 0x0000000087800000| Untracked 
|  83|0x0000000087900000, 0x0000000087900000, 0x0000000087a00000|  0%| F|  |TAMS 0x0000000087900000, 0x0000000087900000| Untracked 
|  84|0x0000000087a00000, 0x0000000087a00000, 0x0000000087b00000|  0%| F|  |TAMS 0x0000000087a00000, 0x0000000087a00000| Untracked 
|  85|0x0000000087b00000, 0x0000000087b00000, 0x0000000087c00000|  0%| F|  |TAMS 0x0000000087b00000, 0x0000000087b00000| Untracked 
|  86|0x0000000087c00000, 0x0000000087c00000, 0x0000000087d00000|  0%| F|  |TAMS 0x0000000087c00000, 0x0000000087c00000| Untracked 
|  87|0x0000000087d00000, 0x0000000087d00000, 0x0000000087e00000|  0%| F|  |TAMS 0x0000000087d00000, 0x0000000087d00000| Untracked 
|  88|0x0000000087e00000, 0x0000000087e00000, 0x0000000087f00000|  0%| F|  |TAMS 0x0000000087e00000, 0x0000000087e00000| Untracked 
|  89|0x0000000087f00000, 0x0000000087f00000, 0x0000000088000000|  0%| F|  |TAMS 0x0000000087f00000, 0x0000000087f00000| Untracked 
|  90|0x0000000088000000, 0x0000000088000000, 0x0000000088100000|  0%| F|  |TAMS 0x0000000088000000, 0x0000000088000000| Untracked 
|  91|0x0000000088100000, 0x0000000088100000, 0x0000000088200000|  0%| F|  |TAMS 0x0000000088100000, 0x0000000088100000| Untracked 
|  92|0x0000000088200000, 0x0000000088200000, 0x0000000088300000|  0%| F|  |TAMS 0x0000000088200000, 0x0000000088200000| Untracked 
|  93|0x0000000088300000, 0x0000000088300000, 0x0000000088400000|  0%| F|  |TAMS 0x0000000088300000, 0x0000000088300000| Untracked 
|  94|0x0000000088400000, 0x0000000088400000, 0x0000000088500000|  0%| F|  |TAMS 0x0000000088400000, 0x0000000088400000| Untracked 
|  95|0x0000000088500000, 0x0000000088500000, 0x0000000088600000|  0%| F|  |TAMS 0x0000000088500000, 0x0000000088500000| Untracked 
|  96|0x0000000088600000, 0x0000000088600000, 0x0000000088700000|  0%| F|  |TAMS 0x0000000088600000, 0x0000000088600000| Untracked 
|  97|0x0000000088700000, 0x0000000088700000, 0x0000000088800000|  0%| F|  |TAMS 0x0000000088700000, 0x0000000088700000| Untracked 
|  98|0x0000000088800000, 0x0000000088800000, 0x0000000088900000|  0%| F|  |TAMS 0x0000000088800000, 0x0000000088800000| Untracked 
|  99|0x0000000088900000, 0x0000000088900000, 0x0000000088a00000|  0%| F|  |TAMS 0x0000000088900000, 0x0000000088900000| Untracked 
| 100|0x0000000088a00000, 0x0000000088a00000, 0x0000000088b00000|  0%| F|  |TAMS 0x0000000088a00000, 0x0000000088a00000| Untracked 
| 101|0x0000000088b00000, 0x0000000088b00000, 0x0000000088c00000|  0%| F|  |TAMS 0x0000000088b00000, 0x0000000088b00000| Untracked 
| 102|0x0000000088c00000, 0x0000000088c00000, 0x0000000088d00000|  0%| F|  |TAMS 0x0000000088c00000, 0x0000000088c00000| Untracked 
| 103|0x0000000088d00000, 0x0000000088d00000, 0x0000000088e00000|  0%| F|  |TAMS 0x0000000088d00000, 0x0000000088d00000| Untracked 
| 104|0x0000000088e00000, 0x0000000088e00000, 0x0000000088f00000|  0%| F|  |TAMS 0x0000000088e00000, 0x0000000088e00000| Untracked 
| 105|0x0000000088f00000, 0x0000000088f00000, 0x0000000089000000|  0%| F|  |TAMS 0x0000000088f00000, 0x0000000088f00000| Untracked 
| 106|0x0000000089000000, 0x0000000089000000, 0x0000000089100000|  0%| F|  |TAMS 0x0000000089000000, 0x0000000089000000| Untracked 
| 107|0x0000000089100000, 0x0000000089176488, 0x0000000089200000| 46%| E|  |TAMS 0x0000000089100000, 0x0000000089100000| Complete 
| 108|0x0000000089200000, 0x0000000089300000, 0x0000000089300000|100%| E|CS|TAMS 0x0000000089200000, 0x0000000089200000| Complete 
| 109|0x0000000089300000, 0x0000000089400000, 0x0000000089400000|100%| E|CS|TAMS 0x0000000089300000, 0x0000000089300000| Complete 
| 110|0x0000000089400000, 0x0000000089500000, 0x0000000089500000|100%| E|CS|TAMS 0x0000000089400000, 0x0000000089400000| Complete 
| 111|0x0000000089500000, 0x0000000089600000, 0x0000000089600000|100%| E|CS|TAMS 0x0000000089500000, 0x0000000089500000| Complete 
| 112|0x0000000089600000, 0x0000000089700000, 0x0000000089700000|100%| E|CS|TAMS 0x0000000089600000, 0x0000000089600000| Complete 
| 113|0x0000000089700000, 0x0000000089800000, 0x0000000089800000|100%| E|CS|TAMS 0x0000000089700000, 0x0000000089700000| Complete 
| 114|0x0000000089800000, 0x0000000089900000, 0x0000000089900000|100%| E|CS|TAMS 0x0000000089800000, 0x0000000089800000| Complete 
| 115|0x0000000089900000, 0x0000000089a00000, 0x0000000089a00000|100%| E|CS|TAMS 0x0000000089900000, 0x0000000089900000| Complete 
| 116|0x0000000089a00000, 0x0000000089b00000, 0x0000000089b00000|100%| E|CS|TAMS 0x0000000089a00000, 0x0000000089a00000| Complete 
| 117|0x0000000089b00000, 0x0000000089c00000, 0x0000000089c00000|100%| E|CS|TAMS 0x0000000089b00000, 0x0000000089b00000| Complete 
| 118|0x0000000089c00000, 0x0000000089d00000, 0x0000000089d00000|100%| E|CS|TAMS 0x0000000089c00000, 0x0000000089c00000| Complete 
| 119|0x0000000089d00000, 0x0000000089e00000, 0x0000000089e00000|100%| E|CS|TAMS 0x0000000089d00000, 0x0000000089d00000| Complete 
| 120|0x0000000089e00000, 0x0000000089f00000, 0x0000000089f00000|100%| E|CS|TAMS 0x0000000089e00000, 0x0000000089e00000| Complete 
| 121|0x0000000089f00000, 0x000000008a000000, 0x000000008a000000|100%| E|  |TAMS 0x0000000089f00000, 0x0000000089f00000| Complete 
| 122|0x000000008a000000, 0x000000008a100000, 0x000000008a100000|100%| E|CS|TAMS 0x000000008a000000, 0x000000008a000000| Complete 
| 123|0x000000008a100000, 0x000000008a200000, 0x000000008a200000|100%| E|CS|TAMS 0x000000008a100000, 0x000000008a100000| Complete 
| 124|0x000000008a200000, 0x000000008a300000, 0x000000008a300000|100%| E|CS|TAMS 0x000000008a200000, 0x000000008a200000| Complete 
| 125|0x000000008a300000, 0x000000008a400000, 0x000000008a400000|100%| E|CS|TAMS 0x000000008a300000, 0x000000008a300000| Complete 

Card table byte_map: [0x000002112c160000,0x000002112c550000] _byte_map_base: 0x000002112bd4d000

Marking Bits (Prev, Next): (CMBitMap*) 0x00000211152275a0, (CMBitMap*) 0x00000211152275e0
 Prev Bits: [0x000002112c940000, 0x000002112e8a8000)
 Next Bits: [0x000002112e8b0000, 0x0000021130818000)

Polling page: 0x0000021113370000

Metaspace:

Usage:
  Non-class:      4.42 MB used.
      Class:    523.23 KB used.
       Both:      4.93 MB used.

Virtual space:
  Non-class space:        8.00 MB reserved,       4.50 MB ( 56%) committed,  1 nodes.
      Class space:        1.00 GB reserved,     576.00 KB ( <1%) committed,  1 nodes.
             Both:        1.01 GB reserved,       5.06 MB ( <1%) committed. 

Chunk freelists:
   Non-Class:  3.14 MB
       Class:  3.22 MB
        Both:  6.36 MB

MaxMetaspaceSize: unlimited
CompressedClassSpaceSize: 1.00 GB
Initial GC threshold: 21.00 MB
Current GC threshold: 21.00 MB
CDS: on
MetaspaceReclaimPolicy: balanced
 - commit_granule_bytes: 65536.
 - commit_granule_words: 8192.
 - virtual_space_node_default_size: 1048576.
 - enlarge_chunks_in_place: 1.
 - new_chunks_are_fully_committed: 0.
 - uncommit_free_chunks: 1.
 - use_allocation_guard: 0.
 - handle_deallocations: 1.


Internal statistics:

num_allocs_failed_limit: 0.
num_arena_births: 40.
num_arena_deaths: 0.
num_vsnodes_births: 2.
num_vsnodes_deaths: 0.
num_space_committed: 81.
num_space_uncommitted: 0.
num_chunks_returned_to_freelist: 0.
num_chunks_taken_from_freelist: 111.
num_chunk_merges: 0.
num_chunk_splits: 64.
num_chunks_enlarged: 30.
num_purges: 0.
num_inconsistent_stats: 0.

CodeHeap 'non-profiled nmethods': size=120000Kb used=351Kb max_used=351Kb free=119648Kb
 bounds [0x0000021124510000, 0x0000021124780000, 0x000002112ba40000]
CodeHeap 'profiled nmethods': size=120000Kb used=1908Kb max_used=1908Kb free=118092Kb
 bounds [0x000002111cfe0000, 0x000002111d250000, 0x0000021124510000]
CodeHeap 'non-nmethods': size=5760Kb used=1148Kb max_used=1167Kb free=4611Kb
 bounds [0x000002111ca40000, 0x000002111ccb0000, 0x000002111cfe0000]
 total_blobs=1474 nmethods=1035 adapters=352
 compilation: enabled
              stopped_count=0, restarted_count=0
 full_count=0

Compilation events (20 events):
Event: 3.789 Thread 0x000002113329b850 1019       3       sun.net.www.protocol.jar.Handler::checkNestedProtocol (18 bytes)
Event: 3.789 Thread 0x000002113329b850 nmethod 1019 0x000002111d1b2b90 code [0x000002111d1b2d40, 0x000002111d1b2f28]
Event: 3.789 Thread 0x000002113329b850 1020   !   3       java.util.concurrent.ConcurrentHashMap::computeIfAbsent (576 bytes)
Event: 3.793 Thread 0x000002113329b850 nmethod 1020 0x000002111d1b3010 code [0x000002111d1b3420, 0x000002111d1b57f8]
Event: 3.797 Thread 0x000002113329b850 1021       3       java.util.concurrent.ConcurrentHashMap$ValueIterator::next (34 bytes)
Event: 3.798 Thread 0x000002113329b850 nmethod 1021 0x000002111d1b6890 code [0x000002111d1b6a40, 0x000002111d1b6c98]
Event: 3.798 Thread 0x000002113329b850 1022       3       jdk.internal.jimage.ImageLocation::verifyName (161 bytes)
Event: 3.798 Thread 0x0000021133229580 1026       4       jdk.internal.jimage.ImageStringsReader::unmaskedHashCode (166 bytes)
Event: 3.800 Thread 0x000002113329b850 nmethod 1022 0x000002111d1b6d90 code [0x000002111d1b70c0, 0x000002111d1b86b8]
Event: 3.800 Thread 0x000002113329b850 1023       3       jdk.internal.loader.BuiltinClassLoader::moduleReaderFor (45 bytes)
Event: 3.801 Thread 0x000002113329b850 nmethod 1023 0x000002111d1b9010 code [0x000002111d1b9200, 0x000002111d1b98f8]
Event: 3.801 Thread 0x000002113329b850 1024       3       jdk.internal.jimage.BasicImageReader::getLocationIndex (52 bytes)
Event: 3.801 Thread 0x000002113329b850 nmethod 1024 0x000002111d1b9a90 code [0x000002111d1b9c80, 0x000002111d1ba118]
Event: 3.801 Thread 0x000002113329b850 1025       3       jdk.internal.jimage.ImageStringsReader::hashCode (8 bytes)
Event: 3.801 Thread 0x000002113329b850 nmethod 1025 0x000002111d1ba390 code [0x000002111d1ba540, 0x000002111d1ba6f8]
Event: 3.802 Thread 0x000002113329b850 1032       3       sun.invoke.util.Wrapper::forPrimitiveType (49 bytes)
Event: 3.802 Thread 0x0000021133229580 nmethod 1026 0x0000021124567010 code [0x00000211245671a0, 0x0000021124567388]
Event: 3.802 Thread 0x0000021133229580 1027       4       java.nio.Buffer::scope (17 bytes)
Event: 3.803 Thread 0x0000021133229580 nmethod 1027 0x0000021124567590 code [0x0000021124567700, 0x0000021124567798]
Event: 3.803 Thread 0x0000021133229580 1034       4       java.lang.StringBuilder::<init> (7 bytes)

GC Heap History (0 events):
No events

Deoptimization events (20 events):
Event: 2.437 Thread 0x00000211151cda90 DEOPT PACKING pc=0x000002112453ca20 sp=0x000000bcd61fd9d0
Event: 2.437 Thread 0x00000211151cda90 DEOPT UNPACKING pc=0x000002111ca923a3 sp=0x000000bcd61fd930 mode 2
Event: 2.509 Thread 0x00000211151cda90 DEOPT PACKING pc=0x000002111d080f65 sp=0x000000bcd61fdfe0
Event: 2.509 Thread 0x00000211151cda90 DEOPT UNPACKING pc=0x000002111ca92b43 sp=0x000000bcd61fd430 mode 0
Event: 3.434 Thread 0x00000211151cda90 DEOPT PACKING pc=0x000002111d080f65 sp=0x000000bcd61fe140
Event: 3.434 Thread 0x00000211151cda90 DEOPT UNPACKING pc=0x000002111ca92b43 sp=0x000000bcd61fd590 mode 0
Event: 3.523 Thread 0x00000211151cda90 DEOPT PACKING pc=0x000002111d080f65 sp=0x000000bcd61faac0
Event: 3.523 Thread 0x00000211151cda90 DEOPT UNPACKING pc=0x000002111ca92b43 sp=0x000000bcd61f9f10 mode 0
Event: 3.533 Thread 0x00000211151cda90 DEOPT PACKING pc=0x000002111d080f65 sp=0x000000bcd61fab80
Event: 3.533 Thread 0x00000211151cda90 DEOPT UNPACKING pc=0x000002111ca92b43 sp=0x000000bcd61f9fd0 mode 0
Event: 3.544 Thread 0x00000211151cda90 DEOPT PACKING pc=0x000002111d080f65 sp=0x000000bcd61fa590
Event: 3.544 Thread 0x00000211151cda90 DEOPT UNPACKING pc=0x000002111ca92b43 sp=0x000000bcd61f99e0 mode 0
Event: 3.601 Thread 0x00000211151cda90 DEOPT PACKING pc=0x000002111d080f65 sp=0x000000bcd61fa160
Event: 3.601 Thread 0x00000211151cda90 DEOPT UNPACKING pc=0x000002111ca92b43 sp=0x000000bcd61f95b0 mode 0
Event: 3.601 Thread 0x00000211151cda90 DEOPT PACKING pc=0x000002111cfff1be sp=0x000000bcd61f89f0
Event: 3.602 Thread 0x00000211151cda90 DEOPT UNPACKING pc=0x000002111ca92b43 sp=0x000000bcd61f7e68 mode 0
Event: 3.611 Thread 0x00000211151cda90 DEOPT PACKING pc=0x000002111d080f65 sp=0x000000bcd61f92e0
Event: 3.611 Thread 0x00000211151cda90 DEOPT UNPACKING pc=0x000002111ca92b43 sp=0x000000bcd61f8730 mode 0
Event: 3.620 Thread 0x00000211151cda90 DEOPT PACKING pc=0x000002111d080f65 sp=0x000000bcd61f84a0
Event: 3.620 Thread 0x00000211151cda90 DEOPT UNPACKING pc=0x000002111ca92b43 sp=0x000000bcd61f78f0 mode 0

Classes unloaded (0 events):
No events

Classes redefined (0 events):
No events

Internal exceptions (10 events):
Event: 1.845 Thread 0x00000211151cda90 Exception <a 'java/lang/NoSuchMethodError'{0x0000000089b399d0}: 'int java.lang.invoke.DirectMethodHandle$Holder.invokeSpecial(java.lang.Object, java.lang.Object, java.lang.Object)'> (0x0000000089b399d0) 
thrown [s\open\src\hotspot\share\interpreter\linkResolver.cpp, line 759]
Event: 2.680 Thread 0x00000211151cda90 Exception <a 'sun/nio/fs/WindowsException'{0x00000000895e2720}> (0x00000000895e2720) 
thrown [s\open\src\hotspot\share\prims\jni.cpp, line 516]
Event: 2.738 Thread 0x00000211151cda90 Exception <a 'java/lang/NoSuchMethodError'{0x000000008940e1a0}: 'int java.lang.invoke.DirectMethodHandle$Holder.invokeStaticInit(java.lang.Object, java.lang.Object, java.lang.Object, java.lang.Object)'> (0x000000008940e1a0) 
thrown [s\open\src\hotspot\share\interpreter\linkResolver.cpp, line 759]
Event: 2.741 Thread 0x00000211151cda90 Exception <a 'java/lang/NoSuchMethodError'{0x0000000089417b60}: 'java.lang.Object java.lang.invoke.DirectMethodHandle$Holder.invokeInterface(java.lang.Object, java.lang.Object)'> (0x0000000089417b60) 
thrown [s\open\src\hotspot\share\interpreter\linkResolver.cpp, line 759]
Event: 2.742 Thread 0x00000211151cda90 Exception <a 'java/lang/IncompatibleClassChangeError'{0x000000008941b480}: Found class java.lang.Object, but interface was expected> (0x000000008941b480) 
thrown [s\open\src\hotspot\share\interpreter\linkResolver.cpp, line 826]
Event: 2.743 Thread 0x00000211151cda90 Exception <a 'java/lang/NoSuchMethodError'{0x000000008941e7b0}: 'void java.lang.invoke.DirectMethodHandle$Holder.invokeStatic(java.lang.Object, java.lang.Object)'> (0x000000008941e7b0) 
thrown [s\open\src\hotspot\share\interpreter\linkResolver.cpp, line 759]
Event: 2.744 Thread 0x00000211151cda90 Exception <a 'java/lang/NoSuchMethodError'{0x00000000894220c8}: 'void java.lang.invoke.DirectMethodHandle$Holder.invokeStaticInit(java.lang.Object, java.lang.Object)'> (0x00000000894220c8) 
thrown [s\open\src\hotspot\share\interpreter\linkResolver.cpp, line 759]
Event: 2.746 Thread 0x00000211151cda90 Exception <a 'java/lang/NoSuchMethodError'{0x0000000089428688}: 'int java.lang.invoke.DirectMethodHandle$Holder.invokeStaticInit(java.lang.Object, java.lang.Object)'> (0x0000000089428688) 
thrown [s\open\src\hotspot\share\interpreter\linkResolver.cpp, line 759]
Event: 2.881 Thread 0x00000211151cda90 Exception <a 'java/lang/NoSuchMethodError'{0x00000000894e8e98}: 'java.lang.Object java.lang.invoke.DirectMethodHandle$Holder.invokeStaticInit(java.lang.Object, int, int, int, int)'> (0x00000000894e8e98) 
thrown [s\open\src\hotspot\share\interpreter\linkResolver.cpp, line 759]
Event: 3.400 Thread 0x00000211151cda90 Exception <a 'java/lang/NoSuchMethodError'{0x00000000893426a8}: 'java.lang.Object java.lang.invoke.DirectMethodHandle$Holder.invokeStaticInit(java.lang.Object, java.lang.Object, int, int, int, int)'> (0x00000000893426a8) 
thrown [s\open\src\hotspot\share\interpreter\linkResolver.cpp, line 759]

VM Operations (18 events):
Event: 0.326 Executing VM operation: HandshakeAllThreads
Event: 0.326 Executing VM operation: HandshakeAllThreads done
Event: 1.339 Executing VM operation: Cleanup
Event: 1.554 Executing VM operation: Cleanup done
Event: 1.778 Executing VM operation: HandshakeAllThreads
Event: 1.778 Executing VM operation: HandshakeAllThreads done
Event: 1.812 Executing VM operation: HandshakeAllThreads
Event: 1.812 Executing VM operation: HandshakeAllThreads done
Event: 2.111 Executing VM operation: HandshakeAllThreads
Event: 2.111 Executing VM operation: HandshakeAllThreads done
Event: 2.117 Executing VM operation: HandshakeAllThreads
Event: 2.117 Executing VM operation: HandshakeAllThreads done
Event: 2.218 Executing VM operation: HandshakeAllThreads
Event: 2.218 Executing VM operation: HandshakeAllThreads done
Event: 2.933 Executing VM operation: HandshakeAllThreads
Event: 2.934 Executing VM operation: HandshakeAllThreads done
Event: 2.934 Executing VM operation: Cleanup
Event: 2.934 Executing VM operation: Cleanup done

Events (20 events):
Event: 3.431 loading class javax/net/ssl/SSLPeerUnverifiedException done
Event: 3.523 Thread 0x0000021134525670 Thread added: 0x0000021134525670
Event: 3.540 loading class java/lang/InterruptedException
Event: 3.541 loading class java/lang/InterruptedException done
Event: 3.544 loading class java/util/concurrent/TimeoutException
Event: 3.545 loading class java/util/concurrent/TimeoutException done
Event: 3.546 loading class java/util/concurrent/ConcurrentLinkedQueue
Event: 3.546 loading class java/util/concurrent/ConcurrentLinkedQueue done
Event: 3.546 loading class java/util/concurrent/ConcurrentLinkedQueue$Node
Event: 3.547 loading class java/util/concurrent/ConcurrentLinkedQueue$Node done
Event: 3.547 loading class java/util/concurrent/atomic/AtomicBoolean
Event: 3.547 loading class java/util/concurrent/atomic/AtomicBoolean done
Event: 3.632 loading class java/util/BitSet
Event: 3.632 loading class java/util/BitSet done
Event: 3.739 Thread 0x0000021134525670 Thread exited: 0x0000021134525670
Event: 3.750 loading class java/util/zip/GZIPInputStream
Event: 3.750 loading class java/util/zip/GZIPInputStream done
Event: 3.799 loading class jdk/internal/misc/ScopedMemoryAccess$Scope
Event: 3.799 loading class jdk/internal/misc/ScopedMemoryAccess$Scope done
Event: 3.803 loading class java/util/Formatter$FixedString


Dynamic libraries:
0x00007ff7d6570000 - 0x00007ff7d6580000 	C:\Program Files\Java\jdk-17.0.5\bin\javaw.exe
0x00007ffb65330000 - 0x00007ffb65528000 	C:\WINDOWS\SYSTEM32\ntdll.dll
0x00007ffb63fa0000 - 0x00007ffb6405f000 	C:\WINDOWS\System32\KERNEL32.DLL
0x00007ffb62d50000 - 0x00007ffb63022000 	C:\WINDOWS\System32\KERNELBASE.dll
0x00007ffb62ac0000 - 0x00007ffb62bc0000 	C:\WINDOWS\System32\ucrtbase.dll
0x00007ffb4d540000 - 0x00007ffb4d55a000 	C:\Program Files\Java\jdk-17.0.5\bin\VCRUNTIME140.dll
0x00007ffb5df20000 - 0x00007ffb5df38000 	C:\Program Files\Java\jdk-17.0.5\bin\jli.dll
0x00007ffb63980000 - 0x00007ffb63a2e000 	C:\WINDOWS\System32\ADVAPI32.dll
0x00007ffb63530000 - 0x00007ffb635ce000 	C:\WINDOWS\System32\msvcrt.dll
0x00007ffb64920000 - 0x00007ffb649bc000 	C:\WINDOWS\System32\sechost.dll
0x00007ffb647f0000 - 0x00007ffb64915000 	C:\WINDOWS\System32\RPCRT4.dll
0x00007ffb65140000 - 0x00007ffb652e1000 	C:\WINDOWS\System32\USER32.dll
0x00007ffb62d20000 - 0x00007ffb62d42000 	C:\WINDOWS\System32\win32u.dll
0x00007ffb4a1d0000 - 0x00007ffb4a46a000 	C:\WINDOWS\WinSxS\amd64_microsoft.windows.common-controls_6595b64144ccf1df_6.0.19041.1110_none_60b5254171f9507e\COMCTL32.dll
0x00007ffb65110000 - 0x00007ffb6513b000 	C:\WINDOWS\System32\GDI32.dll
0x00007ffb62c10000 - 0x00007ffb62d1f000 	C:\WINDOWS\System32\gdi32full.dll
0x00007ffb62a20000 - 0x00007ffb62abd000 	C:\WINDOWS\System32\msvcp_win.dll
0x00007ffb5a2d0000 - 0x00007ffb5a2da000 	C:\WINDOWS\SYSTEM32\VERSION.dll
0x00007ffb64690000 - 0x00007ffb646c2000 	C:\WINDOWS\System32\IMM32.DLL
0x00007ffb5df10000 - 0x00007ffb5df1c000 	C:\Program Files\Java\jdk-17.0.5\bin\vcruntime140_1.dll
0x00007ffb2ad00000 - 0x00007ffb2ad8d000 	C:\Program Files\Java\jdk-17.0.5\bin\msvcp140.dll
0x00007ffb12770000 - 0x00007ffb13332000 	C:\Program Files\Java\jdk-17.0.5\bin\server\jvm.dll
0x00007ffb63690000 - 0x00007ffb63698000 	C:\WINDOWS\System32\PSAPI.DLL
0x00007ffb4fa20000 - 0x00007ffb4fa47000 	C:\WINDOWS\SYSTEM32\WINMM.dll
0x00007ffb4d300000 - 0x00007ffb4d309000 	C:\WINDOWS\SYSTEM32\WSOCK32.dll
0x00007ffb646d0000 - 0x00007ffb6473b000 	C:\WINDOWS\System32\WS2_32.dll
0x00007ffb61270000 - 0x00007ffb61282000 	C:\WINDOWS\SYSTEM32\kernel.appcore.dll
0x00007ffb5df80000 - 0x00007ffb5df8a000 	C:\Program Files\Java\jdk-17.0.5\bin\jimage.dll
0x00007ffb60dc0000 - 0x00007ffb60fa4000 	C:\WINDOWS\SYSTEM32\DBGHELP.DLL
0x00007ffb4d1f0000 - 0x00007ffb4d225000 	C:\WINDOWS\SYSTEM32\dbgcore.DLL
0x00007ffb630e0000 - 0x00007ffb63162000 	C:\WINDOWS\System32\bcryptPrimitives.dll
0x00007ffb36d00000 - 0x00007ffb36d25000 	C:\Program Files\Java\jdk-17.0.5\bin\java.dll
0x00007ffb2ac20000 - 0x00007ffb2acf6000 	C:\Program Files\Java\jdk-17.0.5\bin\jsvml.dll
0x00007ffb649c0000 - 0x00007ffb65104000 	C:\WINDOWS\System32\SHELL32.dll
0x00007ffb60620000 - 0x00007ffb60db2000 	C:\WINDOWS\SYSTEM32\windows.storage.dll
0x00007ffb63c40000 - 0x00007ffb63f95000 	C:\WINDOWS\System32\combase.dll
0x00007ffb623a0000 - 0x00007ffb623d0000 	C:\WINDOWS\SYSTEM32\Wldp.dll
0x00007ffb636a0000 - 0x00007ffb6374d000 	C:\WINDOWS\System32\SHCORE.dll
0x00007ffb63630000 - 0x00007ffb63685000 	C:\WINDOWS\System32\shlwapi.dll
0x00007ffb62960000 - 0x00007ffb6297f000 	C:\WINDOWS\SYSTEM32\profapi.dll
0x00007ffb5df70000 - 0x00007ffb5df80000 	C:\Program Files\Java\jdk-17.0.5\bin\verify.dll
0x00007ffb36ce0000 - 0x00007ffb36cf9000 	C:\Program Files\Java\jdk-17.0.5\bin\net.dll
0x00007ffb59770000 - 0x00007ffb5987c000 	C:\WINDOWS\SYSTEM32\WINHTTP.dll
0x00007ffb62100000 - 0x00007ffb6216a000 	C:\WINDOWS\system32\mswsock.dll
0x00007ffb36260000 - 0x00007ffb36276000 	C:\Program Files\Java\jdk-17.0.5\bin\nio.dll
0x00007ffb36240000 - 0x00007ffb36258000 	C:\Program Files\Java\jdk-17.0.5\bin\zip.dll
0x00007ffb44570000 - 0x00007ffb4457e000 	C:\Program Files\Java\jdk-17.0.5\bin\sunmscapi.dll
0x00007ffb63170000 - 0x00007ffb632c6000 	C:\WINDOWS\System32\CRYPT32.dll
0x00007ffb62410000 - 0x00007ffb62437000 	C:\WINDOWS\SYSTEM32\ncrypt.dll
0x00007ffb623d0000 - 0x00007ffb6240b000 	C:\WINDOWS\SYSTEM32\NTASN1.dll
0x00007ffb62300000 - 0x00007ffb62318000 	C:\WINDOWS\SYSTEM32\CRYPTSP.dll
0x00007ffb61a20000 - 0x00007ffb61a54000 	C:\WINDOWS\system32\rsaenh.dll
0x00007ffb63340000 - 0x00007ffb63367000 	C:\WINDOWS\System32\bcrypt.dll
0x00007ffb628e0000 - 0x00007ffb6290e000 	C:\WINDOWS\SYSTEM32\USERENV.dll
0x00007ffb622f0000 - 0x00007ffb622fc000 	C:\WINDOWS\SYSTEM32\CRYPTBASE.dll
0x00007ffb61df0000 - 0x00007ffb61e2b000 	C:\WINDOWS\SYSTEM32\IPHLPAPI.DLL
0x00007ffb645b0000 - 0x00007ffb645b8000 	C:\WINDOWS\System32\NSI.dll
0x00007ffb5a410000 - 0x00007ffb5a427000 	C:\WINDOWS\SYSTEM32\dhcpcsvc6.DLL
0x00007ffb5a3f0000 - 0x00007ffb5a40d000 	C:\WINDOWS\SYSTEM32\dhcpcsvc.DLL
0x00007ffb61e30000 - 0x00007ffb61efa000 	C:\WINDOWS\SYSTEM32\DNSAPI.dll

dbghelp: loaded successfully - version: 4.0.5 - missing functions: none
symbol engine: initialized successfully - sym options: 0x614 - pdb path: .;C:\Program Files\Java\jdk-17.0.5\bin;C:\WINDOWS\SYSTEM32;C:\WINDOWS\WinSxS\amd64_microsoft.windows.common-controls_6595b64144ccf1df_6.0.19041.1110_none_60b5254171f9507e;C:\Program Files\Java\jdk-17.0.5\bin\server

VM Arguments:
jvm_args: -Dfile.encoding=UTF-8 -XX:+ShowCodeDetailsInExceptionMessages 
java_command: seleniumProject.FirstProgram
java_class_path (initial): C:\Users\Satheesh\Desktop\KarthikaJava\Workspace\seleniumProject\target\test-classes;C:\Users\Satheesh\Desktop\KarthikaJava\Workspace\seleniumProject\target\classes;C:\Users\Satheesh\.m2\repository\org\seleniumhq\selenium\selenium-java\4.7.2\selenium-java-4.7.2.jar;C:\Users\Satheesh\.m2\repository\org\seleniumhq\selenium\selenium-api\4.7.2\selenium-api-4.7.2.jar;C:\Users\Satheesh\.m2\repository\org\seleniumhq\selenium\selenium-chrome-driver\4.7.2\selenium-chrome-driver-4.7.2.jar;C:\Users\Satheesh\.m2\repository\com\google\auto\service\auto-service-annotations\1.0.1\auto-service-annotations-1.0.1.jar;C:\Users\Satheesh\.m2\repository\com\google\auto\service\auto-service\1.0.1\auto-service-1.0.1.jar;C:\Users\Satheesh\.m2\repository\com\google\auto\auto-common\1.2\auto-common-1.2.jar;C:\Users\Satheesh\.m2\repository\com\google\guava\guava\31.1-jre\guava-31.1-jre.jar;C:\Users\Satheesh\.m2\repository\com\google\guava\failureaccess\1.0.1\failureaccess-1.0.1.jar;C:\Users\Satheesh\.m2\repository\com\google\guava\listenablefuture\9999.0-empty-to-avoid-conflict-with-guava\listenablefuture-9999.0-empty-to-avoid-conflict-with-guava.jar;C:\Users\Satheesh\.m2\repository\com\google\code\findbugs\jsr305\3.0.2\jsr305-3.0.2.jar;C:\Users\Satheesh\.m2\repository\org\checkerframework\checker-qual\3.12.0\checker-qual-3.12.0.jar;C:\Users\Satheesh\.m2\repository\com\google\errorprone\error_prone_annotations\2.11.0\error_prone_annotations-2.11.0.jar;C:\Users\Satheesh\.m2\repository\com\google\j2objc\j2objc-annotations\1.3\j2objc-annotations-1.3.jar;C:\Users\Satheesh\.m2\repository\org\seleniumhq\selenium\selenium-chromium-driver\4.7.2\selenium-chromium-driver-4.7.2.jar;C:\Users\Satheesh\.m2\repository\org\seleniumhq\selenium\selenium-json\4.7.2\selenium-json-4.7.2.jar;C:\Users\Satheesh\.m2\repository\org\seleniumhq\selenium\selenium-devtools-v106\4.7.2\selenium-devtools-v106-4.7.2.jar;C:\Users\Satheesh\.m2\repository\org\seleniumhq\selenium\selenium-devtools-v107
Launcher Type: SUN_STANDARD

[Global flags]
     intx CICompilerCount                          = 4                                         {product} {ergonomic}
     uint ConcGCThreads                            = 2                                         {product} {ergonomic}
     uint G1ConcRefinementThreads                  = 8                                         {product} {ergonomic}
   size_t G1HeapRegionSize                         = 1048576                                   {product} {ergonomic}
    uintx GCDrainStackTargetSize                   = 64                                        {product} {ergonomic}
   size_t InitialHeapSize                          = 132120576                                 {product} {ergonomic}
   size_t MarkStackSize                            = 4194304                                   {product} {ergonomic}
   size_t MaxHeapSize                              = 2107637760                                {product} {ergonomic}
   size_t MaxNewSize                               = 1264582656                                {product} {ergonomic}
   size_t MinHeapDeltaBytes                        = 1048576                                   {product} {ergonomic}
   size_t MinHeapSize                              = 8388608                                   {product} {ergonomic}
    uintx NonNMethodCodeHeapSize                   = 5839372                                {pd product} {ergonomic}
    uintx NonProfiledCodeHeapSize                  = 122909434                              {pd product} {ergonomic}
    uintx ProfiledCodeHeapSize                     = 122909434                              {pd product} {ergonomic}
    uintx ReservedCodeCacheSize                    = 251658240                              {pd product} {ergonomic}
     bool SegmentedCodeCache                       = true                                      {product} {ergonomic}
     bool ShowCodeDetailsInExceptionMessages       = true                                   {manageable} {command line}
   size_t SoftMaxHeapSize                          = 2107637760                             {manageable} {ergonomic}
     bool UseCompressedClassPointers               = true                           {product lp64_product} {ergonomic}
     bool UseCompressedOops                        = true                           {product lp64_product} {ergonomic}
     bool UseG1GC                                  = true                                      {product} {ergonomic}
     bool UseLargePagesIndividualAllocation        = false                                  {pd product} {ergonomic}

Logging:
Log output configuration:
 #0: stdout all=warning uptime,level,tags
 #1: stderr all=off uptime,level,tags

Environment Variables:
PATH=C:/Program Files/Java/jdk-17.0.5/bin/server;C:/Program Files/Java/jdk-17.0.5/bin;C:\Program Files\Common Files\Oracle\Java\javapath;C:\Program Files (x86)\Common Files\Oracle\Java\javapath;C:\Windows\system32;C:\Windows;C:\Windows\System32\Wbem;C:\Windows\System32\WindowsPowerShell\v1.0\;C:\Windows\System32\OpenSSH\;C:\Program Files (x86)\NVIDIA Corporation\PhysX\Common;C:\Program Files\NVIDIA Corporation\NVIDIA NvDLISR;C:\Android;C:\WINDOWS\system32;C:\WINDOWS;C:\WINDOWS\System32\Wbem;C:\WINDOWS\System32\WindowsPowerShell\v1.0\;C:\WINDOWS\System32\OpenSSH\;C:\Program Files\Common Files\Autodesk Shared\;C:\Program Files (x86)\Autodesk\Backburner\;C:\Program Files\apache-maven-3.8.6\bin;"C:\Users\Satheesh\AppData\Local\Microsoft\WindowsApps;C:\Program Files\Java\jdk-17.0.5\bin;C:\Program Files\apache-maven-3.8.6\bin";;C:\WINDOWS\system32;
USERNAME=Satheesh
OS=Windows_NT
PROCESSOR_IDENTIFIER=Intel64 Family 6 Model 142 Stepping 12, GenuineIntel



---------------  S Y S T E M  ---------------

OS:
 Windows 10 , 64 bit Build 19041 (10.0.19041.2364)
OS uptime: 2 days 2:01 hours

CPU: total 8 (initial active 8) (4 cores per cpu, 2 threads per core) family 6 model 142 stepping 12 microcode 0xb8, cx8, cmov, fxsr, ht, mmx, 3dnowpref, sse, sse2, sse3, ssse3, sse4.1, sse4.2, popcnt, lzcnt, tsc, tscinvbit, avx, avx2, aes, erms, clmul, bmi1, bmi2, adx, fma, vzeroupper, clflush, clflushopt

Memory: 4k page, system-wide physical 8039M (937M free)
TotalPageFile size 12820M (AvailPageFile size 215M)
current process WorkingSet (physical memory assigned to process): 70M, peak: 70M
current process commit charge ("private bytes"): 224M, peak: 224M

vm_info: Java HotSpot(TM) 64-Bit Server VM (17.0.5+9-LTS-191) for windows-amd64 JRE (17.0.5+9-LTS-191), built on Sep 13 2022 17:31:43 by "mach5one" with MS VC++ 16.8 / 16.9 (VS2019)

END.
