#
# There is insufficient memory for the Java Runtime Environment to continue.
# Native memory allocation (malloc) failed to allocate 45952 bytes for Chunk::new
# Possible reasons:
#   The system is out of physical RAM or swap space
#   The process is running with CompressedOops enabled, and the Java Heap may be blocking the growth of the native heap
# Possible solutions:
#   Reduce memory load on the system
#   Increase physical memory or swap space
#   Check if swap backing store is full
#   Decrease Java heap size (-Xmx/-Xms)
#   Decrease number of Java threads
#   Decrease Java thread stack sizes (-Xss)
#   Set larger code cache with -XX:ReservedCodeCacheSize=
#   JVM is running with Unscaled Compressed Oops mode in which the Java heap is
#     placed in the first 4GB address space. The Java Heap base address is the
#     maximum limit for the native heap growth. Please use -XX:HeapBaseMinAddress
#     to set the Java Heap base and to place the Java Heap above 4GB virtual address.
# This output file may be truncated or incomplete.
#
#  Out of Memory Error (arena.cpp:189), pid=20172, tid=20108
#
# JRE version: Java(TM) SE Runtime Environment (17.0.5+9) (build 17.0.5+9-LTS-191)
# Java VM: Java HotSpot(TM) 64-Bit Server VM (17.0.5+9-LTS-191, mixed mode, sharing, tiered, compressed oops, compressed class ptrs, g1 gc, windows-amd64)
# No core dump will be written. Minidumps are not enabled by default on client versions of Windows
#

---------------  S U M M A R Y ------------

Command Line: -Dfile.encoding=UTF-8 -XX:+ShowCodeDetailsInExceptionMessages seleniumProject.FirstProgram

Host: Intel(R) Core(TM) i5-8265U CPU @ 1.60GHz, 8 cores, 7G,  Windows 10 , 64 bit Build 19041 (10.0.19041.2364)
Time: Mon Jan  9 22:34:18 2023 India Standard Time elapsed time: 1.889805 seconds (0d 0h 0m 1s)

---------------  T H R E A D  ---------------

Current thread (0x000001e8d2f17c40):  JavaThread "C2 CompilerThread0" daemon [_thread_in_native, id=20108, stack(0x0000000fd2500000,0x0000000fd2600000)]


Current CompileTask:
C2:   1889  594 %     4       java.util.Arrays::hashCode @ 16 (44 bytes)

Stack: [0x0000000fd2500000,0x0000000fd2600000]
Native frames: (J=compiled Java code, j=interpreted, Vv=VM code, C=native code)
V  [jvm.dll+0x672eea]
V  [jvm.dll+0x7d2a04]
V  [jvm.dll+0x7d41ae]
V  [jvm.dll+0x7d4813]
V  [jvm.dll+0x242c15]
V  [jvm.dll+0xaa57b]
V  [jvm.dll+0xaab0c]
V  [jvm.dll+0x35ff97]
V  [jvm.dll+0x32a631]
V  [jvm.dll+0x329ada]
V  [jvm.dll+0x215cc1]
V  [jvm.dll+0x2150e1]
V  [jvm.dll+0x1a18ed]
V  [jvm.dll+0x22493a]
V  [jvm.dll+0x222aa5]
V  [jvm.dll+0x7885db]
V  [jvm.dll+0x782b4a]
V  [jvm.dll+0x671d75]
C  [ucrtbase.dll+0x21bb2]
C  [KERNEL32.DLL+0x17614]
C  [ntdll.dll+0x526a1]


---------------  P R O C E S S  ---------------

Threads class SMR info:
_java_thread_list=0x000001e8d4b171c0, length=12, elements={
0x000001e8b4ec0820, 0x000001e8d2f01180, 0x000001e8d2f02c90, 0x000001e8d2f12270,
0x000001e8d2f15b50, 0x000001e8d2f16500, 0x000001e8d2f16eb0, 0x000001e8d2f17c40,
0x000001e8d2f780f0, 0x000001e8d2f826f0, 0x000001e8d39b9c10, 0x000001e8d39d3940
}

Java Threads: ( => current thread )
  0x000001e8b4ec0820 JavaThread "main" [_thread_in_Java, id=15012, stack(0x0000000fd1800000,0x0000000fd1900000)]
  0x000001e8d2f01180 JavaThread "Reference Handler" daemon [_thread_blocked, id=16048, stack(0x0000000fd1f00000,0x0000000fd2000000)]
  0x000001e8d2f02c90 JavaThread "Finalizer" daemon [_thread_blocked, id=14492, stack(0x0000000fd2000000,0x0000000fd2100000)]
  0x000001e8d2f12270 JavaThread "Signal Dispatcher" daemon [_thread_blocked, id=11520, stack(0x0000000fd2100000,0x0000000fd2200000)]
  0x000001e8d2f15b50 JavaThread "Attach Listener" daemon [_thread_blocked, id=20148, stack(0x0000000fd2200000,0x0000000fd2300000)]
  0x000001e8d2f16500 JavaThread "Service Thread" daemon [_thread_blocked, id=20132, stack(0x0000000fd2300000,0x0000000fd2400000)]
  0x000001e8d2f16eb0 JavaThread "Monitor Deflation Thread" daemon [_thread_blocked, id=13152, stack(0x0000000fd2400000,0x0000000fd2500000)]
=>0x000001e8d2f17c40 JavaThread "C2 CompilerThread0" daemon [_thread_in_native, id=20108, stack(0x0000000fd2500000,0x0000000fd2600000)]
  0x000001e8d2f780f0 JavaThread "C1 CompilerThread0" daemon [_thread_blocked, id=20116, stack(0x0000000fd2600000,0x0000000fd2700000)]
  0x000001e8d2f826f0 JavaThread "Sweeper thread" daemon [_thread_blocked, id=20112, stack(0x0000000fd2700000,0x0000000fd2800000)]
  0x000001e8d39b9c10 JavaThread "Notification Thread" daemon [_thread_blocked, id=14464, stack(0x0000000fd2800000,0x0000000fd2900000)]
  0x000001e8d39d3940 JavaThread "Common-Cleaner" daemon [_thread_blocked, id=13928, stack(0x0000000fd2a00000,0x0000000fd2b00000)]

Other Threads:
  0x000001e8d2ef8970 VMThread "VM Thread" [stack: 0x0000000fd1e00000,0x0000000fd1f00000] [id=20264]
  0x000001e8d39bc910 WatcherThread [stack: 0x0000000fd2900000,0x0000000fd2a00000] [id=19092]
  0x000001e8b4f16360 GCTaskThread "GC Thread#0" [stack: 0x0000000fd1900000,0x0000000fd1a00000] [id=11812]
  0x000001e8b4f281f0 ConcurrentGCThread "G1 Main Marker" [stack: 0x0000000fd1a00000,0x0000000fd1b00000] [id=20220]
  0x000001e8b4f29c10 ConcurrentGCThread "G1 Conc#0" [stack: 0x0000000fd1b00000,0x0000000fd1c00000] [id=7852]
  0x000001e8b4f8ec50 ConcurrentGCThread "G1 Refine#0" [stack: 0x0000000fd1c00000,0x0000000fd1d00000] [id=18616]
  0x000001e8d2db30d0 ConcurrentGCThread "G1 Service" [stack: 0x0000000fd1d00000,0x0000000fd1e00000] [id=3196]

Threads with active compile tasks:
C2 CompilerThread0     1918  594 %     4       java.util.Arrays::hashCode @ 16 (44 bytes)

VM state: not at safepoint (normal execution)

VM Mutex/Monitor currently owned by a thread: None

Heap address: 0x0000000082600000, size: 2010 MB, Compressed Oops mode: 32-bit

CDS archive(s) mapped at: [0x0000000800000000-0x0000000800bd0000-0x0000000800bd0000), size 12386304, SharedBaseAddress: 0x0000000800000000, ArchiveRelocationMode: 0.
Compressed class space mapped at: 0x0000000800c00000-0x0000000840c00000, reserved size: 1073741824
Narrow klass base: 0x0000000800000000, Narrow klass shift: 0, Narrow klass range: 0x100000000

GC Precious Log:
 CPUs: 8 total, 8 available
 Memory: 8039M
 Large Page Support: Disabled
 NUMA Support: Disabled
 Compressed Oops: Enabled (32-bit)
 Heap Region Size: 1M
 Heap Min Capacity: 8M
 Heap Initial Capacity: 126M
 Heap Max Capacity: 2010M
 Pre-touch: Disabled
 Parallel Workers: 8
 Concurrent Workers: 2
 Concurrent Refinement Workers: 8
 Periodic GC: Disabled

Heap:
 garbage-first heap   total 129024K, used 11264K [0x0000000082600000, 0x0000000100000000)
  region size 1024K, 13 young (13312K), 0 survivors (0K)
 Metaspace       used 2934K, committed 3072K, reserved 1056768K
  class space    used 285K, committed 384K, reserved 1048576K

Heap Regions: E=young(eden), S=young(survivor), O=old, HS=humongous(starts), HC=humongous(continues), CS=collection set, F=free, OA=open archive, CA=closed archive, TAMS=top-at-mark-start (previous, next)
|   0|0x0000000082600000, 0x0000000082600000, 0x0000000082700000|  0%| F|  |TAMS 0x0000000082600000, 0x0000000082600000| Untracked 
|   1|0x0000000082700000, 0x0000000082700000, 0x0000000082800000|  0%| F|  |TAMS 0x0000000082700000, 0x0000000082700000| Untracked 
|   2|0x0000000082800000, 0x0000000082800000, 0x0000000082900000|  0%| F|  |TAMS 0x0000000082800000, 0x0000000082800000| Untracked 
|   3|0x0000000082900000, 0x0000000082900000, 0x0000000082a00000|  0%| F|  |TAMS 0x0000000082900000, 0x0000000082900000| Untracked 
|   4|0x0000000082a00000, 0x0000000082a00000, 0x0000000082b00000|  0%| F|  |TAMS 0x0000000082a00000, 0x0000000082a00000| Untracked 
|   5|0x0000000082b00000, 0x0000000082b00000, 0x0000000082c00000|  0%| F|  |TAMS 0x0000000082b00000, 0x0000000082b00000| Untracked 
|   6|0x0000000082c00000, 0x0000000082c00000, 0x0000000082d00000|  0%| F|  |TAMS 0x0000000082c00000, 0x0000000082c00000| Untracked 
|   7|0x0000000082d00000, 0x0000000082d00000, 0x0000000082e00000|  0%| F|  |TAMS 0x0000000082d00000, 0x0000000082d00000| Untracked 
|   8|0x0000000082e00000, 0x0000000082e00000, 0x0000000082f00000|  0%| F|  |TAMS 0x0000000082e00000, 0x0000000082e00000| Untracked 
|   9|0x0000000082f00000, 0x0000000082f00000, 0x0000000083000000|  0%| F|  |TAMS 0x0000000082f00000, 0x0000000082f00000| Untracked 
|  10|0x0000000083000000, 0x0000000083000000, 0x0000000083100000|  0%| F|  |TAMS 0x0000000083000000, 0x0000000083000000| Untracked 
|  11|0x0000000083100000, 0x0000000083100000, 0x0000000083200000|  0%| F|  |TAMS 0x0000000083100000, 0x0000000083100000| Untracked 
|  12|0x0000000083200000, 0x0000000083200000, 0x0000000083300000|  0%| F|  |TAMS 0x0000000083200000, 0x0000000083200000| Untracked 
|  13|0x0000000083300000, 0x0000000083300000, 0x0000000083400000|  0%| F|  |TAMS 0x0000000083300000, 0x0000000083300000| Untracked 
|  14|0x0000000083400000, 0x0000000083400000, 0x0000000083500000|  0%| F|  |TAMS 0x0000000083400000, 0x0000000083400000| Untracked 
|  15|0x0000000083500000, 0x0000000083500000, 0x0000000083600000|  0%| F|  |TAMS 0x0000000083500000, 0x0000000083500000| Untracked 
|  16|0x0000000083600000, 0x0000000083600000, 0x0000000083700000|  0%| F|  |TAMS 0x0000000083600000, 0x0000000083600000| Untracked 
|  17|0x0000000083700000, 0x0000000083700000, 0x0000000083800000|  0%| F|  |TAMS 0x0000000083700000, 0x0000000083700000| Untracked 
|  18|0x0000000083800000, 0x0000000083800000, 0x0000000083900000|  0%| F|  |TAMS 0x0000000083800000, 0x0000000083800000| Untracked 
|  19|0x0000000083900000, 0x0000000083900000, 0x0000000083a00000|  0%| F|  |TAMS 0x0000000083900000, 0x0000000083900000| Untracked 
|  20|0x0000000083a00000, 0x0000000083a00000, 0x0000000083b00000|  0%| F|  |TAMS 0x0000000083a00000, 0x0000000083a00000| Untracked 
|  21|0x0000000083b00000, 0x0000000083b00000, 0x0000000083c00000|  0%| F|  |TAMS 0x0000000083b00000, 0x0000000083b00000| Untracked 
|  22|0x0000000083c00000, 0x0000000083c00000, 0x0000000083d00000|  0%| F|  |TAMS 0x0000000083c00000, 0x0000000083c00000| Untracked 
|  23|0x0000000083d00000, 0x0000000083d00000, 0x0000000083e00000|  0%| F|  |TAMS 0x0000000083d00000, 0x0000000083d00000| Untracked 
|  24|0x0000000083e00000, 0x0000000083e00000, 0x0000000083f00000|  0%| F|  |TAMS 0x0000000083e00000, 0x0000000083e00000| Untracked 
|  25|0x0000000083f00000, 0x0000000083f00000, 0x0000000084000000|  0%| F|  |TAMS 0x0000000083f00000, 0x0000000083f00000| Untracked 
|  26|0x0000000084000000, 0x0000000084000000, 0x0000000084100000|  0%| F|  |TAMS 0x0000000084000000, 0x0000000084000000| Untracked 
|  27|0x0000000084100000, 0x0000000084100000, 0x0000000084200000|  0%| F|  |TAMS 0x0000000084100000, 0x0000000084100000| Untracked 
|  28|0x0000000084200000, 0x0000000084200000, 0x0000000084300000|  0%| F|  |TAMS 0x0000000084200000, 0x0000000084200000| Untracked 
|  29|0x0000000084300000, 0x0000000084300000, 0x0000000084400000|  0%| F|  |TAMS 0x0000000084300000, 0x0000000084300000| Untracked 
|  30|0x0000000084400000, 0x0000000084400000, 0x0000000084500000|  0%| F|  |TAMS 0x0000000084400000, 0x0000000084400000| Untracked 
|  31|0x0000000084500000, 0x0000000084500000, 0x0000000084600000|  0%| F|  |TAMS 0x0000000084500000, 0x0000000084500000| Untracked 
|  32|0x0000000084600000, 0x0000000084600000, 0x0000000084700000|  0%| F|  |TAMS 0x0000000084600000, 0x0000000084600000| Untracked 
|  33|0x0000000084700000, 0x0000000084700000, 0x0000000084800000|  0%| F|  |TAMS 0x0000000084700000, 0x0000000084700000| Untracked 
|  34|0x0000000084800000, 0x0000000084800000, 0x0000000084900000|  0%| F|  |TAMS 0x0000000084800000, 0x0000000084800000| Untracked 
|  35|0x0000000084900000, 0x0000000084900000, 0x0000000084a00000|  0%| F|  |TAMS 0x0000000084900000, 0x0000000084900000| Untracked 
|  36|0x0000000084a00000, 0x0000000084a00000, 0x0000000084b00000|  0%| F|  |TAMS 0x0000000084a00000, 0x0000000084a00000| Untracked 
|  37|0x0000000084b00000, 0x0000000084b00000, 0x0000000084c00000|  0%| F|  |TAMS 0x0000000084b00000, 0x0000000084b00000| Untracked 
|  38|0x0000000084c00000, 0x0000000084c00000, 0x0000000084d00000|  0%| F|  |TAMS 0x0000000084c00000, 0x0000000084c00000| Untracked 
|  39|0x0000000084d00000, 0x0000000084d00000, 0x0000000084e00000|  0%| F|  |TAMS 0x0000000084d00000, 0x0000000084d00000| Untracked 
|  40|0x0000000084e00000, 0x0000000084e00000, 0x0000000084f00000|  0%| F|  |TAMS 0x0000000084e00000, 0x0000000084e00000| Untracked 
|  41|0x0000000084f00000, 0x0000000084f00000, 0x0000000085000000|  0%| F|  |TAMS 0x0000000084f00000, 0x0000000084f00000| Untracked 
|  42|0x0000000085000000, 0x0000000085000000, 0x0000000085100000|  0%| F|  |TAMS 0x0000000085000000, 0x0000000085000000| Untracked 
|  43|0x0000000085100000, 0x0000000085100000, 0x0000000085200000|  0%| F|  |TAMS 0x0000000085100000, 0x0000000085100000| Untracked 
|  44|0x0000000085200000, 0x0000000085200000, 0x0000000085300000|  0%| F|  |TAMS 0x0000000085200000, 0x0000000085200000| Untracked 
|  45|0x0000000085300000, 0x0000000085300000, 0x0000000085400000|  0%| F|  |TAMS 0x0000000085300000, 0x0000000085300000| Untracked 
|  46|0x0000000085400000, 0x0000000085400000, 0x0000000085500000|  0%| F|  |TAMS 0x0000000085400000, 0x0000000085400000| Untracked 
|  47|0x0000000085500000, 0x0000000085500000, 0x0000000085600000|  0%| F|  |TAMS 0x0000000085500000, 0x0000000085500000| Untracked 
|  48|0x0000000085600000, 0x0000000085600000, 0x0000000085700000|  0%| F|  |TAMS 0x0000000085600000, 0x0000000085600000| Untracked 
|  49|0x0000000085700000, 0x0000000085700000, 0x0000000085800000|  0%| F|  |TAMS 0x0000000085700000, 0x0000000085700000| Untracked 
|  50|0x0000000085800000, 0x0000000085800000, 0x0000000085900000|  0%| F|  |TAMS 0x0000000085800000, 0x0000000085800000| Untracked 
|  51|0x0000000085900000, 0x0000000085900000, 0x0000000085a00000|  0%| F|  |TAMS 0x0000000085900000, 0x0000000085900000| Untracked 
|  52|0x0000000085a00000, 0x0000000085a00000, 0x0000000085b00000|  0%| F|  |TAMS 0x0000000085a00000, 0x0000000085a00000| Untracked 
|  53|0x0000000085b00000, 0x0000000085b00000, 0x0000000085c00000|  0%| F|  |TAMS 0x0000000085b00000, 0x0000000085b00000| Untracked 
|  54|0x0000000085c00000, 0x0000000085c00000, 0x0000000085d00000|  0%| F|  |TAMS 0x0000000085c00000, 0x0000000085c00000| Untracked 
|  55|0x0000000085d00000, 0x0000000085d00000, 0x0000000085e00000|  0%| F|  |TAMS 0x0000000085d00000, 0x0000000085d00000| Untracked 
|  56|0x0000000085e00000, 0x0000000085e00000, 0x0000000085f00000|  0%| F|  |TAMS 0x0000000085e00000, 0x0000000085e00000| Untracked 
|  57|0x0000000085f00000, 0x0000000085f00000, 0x0000000086000000|  0%| F|  |TAMS 0x0000000085f00000, 0x0000000085f00000| Untracked 
|  58|0x0000000086000000, 0x0000000086000000, 0x0000000086100000|  0%| F|  |TAMS 0x0000000086000000, 0x0000000086000000| Untracked 
|  59|0x0000000086100000, 0x0000000086100000, 0x0000000086200000|  0%| F|  |TAMS 0x0000000086100000, 0x0000000086100000| Untracked 
|  60|0x0000000086200000, 0x0000000086200000, 0x0000000086300000|  0%| F|  |TAMS 0x0000000086200000, 0x0000000086200000| Untracked 
|  61|0x0000000086300000, 0x0000000086300000, 0x0000000086400000|  0%| F|  |TAMS 0x0000000086300000, 0x0000000086300000| Untracked 
|  62|0x0000000086400000, 0x0000000086400000, 0x0000000086500000|  0%| F|  |TAMS 0x0000000086400000, 0x0000000086400000| Untracked 
|  63|0x0000000086500000, 0x0000000086500000, 0x0000000086600000|  0%| F|  |TAMS 0x0000000086500000, 0x0000000086500000| Untracked 
|  64|0x0000000086600000, 0x0000000086600000, 0x0000000086700000|  0%| F|  |TAMS 0x0000000086600000, 0x0000000086600000| Untracked 
|  65|0x0000000086700000, 0x0000000086700000, 0x0000000086800000|  0%| F|  |TAMS 0x0000000086700000, 0x0000000086700000| Untracked 
|  66|0x0000000086800000, 0x0000000086800000, 0x0000000086900000|  0%| F|  |TAMS 0x0000000086800000, 0x0000000086800000| Untracked 
|  67|0x0000000086900000, 0x0000000086900000, 0x0000000086a00000|  0%| F|  |TAMS 0x0000000086900000, 0x0000000086900000| Untracked 
|  68|0x0000000086a00000, 0x0000000086a00000, 0x0000000086b00000|  0%| F|  |TAMS 0x0000000086a00000, 0x0000000086a00000| Untracked 
|  69|0x0000000086b00000, 0x0000000086b00000, 0x0000000086c00000|  0%| F|  |TAMS 0x0000000086b00000, 0x0000000086b00000| Untracked 
|  70|0x0000000086c00000, 0x0000000086c00000, 0x0000000086d00000|  0%| F|  |TAMS 0x0000000086c00000, 0x0000000086c00000| Untracked 
|  71|0x0000000086d00000, 0x0000000086d00000, 0x0000000086e00000|  0%| F|  |TAMS 0x0000000086d00000, 0x0000000086d00000| Untracked 
|  72|0x0000000086e00000, 0x0000000086e00000, 0x0000000086f00000|  0%| F|  |TAMS 0x0000000086e00000, 0x0000000086e00000| Untracked 
|  73|0x0000000086f00000, 0x0000000086f00000, 0x0000000087000000|  0%| F|  |TAMS 0x0000000086f00000, 0x0000000086f00000| Untracked 
|  74|0x0000000087000000, 0x0000000087000000, 0x0000000087100000|  0%| F|  |TAMS 0x0000000087000000, 0x0000000087000000| Untracked 
|  75|0x0000000087100000, 0x0000000087100000, 0x0000000087200000|  0%| F|  |TAMS 0x0000000087100000, 0x0000000087100000| Untracked 
|  76|0x0000000087200000, 0x0000000087200000, 0x0000000087300000|  0%| F|  |TAMS 0x0000000087200000, 0x0000000087200000| Untracked 
|  77|0x0000000087300000, 0x0000000087300000, 0x0000000087400000|  0%| F|  |TAMS 0x0000000087300000, 0x0000000087300000| Untracked 
|  78|0x0000000087400000, 0x0000000087400000, 0x0000000087500000|  0%| F|  |TAMS 0x0000000087400000, 0x0000000087400000| Untracked 
|  79|0x0000000087500000, 0x0000000087500000, 0x0000000087600000|  0%| F|  |TAMS 0x0000000087500000, 0x0000000087500000| Untracked 
|  80|0x0000000087600000, 0x0000000087600000, 0x0000000087700000|  0%| F|  |TAMS 0x0000000087600000, 0x0000000087600000| Untracked 
|  81|0x0000000087700000, 0x0000000087700000, 0x0000000087800000|  0%| F|  |TAMS 0x0000000087700000, 0x0000000087700000| Untracked 
|  82|0x0000000087800000, 0x0000000087800000, 0x0000000087900000|  0%| F|  |TAMS 0x0000000087800000, 0x0000000087800000| Untracked 
|  83|0x0000000087900000, 0x0000000087900000, 0x0000000087a00000|  0%| F|  |TAMS 0x0000000087900000, 0x0000000087900000| Untracked 
|  84|0x0000000087a00000, 0x0000000087a00000, 0x0000000087b00000|  0%| F|  |TAMS 0x0000000087a00000, 0x0000000087a00000| Untracked 
|  85|0x0000000087b00000, 0x0000000087b00000, 0x0000000087c00000|  0%| F|  |TAMS 0x0000000087b00000, 0x0000000087b00000| Untracked 
|  86|0x0000000087c00000, 0x0000000087c00000, 0x0000000087d00000|  0%| F|  |TAMS 0x0000000087c00000, 0x0000000087c00000| Untracked 
|  87|0x0000000087d00000, 0x0000000087d00000, 0x0000000087e00000|  0%| F|  |TAMS 0x0000000087d00000, 0x0000000087d00000| Untracked 
|  88|0x0000000087e00000, 0x0000000087e00000, 0x0000000087f00000|  0%| F|  |TAMS 0x0000000087e00000, 0x0000000087e00000| Untracked 
|  89|0x0000000087f00000, 0x0000000087f00000, 0x0000000088000000|  0%| F|  |TAMS 0x0000000087f00000, 0x0000000087f00000| Untracked 
|  90|0x0000000088000000, 0x0000000088000000, 0x0000000088100000|  0%| F|  |TAMS 0x0000000088000000, 0x0000000088000000| Untracked 
|  91|0x0000000088100000, 0x0000000088100000, 0x0000000088200000|  0%| F|  |TAMS 0x0000000088100000, 0x0000000088100000| Untracked 
|  92|0x0000000088200000, 0x0000000088200000, 0x0000000088300000|  0%| F|  |TAMS 0x0000000088200000, 0x0000000088200000| Untracked 
|  93|0x0000000088300000, 0x0000000088300000, 0x0000000088400000|  0%| F|  |TAMS 0x0000000088300000, 0x0000000088300000| Untracked 
|  94|0x0000000088400000, 0x0000000088400000, 0x0000000088500000|  0%| F|  |TAMS 0x0000000088400000, 0x0000000088400000| Untracked 
|  95|0x0000000088500000, 0x0000000088500000, 0x0000000088600000|  0%| F|  |TAMS 0x0000000088500000, 0x0000000088500000| Untracked 
|  96|0x0000000088600000, 0x0000000088600000, 0x0000000088700000|  0%| F|  |TAMS 0x0000000088600000, 0x0000000088600000| Untracked 
|  97|0x0000000088700000, 0x0000000088700000, 0x0000000088800000|  0%| F|  |TAMS 0x0000000088700000, 0x0000000088700000| Untracked 
|  98|0x0000000088800000, 0x0000000088800000, 0x0000000088900000|  0%| F|  |TAMS 0x0000000088800000, 0x0000000088800000| Untracked 
|  99|0x0000000088900000, 0x0000000088900000, 0x0000000088a00000|  0%| F|  |TAMS 0x0000000088900000, 0x0000000088900000| Untracked 
| 100|0x0000000088a00000, 0x0000000088a00000, 0x0000000088b00000|  0%| F|  |TAMS 0x0000000088a00000, 0x0000000088a00000| Untracked 
| 101|0x0000000088b00000, 0x0000000088b00000, 0x0000000088c00000|  0%| F|  |TAMS 0x0000000088b00000, 0x0000000088b00000| Untracked 
| 102|0x0000000088c00000, 0x0000000088c00000, 0x0000000088d00000|  0%| F|  |TAMS 0x0000000088c00000, 0x0000000088c00000| Untracked 
| 103|0x0000000088d00000, 0x0000000088d00000, 0x0000000088e00000|  0%| F|  |TAMS 0x0000000088d00000, 0x0000000088d00000| Untracked 
| 104|0x0000000088e00000, 0x0000000088e00000, 0x0000000088f00000|  0%| F|  |TAMS 0x0000000088e00000, 0x0000000088e00000| Untracked 
| 105|0x0000000088f00000, 0x0000000088f00000, 0x0000000089000000|  0%| F|  |TAMS 0x0000000088f00000, 0x0000000088f00000| Untracked 
| 106|0x0000000089000000, 0x0000000089000000, 0x0000000089100000|  0%| F|  |TAMS 0x0000000089000000, 0x0000000089000000| Untracked 
| 107|0x0000000089100000, 0x0000000089100000, 0x0000000089200000|  0%| F|  |TAMS 0x0000000089100000, 0x0000000089100000| Untracked 
| 108|0x0000000089200000, 0x0000000089200000, 0x0000000089300000|  0%| F|  |TAMS 0x0000000089200000, 0x0000000089200000| Untracked 
| 109|0x0000000089300000, 0x0000000089300000, 0x0000000089400000|  0%| F|  |TAMS 0x0000000089300000, 0x0000000089300000| Untracked 
| 110|0x0000000089400000, 0x0000000089400000, 0x0000000089500000|  0%| F|  |TAMS 0x0000000089400000, 0x0000000089400000| Untracked 
| 111|0x0000000089500000, 0x0000000089500000, 0x0000000089600000|  0%| F|  |TAMS 0x0000000089500000, 0x0000000089500000| Untracked 
| 112|0x0000000089600000, 0x0000000089600000, 0x0000000089700000|  0%| F|  |TAMS 0x0000000089600000, 0x0000000089600000| Untracked 
| 113|0x0000000089700000, 0x00000000897ec610, 0x0000000089800000| 92%| E|  |TAMS 0x0000000089700000, 0x0000000089700000| Complete 
| 114|0x0000000089800000, 0x0000000089900000, 0x0000000089900000|100%| E|CS|TAMS 0x0000000089800000, 0x0000000089800000| Complete 
| 115|0x0000000089900000, 0x0000000089a00000, 0x0000000089a00000|100%| E|CS|TAMS 0x0000000089900000, 0x0000000089900000| Complete 
| 116|0x0000000089a00000, 0x0000000089b00000, 0x0000000089b00000|100%| E|CS|TAMS 0x0000000089a00000, 0x0000000089a00000| Complete 
| 117|0x0000000089b00000, 0x0000000089c00000, 0x0000000089c00000|100%| E|CS|TAMS 0x0000000089b00000, 0x0000000089b00000| Complete 
| 118|0x0000000089c00000, 0x0000000089d00000, 0x0000000089d00000|100%| E|CS|TAMS 0x0000000089c00000, 0x0000000089c00000| Complete 
| 119|0x0000000089d00000, 0x0000000089e00000, 0x0000000089e00000|100%| E|  |TAMS 0x0000000089d00000, 0x0000000089d00000| Complete 
| 120|0x0000000089e00000, 0x0000000089f00000, 0x0000000089f00000|100%| E|CS|TAMS 0x0000000089e00000, 0x0000000089e00000| Complete 
| 121|0x0000000089f00000, 0x000000008a000000, 0x000000008a000000|100%| E|CS|TAMS 0x0000000089f00000, 0x0000000089f00000| Complete 
| 122|0x000000008a000000, 0x000000008a100000, 0x000000008a100000|100%| E|CS|TAMS 0x000000008a000000, 0x000000008a000000| Complete 
| 123|0x000000008a100000, 0x000000008a200000, 0x000000008a200000|100%| E|CS|TAMS 0x000000008a100000, 0x000000008a100000| Complete 
| 124|0x000000008a200000, 0x000000008a300000, 0x000000008a300000|100%| E|CS|TAMS 0x000000008a200000, 0x000000008a200000| Complete 
| 125|0x000000008a300000, 0x000000008a400000, 0x000000008a400000|100%| E|CS|TAMS 0x000000008a300000, 0x000000008a300000| Complete 

Card table byte_map: [0x000001e8cbe50000,0x000001e8cc240000] _byte_map_base: 0x000001e8cba3d000

Marking Bits (Prev, Next): (CMBitMap*) 0x000001e8b4f16970, (CMBitMap*) 0x000001e8b4f169b0
 Prev Bits: [0x000001e8cc630000, 0x000001e8ce598000)
 Next Bits: [0x000001e8ce5a0000, 0x000001e8d0508000)

Polling page: 0x000001e8b2d90000

Metaspace:

Usage:
  Non-class:      2.59 MB used.
      Class:    285.22 KB used.
       Both:      2.87 MB used.

Virtual space:
  Non-class space:        8.00 MB reserved,       2.62 MB ( 33%) committed,  1 nodes.
      Class space:        1.00 GB reserved,     384.00 KB ( <1%) committed,  1 nodes.
             Both:        1.01 GB reserved,       3.00 MB ( <1%) committed. 

Chunk freelists:
   Non-Class:  3.39 MB
       Class:  3.64 MB
        Both:  7.04 MB

MaxMetaspaceSize: unlimited
CompressedClassSpaceSize: 1.00 GB
Initial GC threshold: 21.00 MB
Current GC threshold: 21.00 MB
CDS: on
MetaspaceReclaimPolicy: balanced
 - commit_granule_bytes: 65536.
 - commit_granule_words: 8192.
 - virtual_space_node_default_size: 1048576.
 - enlarge_chunks_in_place: 1.
 - new_chunks_are_fully_committed: 0.
 - uncommit_free_chunks: 1.
 - use_allocation_guard: 0.
 - handle_deallocations: 1.


Internal statistics:

num_allocs_failed_limit: 0.
num_arena_births: 18.
num_arena_deaths: 0.
num_vsnodes_births: 2.
num_vsnodes_deaths: 0.
num_space_committed: 48.
num_space_uncommitted: 0.
num_chunks_returned_to_freelist: 0.
num_chunks_taken_from_freelist: 62.
num_chunk_merges: 0.
num_chunk_splits: 38.
num_chunks_enlarged: 26.
num_purges: 0.
num_inconsistent_stats: 0.

CodeHeap 'non-profiled nmethods': size=120000Kb used=259Kb max_used=259Kb free=119740Kb
 bounds [0x000001e8c4200000, 0x000001e8c4470000, 0x000001e8cb730000]
CodeHeap 'profiled nmethods': size=120000Kb used=982Kb max_used=982Kb free=119017Kb
 bounds [0x000001e8bccd0000, 0x000001e8bcf40000, 0x000001e8c4200000]
CodeHeap 'non-nmethods': size=5760Kb used=1126Kb max_used=1148Kb free=4633Kb
 bounds [0x000001e8bc730000, 0x000001e8bc9a0000, 0x000001e8bccd0000]
 total_blobs=1023 nmethods=616 adapters=320
 compilation: enabled
              stopped_count=0, restarted_count=0
 full_count=0

Compilation events (20 events):
Event: 1.883 Thread 0x000001e8d2f17c40  594 %     4       java.util.Arrays::hashCode @ 16 (44 bytes)
Event: 1.884 Thread 0x000001e8d2f780f0  595       1       sun.security.x509.Extension::getExtensionId (5 bytes)
Event: 1.884 Thread 0x000001e8d2f780f0 nmethod 595 0x000001e8c423fc90 code [0x000001e8c423fe20, 0x000001e8c423fef8]
Event: 1.884 Thread 0x000001e8d2f780f0  596       3       sun.security.util.DerValue::isConstructed (18 bytes)
Event: 1.884 Thread 0x000001e8d2f780f0 nmethod 596 0x000001e8bcdbbe90 code [0x000001e8bcdbc020, 0x000001e8bcdbc198]
Event: 1.884 Thread 0x000001e8d2f780f0  597       1       sun.security.x509.Extension::isCritical (5 bytes)
Event: 1.884 Thread 0x000001e8d2f780f0 nmethod 597 0x000001e8c423ff90 code [0x000001e8c4240120, 0x000001e8c42401f8]
Event: 1.884 Thread 0x000001e8d2f780f0  598       1       sun.security.x509.Extension::getExtensionValue (5 bytes)
Event: 1.884 Thread 0x000001e8d2f780f0 nmethod 598 0x000001e8c4240290 code [0x000001e8c4240420, 0x000001e8c42404f8]
Event: 1.885 Thread 0x000001e8d2f780f0  599       3       sun.security.util.BitArray::get (47 bytes)
Event: 1.885 Thread 0x000001e8d2f780f0 nmethod 599 0x000001e8bcdbc210 code [0x000001e8bcdbc3e0, 0x000001e8bcdbc7b8]
Event: 1.885 Thread 0x000001e8d2f780f0  600       3       sun.security.util.BitArray::subscript (5 bytes)
Event: 1.885 Thread 0x000001e8d2f780f0 nmethod 600 0x000001e8bcdbc990 code [0x000001e8bcdbcb20, 0x000001e8bcdbcc38]
Event: 1.886 Thread 0x000001e8d2f780f0  601       3       sun.security.util.DerValue::isContextSpecific (20 bytes)
Event: 1.886 Thread 0x000001e8d2f780f0 nmethod 601 0x000001e8bcdbcd10 code [0x000001e8bcdbcea0, 0x000001e8bcdbd018]
Event: 1.887 Thread 0x000001e8d2f780f0  602       1       java.util.HashMap::size (5 bytes)
Event: 1.887 Thread 0x000001e8d2f780f0 nmethod 602 0x000001e8c4240590 code [0x000001e8c4240720, 0x000001e8c42407f8]
Event: 1.887 Thread 0x000001e8d2f780f0  603       3       sun.util.calendar.Gregorian$Date::getNormalizedYear (5 bytes)
Event: 1.887 Thread 0x000001e8d2f780f0 nmethod 603 0x000001e8bcdbd090 code [0x000001e8bcdbd220, 0x000001e8bcdbd3d8]
Event: 1.888 Thread 0x000001e8d2f780f0  605       3       java.math.BigInteger::bitLength (140 bytes)

GC Heap History (0 events):
No events

Deoptimization events (20 events):
Event: 0.990 Thread 0x000001e8b4ec0820 DEOPT PACKING pc=0x000001e8bcd02a56 sp=0x0000000fd18f9990
Event: 0.990 Thread 0x000001e8b4ec0820 DEOPT UNPACKING pc=0x000001e8bc782b43 sp=0x0000000fd18f8e30 mode 0
Event: 1.017 Thread 0x000001e8b4ec0820 DEOPT PACKING pc=0x000001e8bcd157b4 sp=0x0000000fd18fdaf0
Event: 1.017 Thread 0x000001e8b4ec0820 DEOPT UNPACKING pc=0x000001e8bc782b43 sp=0x0000000fd18fcf60 mode 0
Event: 1.090 Thread 0x000001e8b4ec0820 DEOPT PACKING pc=0x000001e8bccf3de5 sp=0x0000000fd18f9490
Event: 1.090 Thread 0x000001e8b4ec0820 DEOPT UNPACKING pc=0x000001e8bc782b43 sp=0x0000000fd18f88e0 mode 0
Event: 1.102 Thread 0x000001e8b4ec0820 DEOPT PACKING pc=0x000001e8bccf3de5 sp=0x0000000fd18f8f30
Event: 1.102 Thread 0x000001e8b4ec0820 DEOPT UNPACKING pc=0x000001e8bc782b43 sp=0x0000000fd18f8380 mode 0
Event: 1.126 Thread 0x000001e8b4ec0820 Uncommon trap: trap_request=0xffffff45 fr.pc=0x000001e8c421dd74 relative=0x0000000000000554
Event: 1.126 Thread 0x000001e8b4ec0820 Uncommon trap: reason=unstable_if action=reinterpret pc=0x000001e8c421dd74 method=java.lang.StringLatin1.indexOf([BI[BII)I @ 80 c2
Event: 1.126 Thread 0x000001e8b4ec0820 DEOPT PACKING pc=0x000001e8c421dd74 sp=0x0000000fd18fed90
Event: 1.126 Thread 0x000001e8b4ec0820 DEOPT UNPACKING pc=0x000001e8bc7823a3 sp=0x0000000fd18fecf0 mode 2
Event: 1.129 Thread 0x000001e8b4ec0820 Uncommon trap: trap_request=0xffffff45 fr.pc=0x000001e8c4209ae4 relative=0x0000000000000064
Event: 1.129 Thread 0x000001e8b4ec0820 Uncommon trap: reason=unstable_if action=reinterpret pc=0x000001e8c4209ae4 method=java.io.WinNTFileSystem.isSlash(C)Z @ 9 c2
Event: 1.129 Thread 0x000001e8b4ec0820 DEOPT PACKING pc=0x000001e8c4209ae4 sp=0x0000000fd18feaf0
Event: 1.129 Thread 0x000001e8b4ec0820 DEOPT UNPACKING pc=0x000001e8bc7823a3 sp=0x0000000fd18fea78 mode 2
Event: 1.134 Thread 0x000001e8b4ec0820 Uncommon trap: trap_request=0xffffff45 fr.pc=0x000001e8c42188f4 relative=0x00000000000003d4
Event: 1.134 Thread 0x000001e8b4ec0820 Uncommon trap: reason=unstable_if action=reinterpret pc=0x000001e8c42188f4 method=java.lang.StringLatin1.indexOf([BI[BII)I @ 80 c2
Event: 1.134 Thread 0x000001e8b4ec0820 DEOPT PACKING pc=0x000001e8c42188f4 sp=0x0000000fd18fed70
Event: 1.134 Thread 0x000001e8b4ec0820 DEOPT UNPACKING pc=0x000001e8bc7823a3 sp=0x0000000fd18fecf0 mode 2

Classes unloaded (0 events):
No events

Classes redefined (0 events):
No events

Internal exceptions (1 events):
Event: 1.056 Thread 0x000001e8b4ec0820 Exception <a 'java/lang/NoSuchMethodError'{0x0000000089ba1350}: 'int java.lang.invoke.DirectMethodHandle$Holder.invokeSpecial(java.lang.Object, java.lang.Object, java.lang.Object)'> (0x0000000089ba1350) 
thrown [s\open\src\hotspot\share\interpreter\linkResolver.cpp, line 759]

VM Operations (12 events):
Event: 0.497 Executing VM operation: HandshakeAllThreads
Event: 0.497 Executing VM operation: HandshakeAllThreads done
Event: 1.000 Executing VM operation: HandshakeAllThreads
Event: 1.000 Executing VM operation: HandshakeAllThreads done
Event: 1.120 Executing VM operation: HandshakeAllThreads
Event: 1.120 Executing VM operation: HandshakeAllThreads done
Event: 1.128 Executing VM operation: HandshakeAllThreads
Event: 1.129 Executing VM operation: HandshakeAllThreads done
Event: 1.129 Executing VM operation: Cleanup
Event: 1.132 Executing VM operation: Cleanup done
Event: 1.472 Executing VM operation: HandshakeAllThreads
Event: 1.472 Executing VM operation: HandshakeAllThreads done

Events (20 events):
Event: 1.748 loading class sun/security/x509/DistributionPoint
Event: 1.748 loading class sun/security/x509/DistributionPoint done
Event: 1.748 loading class sun/security/x509/URIName
Event: 1.748 loading class sun/security/x509/URIName done
Event: 1.748 loading class sun/security/x509/DNSName
Event: 1.749 loading class sun/security/x509/DNSName done
Event: 1.751 loading class sun/security/x509/NetscapeCertTypeExtension
Event: 1.751 loading class sun/security/x509/NetscapeCertTypeExtension done
Event: 1.751 loading class sun/security/x509/NetscapeCertTypeExtension$MapEntry
Event: 1.751 loading class sun/security/x509/NetscapeCertTypeExtension$MapEntry done
Event: 1.751 loading class sun/security/x509/SubjectAlternativeNameExtension
Event: 1.751 loading class sun/security/x509/SubjectAlternativeNameExtension done
Event: 1.752 loading class sun/security/x509/RFC822Name
Event: 1.752 loading class sun/security/x509/RFC822Name done
Event: 1.807 loading class sun/security/x509/IssuerAlternativeNameExtension
Event: 1.807 loading class sun/security/x509/IssuerAlternativeNameExtension done
Event: 1.882 loading class sun/security/x509/PrivateKeyUsageExtension
Event: 1.882 loading class sun/security/x509/PrivateKeyUsageExtension done
Event: 1.882 loading class java/security/cert/CertificateException
Event: 1.882 loading class java/security/cert/CertificateException done


Dynamic libraries:
0x00007ff7d6570000 - 0x00007ff7d6580000 	C:\Program Files\Java\jdk-17.0.5\bin\javaw.exe
0x00007ffb65330000 - 0x00007ffb65528000 	C:\WINDOWS\SYSTEM32\ntdll.dll
0x00007ffb63fa0000 - 0x00007ffb6405f000 	C:\WINDOWS\System32\KERNEL32.DLL
0x00007ffb62d50000 - 0x00007ffb63022000 	C:\WINDOWS\System32\KERNELBASE.dll
0x00007ffb62ac0000 - 0x00007ffb62bc0000 	C:\WINDOWS\System32\ucrtbase.dll
0x00007ffb5df20000 - 0x00007ffb5df38000 	C:\Program Files\Java\jdk-17.0.5\bin\jli.dll
0x00007ffb63980000 - 0x00007ffb63a2e000 	C:\WINDOWS\System32\ADVAPI32.dll
0x00007ffb63530000 - 0x00007ffb635ce000 	C:\WINDOWS\System32\msvcrt.dll
0x00007ffb4d540000 - 0x00007ffb4d55a000 	C:\Program Files\Java\jdk-17.0.5\bin\VCRUNTIME140.dll
0x00007ffb64920000 - 0x00007ffb649bc000 	C:\WINDOWS\System32\sechost.dll
0x00007ffb647f0000 - 0x00007ffb64915000 	C:\WINDOWS\System32\RPCRT4.dll
0x00007ffb65140000 - 0x00007ffb652e1000 	C:\WINDOWS\System32\USER32.dll
0x00007ffb62d20000 - 0x00007ffb62d42000 	C:\WINDOWS\System32\win32u.dll
0x00007ffb65110000 - 0x00007ffb6513b000 	C:\WINDOWS\System32\GDI32.dll
0x00007ffb62c10000 - 0x00007ffb62d1f000 	C:\WINDOWS\System32\gdi32full.dll
0x00007ffb62a20000 - 0x00007ffb62abd000 	C:\WINDOWS\System32\msvcp_win.dll
0x00007ffb5a2d0000 - 0x00007ffb5a2da000 	C:\WINDOWS\SYSTEM32\VERSION.dll
0x00007ffb4a1d0000 - 0x00007ffb4a46a000 	C:\WINDOWS\WinSxS\amd64_microsoft.windows.common-controls_6595b64144ccf1df_6.0.19041.1110_none_60b5254171f9507e\COMCTL32.dll
0x00007ffb64690000 - 0x00007ffb646c2000 	C:\WINDOWS\System32\IMM32.DLL
0x00007ffb5df10000 - 0x00007ffb5df1c000 	C:\Program Files\Java\jdk-17.0.5\bin\vcruntime140_1.dll
0x00007ffb2ad00000 - 0x00007ffb2ad8d000 	C:\Program Files\Java\jdk-17.0.5\bin\msvcp140.dll
0x00007ffb12770000 - 0x00007ffb13332000 	C:\Program Files\Java\jdk-17.0.5\bin\server\jvm.dll
0x00007ffb63690000 - 0x00007ffb63698000 	C:\WINDOWS\System32\PSAPI.DLL
0x00007ffb4d300000 - 0x00007ffb4d309000 	C:\WINDOWS\SYSTEM32\WSOCK32.dll
0x00007ffb646d0000 - 0x00007ffb6473b000 	C:\WINDOWS\System32\WS2_32.dll
0x00007ffb4fa20000 - 0x00007ffb4fa47000 	C:\WINDOWS\SYSTEM32\WINMM.dll
0x00007ffb61270000 - 0x00007ffb61282000 	C:\WINDOWS\SYSTEM32\kernel.appcore.dll
0x00007ffb5df80000 - 0x00007ffb5df8a000 	C:\Program Files\Java\jdk-17.0.5\bin\jimage.dll
0x00007ffb60dc0000 - 0x00007ffb60fa4000 	C:\WINDOWS\SYSTEM32\DBGHELP.DLL
0x00007ffb4d1f0000 - 0x00007ffb4d225000 	C:\WINDOWS\SYSTEM32\dbgcore.DLL
0x00007ffb630e0000 - 0x00007ffb63162000 	C:\WINDOWS\System32\bcryptPrimitives.dll
0x00007ffb36d00000 - 0x00007ffb36d25000 	C:\Program Files\Java\jdk-17.0.5\bin\java.dll
0x00007ffb2ac20000 - 0x00007ffb2acf6000 	C:\Program Files\Java\jdk-17.0.5\bin\jsvml.dll
0x00007ffb649c0000 - 0x00007ffb65104000 	C:\WINDOWS\System32\SHELL32.dll
0x00007ffb60620000 - 0x00007ffb60db2000 	C:\WINDOWS\SYSTEM32\windows.storage.dll
0x00007ffb63c40000 - 0x00007ffb63f95000 	C:\WINDOWS\System32\combase.dll
0x00007ffb623a0000 - 0x00007ffb623d0000 	C:\WINDOWS\SYSTEM32\Wldp.dll
0x00007ffb636a0000 - 0x00007ffb6374d000 	C:\WINDOWS\System32\SHCORE.dll
0x00007ffb63630000 - 0x00007ffb63685000 	C:\WINDOWS\System32\shlwapi.dll
0x00007ffb62960000 - 0x00007ffb6297f000 	C:\WINDOWS\SYSTEM32\profapi.dll
0x00007ffb5df70000 - 0x00007ffb5df80000 	C:\Program Files\Java\jdk-17.0.5\bin\verify.dll
0x00007ffb36ce0000 - 0x00007ffb36cf9000 	C:\Program Files\Java\jdk-17.0.5\bin\net.dll
0x00007ffb59770000 - 0x00007ffb5987c000 	C:\WINDOWS\SYSTEM32\WINHTTP.dll
0x00007ffb62100000 - 0x00007ffb6216a000 	C:\WINDOWS\system32\mswsock.dll
0x00007ffb36260000 - 0x00007ffb36276000 	C:\Program Files\Java\jdk-17.0.5\bin\nio.dll
0x00007ffb36240000 - 0x00007ffb36258000 	C:\Program Files\Java\jdk-17.0.5\bin\zip.dll
0x00007ffb44570000 - 0x00007ffb4457e000 	C:\Program Files\Java\jdk-17.0.5\bin\sunmscapi.dll
0x00007ffb63170000 - 0x00007ffb632c6000 	C:\WINDOWS\System32\CRYPT32.dll
0x00007ffb62410000 - 0x00007ffb62437000 	C:\WINDOWS\SYSTEM32\ncrypt.dll
0x00007ffb623d0000 - 0x00007ffb6240b000 	C:\WINDOWS\SYSTEM32\NTASN1.dll

dbghelp: loaded successfully - version: 4.0.5 - missing functions: none
symbol engine: initialized successfully - sym options: 0x614 - pdb path: .;C:\Program Files\Java\jdk-17.0.5\bin;C:\WINDOWS\SYSTEM32;C:\WINDOWS\WinSxS\amd64_microsoft.windows.common-controls_6595b64144ccf1df_6.0.19041.1110_none_60b5254171f9507e;C:\Program Files\Java\jdk-17.0.5\bin\server

VM Arguments:
jvm_args: -Dfile.encoding=UTF-8 -XX:+ShowCodeDetailsInExceptionMessages 
java_command: seleniumProject.FirstProgram
java_class_path (initial): C:\Users\Satheesh\Desktop\KarthikaJava\Workspace\seleniumProject\target\test-classes;C:\Users\Satheesh\Desktop\KarthikaJava\Workspace\seleniumProject\target\classes;C:\Users\Satheesh\.m2\repository\org\seleniumhq\selenium\selenium-java\4.7.2\selenium-java-4.7.2.jar;C:\Users\Satheesh\.m2\repository\org\seleniumhq\selenium\selenium-api\4.7.2\selenium-api-4.7.2.jar;C:\Users\Satheesh\.m2\repository\org\seleniumhq\selenium\selenium-chrome-driver\4.7.2\selenium-chrome-driver-4.7.2.jar;C:\Users\Satheesh\.m2\repository\com\google\auto\service\auto-service-annotations\1.0.1\auto-service-annotations-1.0.1.jar;C:\Users\Satheesh\.m2\repository\com\google\auto\service\auto-service\1.0.1\auto-service-1.0.1.jar;C:\Users\Satheesh\.m2\repository\com\google\auto\auto-common\1.2\auto-common-1.2.jar;C:\Users\Satheesh\.m2\repository\com\google\guava\guava\31.1-jre\guava-31.1-jre.jar;C:\Users\Satheesh\.m2\repository\com\google\guava\failureaccess\1.0.1\failureaccess-1.0.1.jar;C:\Users\Satheesh\.m2\repository\com\google\guava\listenablefuture\9999.0-empty-to-avoid-conflict-with-guava\listenablefuture-9999.0-empty-to-avoid-conflict-with-guava.jar;C:\Users\Satheesh\.m2\repository\com\google\code\findbugs\jsr305\3.0.2\jsr305-3.0.2.jar;C:\Users\Satheesh\.m2\repository\org\checkerframework\checker-qual\3.12.0\checker-qual-3.12.0.jar;C:\Users\Satheesh\.m2\repository\com\google\errorprone\error_prone_annotations\2.11.0\error_prone_annotations-2.11.0.jar;C:\Users\Satheesh\.m2\repository\com\google\j2objc\j2objc-annotations\1.3\j2objc-annotations-1.3.jar;C:\Users\Satheesh\.m2\repository\org\seleniumhq\selenium\selenium-chromium-driver\4.7.2\selenium-chromium-driver-4.7.2.jar;C:\Users\Satheesh\.m2\repository\org\seleniumhq\selenium\selenium-json\4.7.2\selenium-json-4.7.2.jar;C:\Users\Satheesh\.m2\repository\org\seleniumhq\selenium\selenium-devtools-v106\4.7.2\selenium-devtools-v106-4.7.2.jar;C:\Users\Satheesh\.m2\repository\org\seleniumhq\selenium\selenium-devtools-v107
Launcher Type: SUN_STANDARD

[Global flags]
     intx CICompilerCount                          = 4                                         {product} {ergonomic}
     uint ConcGCThreads                            = 2                                         {product} {ergonomic}
     uint G1ConcRefinementThreads                  = 8                                         {product} {ergonomic}
   size_t G1HeapRegionSize                         = 1048576                                   {product} {ergonomic}
    uintx GCDrainStackTargetSize                   = 64                                        {product} {ergonomic}
   size_t InitialHeapSize                          = 132120576                                 {product} {ergonomic}
   size_t MarkStackSize                            = 4194304                                   {product} {ergonomic}
   size_t MaxHeapSize                              = 2107637760                                {product} {ergonomic}
   size_t MaxNewSize                               = 1264582656                                {product} {ergonomic}
   size_t MinHeapDeltaBytes                        = 1048576                                   {product} {ergonomic}
   size_t MinHeapSize                              = 8388608                                   {product} {ergonomic}
    uintx NonNMethodCodeHeapSize                   = 5839372                                {pd product} {ergonomic}
    uintx NonProfiledCodeHeapSize                  = 122909434                              {pd product} {ergonomic}
    uintx ProfiledCodeHeapSize                     = 122909434                              {pd product} {ergonomic}
    uintx ReservedCodeCacheSize                    = 251658240                              {pd product} {ergonomic}
     bool SegmentedCodeCache                       = true                                      {product} {ergonomic}
     bool ShowCodeDetailsInExceptionMessages       = true                                   {manageable} {command line}
   size_t SoftMaxHeapSize                          = 2107637760                             {manageable} {ergonomic}
     bool UseCompressedClassPointers               = true                           {product lp64_product} {ergonomic}
     bool UseCompressedOops                        = true                           {product lp64_product} {ergonomic}
     bool UseG1GC                                  = true                                      {product} {ergonomic}
     bool UseLargePagesIndividualAllocation        = false                                  {pd product} {ergonomic}

Logging:
Log output configuration:
 #0: stdout all=warning uptime,level,tags
 #1: stderr all=off uptime,level,tags

Environment Variables:
PATH=C:/Program Files/Java/jdk-17.0.5/bin/server;C:/Program Files/Java/jdk-17.0.5/bin;C:\Program Files\Common Files\Oracle\Java\javapath;C:\Program Files (x86)\Common Files\Oracle\Java\javapath;C:\Windows\system32;C:\Windows;C:\Windows\System32\Wbem;C:\Windows\System32\WindowsPowerShell\v1.0\;C:\Windows\System32\OpenSSH\;C:\Program Files (x86)\NVIDIA Corporation\PhysX\Common;C:\Program Files\NVIDIA Corporation\NVIDIA NvDLISR;C:\Android;C:\WINDOWS\system32;C:\WINDOWS;C:\WINDOWS\System32\Wbem;C:\WINDOWS\System32\WindowsPowerShell\v1.0\;C:\WINDOWS\System32\OpenSSH\;C:\Program Files\Common Files\Autodesk Shared\;C:\Program Files (x86)\Autodesk\Backburner\;C:\Program Files\apache-maven-3.8.6\bin;"C:\Users\Satheesh\AppData\Local\Microsoft\WindowsApps;C:\Program Files\Java\jdk-17.0.5\bin;C:\Program Files\apache-maven-3.8.6\bin";;C:\WINDOWS\system32;
USERNAME=Satheesh
OS=Windows_NT
PROCESSOR_IDENTIFIER=Intel64 Family 6 Model 142 Stepping 12, GenuineIntel



---------------  S Y S T E M  ---------------

OS:
 Windows 10 , 64 bit Build 19041 (10.0.19041.2364)
OS uptime: 2 days 2:01 hours

CPU: total 8 (initial active 8) (4 cores per cpu, 2 threads per core) family 6 model 142 stepping 12 microcode 0xb8, cx8, cmov, fxsr, ht, mmx, 3dnowpref, sse, sse2, sse3, ssse3, sse4.1, sse4.2, popcnt, lzcnt, tsc, tscinvbit, avx, avx2, aes, erms, clmul, bmi1, bmi2, adx, fma, vzeroupper, clflush, clflushopt

Memory: 4k page, system-wide physical 8039M (922M free)
TotalPageFile size 12820M (AvailPageFile size 2M)
current process WorkingSet (physical memory assigned to process): 62M, peak: 62M
current process commit charge ("private bytes"): 227M, peak: 231M

vm_info: Java HotSpot(TM) 64-Bit Server VM (17.0.5+9-LTS-191) for windows-amd64 JRE (17.0.5+9-LTS-191), built on Sep 13 2022 17:31:43 by "mach5one" with MS VC++ 16.8 / 16.9 (VS2019)

END.
