#
# There is insufficient memory for the Java Runtime Environment to continue.
# Native memory allocation (mmap) failed to map 65536 bytes for Failed to commit metaspace.
# Possible reasons:
#   The system is out of physical RAM or swap space
#   The process is running with CompressedOops enabled, and the Java Heap may be blocking the growth of the native heap
# Possible solutions:
#   Reduce memory load on the system
#   Increase physical memory or swap space
#   Check if swap backing store is full
#   Decrease Java heap size (-Xmx/-Xms)
#   Decrease number of Java threads
#   Decrease Java thread stack sizes (-Xss)
#   Set larger code cache with -XX:ReservedCodeCacheSize=
#   JVM is running with Unscaled Compressed Oops mode in which the Java heap is
#     placed in the first 4GB address space. The Java Heap base address is the
#     maximum limit for the native heap growth. Please use -XX:HeapBaseMinAddress
#     to set the Java Heap base and to place the Java Heap above 4GB virtual address.
# This output file may be truncated or incomplete.
#
#  Out of Memory Error (virtualSpaceNode.cpp:110), pid=4252, tid=6356
#
# JRE version: Java(TM) SE Runtime Environment (17.0.5+9) (build 17.0.5+9-LTS-191)
# Java VM: Java HotSpot(TM) 64-Bit Server VM (17.0.5+9-LTS-191, mixed mode, sharing, tiered, compressed oops, compressed class ptrs, g1 gc, windows-amd64)
# No core dump will be written. Minidumps are not enabled by default on client versions of Windows
#

---------------  S U M M A R Y ------------

Command Line: -ea -Dfile.encoding=UTF-8 -XX:+ShowCodeDetailsInExceptionMessages org.testng.remote.RemoteTestNG -serport 51527 -protocol json -d C:\Users\Satheesh\Desktop\KarthikaJava\Workspace\seleniumProject\test-output C:\Users\Satheesh\AppData\Local\Temp\testng-eclipse-2134382710\testng-customsuite.xml

Host: Intel(R) Core(TM) i5-8265U CPU @ 1.60GHz, 8 cores, 7G,  Windows 10 , 64 bit Build 19041 (10.0.19041.2364)
Time: Fri Jan 13 21:46:17 2023 India Standard Time elapsed time: 0.330065 seconds (0d 0h 0m 0s)

---------------  T H R E A D  ---------------

Current thread (0x000002535fe717c0):  JavaThread "main" [_thread_in_vm, id=6356, stack(0x000000a479f00000,0x000000a47a000000)]

Stack: [0x000000a479f00000,0x000000a47a000000]
Native frames: (J=compiled Java code, j=interpreted, Vv=VM code, C=native code)
V  [jvm.dll+0x672eea]
V  [jvm.dll+0x7d2a04]
V  [jvm.dll+0x7d41ae]
V  [jvm.dll+0x7d4813]
V  [jvm.dll+0x242c15]
V  [jvm.dll+0x7ce9ab]
V  [jvm.dll+0x618bb6]
V  [jvm.dll+0x618c1a]
V  [jvm.dll+0x61b42a]
V  [jvm.dll+0x619556]
V  [jvm.dll+0x6232b7]
V  [jvm.dll+0x1e7e7b]
V  [jvm.dll+0x1e83b5]
V  [jvm.dll+0x1e8def]
V  [jvm.dll+0x1de2a1]
V  [jvm.dll+0x5393e0]
V  [jvm.dll+0x1eea87]
V  [jvm.dll+0x74c92b]
V  [jvm.dll+0x74dcd2]
V  [jvm.dll+0x74e008]
V  [jvm.dll+0x23b08e]
V  [jvm.dll+0x624a91]
V  [jvm.dll+0x37c605]
C  0x00000253676eb4c0

Java frames: (J=compiled Java code, j=interpreted, Vv=VM code)
j  jdk.internal.loader.URLClassPath$JarLoader.ensureOpen()V+19 java.base@17.0.5
j  jdk.internal.loader.URLClassPath$JarLoader.<init>(Ljava/net/URL;Ljava/net/URLStreamHandler;Ljava/util/HashMap;Ljava/security/AccessControlContext;)V+63 java.base@17.0.5
j  jdk.internal.loader.URLClassPath$3.run()Ljdk/internal/loader/URLClassPath$Loader;+168 java.base@17.0.5
j  jdk.internal.loader.URLClassPath$3.run()Ljava/lang/Object;+1 java.base@17.0.5
j  java.security.AccessController.executePrivileged(Ljava/security/PrivilegedExceptionAction;Ljava/security/AccessControlContext;Ljava/lang/Class;)Ljava/lang/Object;+29 java.base@17.0.5
j  java.security.AccessController.doPrivileged(Ljava/security/PrivilegedExceptionAction;Ljava/security/AccessControlContext;)Ljava/lang/Object;+13 java.base@17.0.5
j  jdk.internal.loader.URLClassPath.getLoader(Ljava/net/URL;)Ljdk/internal/loader/URLClassPath$Loader;+13 java.base@17.0.5
j  jdk.internal.loader.URLClassPath.getLoader(I)Ljdk/internal/loader/URLClassPath$Loader;+81 java.base@17.0.5
j  jdk.internal.loader.URLClassPath.getResource(Ljava/lang/String;Z)Ljdk/internal/loader/Resource;+42 java.base@17.0.5
j  jdk.internal.loader.BuiltinClassLoader.findClassOnClassPathOrNull(Ljava/lang/String;)Ljava/lang/Class;+26 java.base@17.0.5
j  jdk.internal.loader.BuiltinClassLoader.loadClassOrNull(Ljava/lang/String;Z)Ljava/lang/Class;+111 java.base@17.0.5
j  jdk.internal.loader.BuiltinClassLoader.loadClass(Ljava/lang/String;Z)Ljava/lang/Class;+3 java.base@17.0.5
j  jdk.internal.loader.ClassLoaders$AppClassLoader.loadClass(Ljava/lang/String;Z)Ljava/lang/Class;+36 java.base@17.0.5
j  java.lang.ClassLoader.loadClass(Ljava/lang/String;)Ljava/lang/Class;+3 java.base@17.0.5
v  ~StubRoutines::call_stub
j  java.lang.Class.getDeclaredMethods0(Z)[Ljava/lang/reflect/Method;+0 java.base@17.0.5
j  java.lang.Class.privateGetDeclaredMethods(Z)[Ljava/lang/reflect/Method;+34 java.base@17.0.5
j  java.lang.Class.getMethodsRecursive(Ljava/lang/String;[Ljava/lang/Class;Z)Ljava/lang/PublicMethods$MethodList;+2 java.base@17.0.5
j  java.lang.Class.getMethod0(Ljava/lang/String;[Ljava/lang/Class;)Ljava/lang/reflect/Method;+14 java.base@17.0.5
j  java.lang.Class.getMethod(Ljava/lang/String;[Ljava/lang/Class;)Ljava/lang/reflect/Method;+26 java.base@17.0.5
j  sun.launcher.LauncherHelper.validateMainClass(Ljava/lang/Class;)V+16 java.base@17.0.5
j  sun.launcher.LauncherHelper.checkAndLoadMain(ZILjava/lang/String;)Ljava/lang/Class;+80 java.base@17.0.5
v  ~StubRoutines::call_stub

---------------  P R O C E S S  ---------------

Threads class SMR info:
_java_thread_list=0x000002537e9e51d0, length=12, elements={
0x000002535fe717c0, 0x000002537dec68d0, 0x000002537dec7390, 0x000002537ded8030,
0x000002537ded88f0, 0x000002537ded91b0, 0x000002537dee7fa0, 0x000002537dee9040,
0x000002537dee99f0, 0x000002537defaab0, 0x000002537e9d2d20, 0x000002537e9d36c0
}

Java Threads: ( => current thread )
=>0x000002535fe717c0 JavaThread "main" [_thread_in_vm, id=6356, stack(0x000000a479f00000,0x000000a47a000000)]
  0x000002537dec68d0 JavaThread "Reference Handler" daemon [_thread_blocked, id=16812, stack(0x000000a47a600000,0x000000a47a700000)]
  0x000002537dec7390 JavaThread "Finalizer" daemon [_thread_blocked, id=2328, stack(0x000000a47a700000,0x000000a47a800000)]
  0x000002537ded8030 JavaThread "Signal Dispatcher" daemon [_thread_blocked, id=15868, stack(0x000000a47a800000,0x000000a47a900000)]
  0x000002537ded88f0 JavaThread "Attach Listener" daemon [_thread_blocked, id=16076, stack(0x000000a47a900000,0x000000a47aa00000)]
  0x000002537ded91b0 JavaThread "Service Thread" daemon [_thread_blocked, id=10972, stack(0x000000a47aa00000,0x000000a47ab00000)]
  0x000002537dee7fa0 JavaThread "Monitor Deflation Thread" daemon [_thread_blocked, id=11212, stack(0x000000a47ab00000,0x000000a47ac00000)]
  0x000002537dee9040 JavaThread "C2 CompilerThread0" daemon [_thread_blocked, id=16752, stack(0x000000a47ac00000,0x000000a47ad00000)]
  0x000002537dee99f0 JavaThread "C1 CompilerThread0" daemon [_thread_blocked, id=12140, stack(0x000000a47ad00000,0x000000a47ae00000)]
  0x000002537defaab0 JavaThread "Sweeper thread" daemon [_thread_blocked, id=16692, stack(0x000000a47ae00000,0x000000a47af00000)]
  0x000002537e9d2d20 JavaThread "Notification Thread" daemon [_thread_blocked, id=6888, stack(0x000000a47af00000,0x000000a47b000000)]
  0x000002537e9d36c0 JavaThread "Common-Cleaner" daemon [_thread_blocked, id=14848, stack(0x000000a47b100000,0x000000a47b200000)]

Other Threads:
  0x000002537dec1660 VMThread "VM Thread" [stack: 0x000000a47a500000,0x000000a47a600000] [id=16784]
  0x000002537e9d5cf0 WatcherThread [stack: 0x000000a47b000000,0x000000a47b100000] [id=5648]
  0x000002535fec98a0 GCTaskThread "GC Thread#0" [stack: 0x000000a47a000000,0x000000a47a100000] [id=16948]
  0x000002535fedc740 ConcurrentGCThread "G1 Main Marker" [stack: 0x000000a47a100000,0x000000a47a200000] [id=16808]
  0x000002535fede900 ConcurrentGCThread "G1 Conc#0" [stack: 0x000000a47a200000,0x000000a47a300000] [id=17036]
  0x000002537dd824c0 ConcurrentGCThread "G1 Refine#0" [stack: 0x000000a47a300000,0x000000a47a400000] [id=13672]
  0x000002537dd83ca0 ConcurrentGCThread "G1 Service" [stack: 0x000000a47a400000,0x000000a47a500000] [id=9092]

Threads with active compile tasks:

VM state: not at safepoint (normal execution)

VM Mutex/Monitor currently owned by a thread:  ([mutex/lock_event])
[0x000002535fe69800] Metaspace_lock - owner thread: 0x000002535fe717c0

OutOfMemory and StackOverflow Exception counts:
OutOfMemoryError java_heap_errors=1

Heap address: 0x0000000082600000, size: 2010 MB, Compressed Oops mode: 32-bit

CDS archive(s) mapped at: [0x0000000800000000-0x0000000800bd0000-0x0000000800bd0000), size 12386304, SharedBaseAddress: 0x0000000800000000, ArchiveRelocationMode: 0.
Compressed class space mapped at: 0x0000000800c00000-0x0000000840c00000, reserved size: 1073741824
Narrow klass base: 0x0000000800000000, Narrow klass shift: 0, Narrow klass range: 0x100000000

GC Precious Log:
 CPUs: 8 total, 8 available
 Memory: 8039M
 Large Page Support: Disabled
 NUMA Support: Disabled
 Compressed Oops: Enabled (32-bit)
 Heap Region Size: 1M
 Heap Min Capacity: 8M
 Heap Initial Capacity: 126M
 Heap Max Capacity: 2010M
 Pre-touch: Disabled
 Parallel Workers: 8
 Concurrent Workers: 2
 Concurrent Refinement Workers: 8
 Periodic GC: Disabled

Heap:
 garbage-first heap   total 129024K, used 1024K [0x0000000082600000, 0x0000000100000000)
  region size 1024K, 2 young (2048K), 0 survivors (0K)
 Metaspace       used 210K, committed 384K, reserved 1056768K
  class space    used 9K, committed 128K, reserved 1048576K

Heap Regions: E=young(eden), S=young(survivor), O=old, HS=humongous(starts), HC=humongous(continues), CS=collection set, F=free, OA=open archive, CA=closed archive, TAMS=top-at-mark-start (previous, next)
|   0|0x0000000082600000, 0x0000000082600000, 0x0000000082700000|  0%| F|  |TAMS 0x0000000082600000, 0x0000000082600000| Untracked 
|   1|0x0000000082700000, 0x0000000082700000, 0x0000000082800000|  0%| F|  |TAMS 0x0000000082700000, 0x0000000082700000| Untracked 
|   2|0x0000000082800000, 0x0000000082800000, 0x0000000082900000|  0%| F|  |TAMS 0x0000000082800000, 0x0000000082800000| Untracked 
|   3|0x0000000082900000, 0x0000000082900000, 0x0000000082a00000|  0%| F|  |TAMS 0x0000000082900000, 0x0000000082900000| Untracked 
|   4|0x0000000082a00000, 0x0000000082a00000, 0x0000000082b00000|  0%| F|  |TAMS 0x0000000082a00000, 0x0000000082a00000| Untracked 
|   5|0x0000000082b00000, 0x0000000082b00000, 0x0000000082c00000|  0%| F|  |TAMS 0x0000000082b00000, 0x0000000082b00000| Untracked 
|   6|0x0000000082c00000, 0x0000000082c00000, 0x0000000082d00000|  0%| F|  |TAMS 0x0000000082c00000, 0x0000000082c00000| Untracked 
|   7|0x0000000082d00000, 0x0000000082d00000, 0x0000000082e00000|  0%| F|  |TAMS 0x0000000082d00000, 0x0000000082d00000| Untracked 
|   8|0x0000000082e00000, 0x0000000082e00000, 0x0000000082f00000|  0%| F|  |TAMS 0x0000000082e00000, 0x0000000082e00000| Untracked 
|   9|0x0000000082f00000, 0x0000000082f00000, 0x0000000083000000|  0%| F|  |TAMS 0x0000000082f00000, 0x0000000082f00000| Untracked 
|  10|0x0000000083000000, 0x0000000083000000, 0x0000000083100000|  0%| F|  |TAMS 0x0000000083000000, 0x0000000083000000| Untracked 
|  11|0x0000000083100000, 0x0000000083100000, 0x0000000083200000|  0%| F|  |TAMS 0x0000000083100000, 0x0000000083100000| Untracked 
|  12|0x0000000083200000, 0x0000000083200000, 0x0000000083300000|  0%| F|  |TAMS 0x0000000083200000, 0x0000000083200000| Untracked 
|  13|0x0000000083300000, 0x0000000083300000, 0x0000000083400000|  0%| F|  |TAMS 0x0000000083300000, 0x0000000083300000| Untracked 
|  14|0x0000000083400000, 0x0000000083400000, 0x0000000083500000|  0%| F|  |TAMS 0x0000000083400000, 0x0000000083400000| Untracked 
|  15|0x0000000083500000, 0x0000000083500000, 0x0000000083600000|  0%| F|  |TAMS 0x0000000083500000, 0x0000000083500000| Untracked 
|  16|0x0000000083600000, 0x0000000083600000, 0x0000000083700000|  0%| F|  |TAMS 0x0000000083600000, 0x0000000083600000| Untracked 
|  17|0x0000000083700000, 0x0000000083700000, 0x0000000083800000|  0%| F|  |TAMS 0x0000000083700000, 0x0000000083700000| Untracked 
|  18|0x0000000083800000, 0x0000000083800000, 0x0000000083900000|  0%| F|  |TAMS 0x0000000083800000, 0x0000000083800000| Untracked 
|  19|0x0000000083900000, 0x0000000083900000, 0x0000000083a00000|  0%| F|  |TAMS 0x0000000083900000, 0x0000000083900000| Untracked 
|  20|0x0000000083a00000, 0x0000000083a00000, 0x0000000083b00000|  0%| F|  |TAMS 0x0000000083a00000, 0x0000000083a00000| Untracked 
|  21|0x0000000083b00000, 0x0000000083b00000, 0x0000000083c00000|  0%| F|  |TAMS 0x0000000083b00000, 0x0000000083b00000| Untracked 
|  22|0x0000000083c00000, 0x0000000083c00000, 0x0000000083d00000|  0%| F|  |TAMS 0x0000000083c00000, 0x0000000083c00000| Untracked 
|  23|0x0000000083d00000, 0x0000000083d00000, 0x0000000083e00000|  0%| F|  |TAMS 0x0000000083d00000, 0x0000000083d00000| Untracked 
|  24|0x0000000083e00000, 0x0000000083e00000, 0x0000000083f00000|  0%| F|  |TAMS 0x0000000083e00000, 0x0000000083e00000| Untracked 
|  25|0x0000000083f00000, 0x0000000083f00000, 0x0000000084000000|  0%| F|  |TAMS 0x0000000083f00000, 0x0000000083f00000| Untracked 
|  26|0x0000000084000000, 0x0000000084000000, 0x0000000084100000|  0%| F|  |TAMS 0x0000000084000000, 0x0000000084000000| Untracked 
|  27|0x0000000084100000, 0x0000000084100000, 0x0000000084200000|  0%| F|  |TAMS 0x0000000084100000, 0x0000000084100000| Untracked 
|  28|0x0000000084200000, 0x0000000084200000, 0x0000000084300000|  0%| F|  |TAMS 0x0000000084200000, 0x0000000084200000| Untracked 
|  29|0x0000000084300000, 0x0000000084300000, 0x0000000084400000|  0%| F|  |TAMS 0x0000000084300000, 0x0000000084300000| Untracked 
|  30|0x0000000084400000, 0x0000000084400000, 0x0000000084500000|  0%| F|  |TAMS 0x0000000084400000, 0x0000000084400000| Untracked 
|  31|0x0000000084500000, 0x0000000084500000, 0x0000000084600000|  0%| F|  |TAMS 0x0000000084500000, 0x0000000084500000| Untracked 
|  32|0x0000000084600000, 0x0000000084600000, 0x0000000084700000|  0%| F|  |TAMS 0x0000000084600000, 0x0000000084600000| Untracked 
|  33|0x0000000084700000, 0x0000000084700000, 0x0000000084800000|  0%| F|  |TAMS 0x0000000084700000, 0x0000000084700000| Untracked 
|  34|0x0000000084800000, 0x0000000084800000, 0x0000000084900000|  0%| F|  |TAMS 0x0000000084800000, 0x0000000084800000| Untracked 
|  35|0x0000000084900000, 0x0000000084900000, 0x0000000084a00000|  0%| F|  |TAMS 0x0000000084900000, 0x0000000084900000| Untracked 
|  36|0x0000000084a00000, 0x0000000084a00000, 0x0000000084b00000|  0%| F|  |TAMS 0x0000000084a00000, 0x0000000084a00000| Untracked 
|  37|0x0000000084b00000, 0x0000000084b00000, 0x0000000084c00000|  0%| F|  |TAMS 0x0000000084b00000, 0x0000000084b00000| Untracked 
|  38|0x0000000084c00000, 0x0000000084c00000, 0x0000000084d00000|  0%| F|  |TAMS 0x0000000084c00000, 0x0000000084c00000| Untracked 
|  39|0x0000000084d00000, 0x0000000084d00000, 0x0000000084e00000|  0%| F|  |TAMS 0x0000000084d00000, 0x0000000084d00000| Untracked 
|  40|0x0000000084e00000, 0x0000000084e00000, 0x0000000084f00000|  0%| F|  |TAMS 0x0000000084e00000, 0x0000000084e00000| Untracked 
|  41|0x0000000084f00000, 0x0000000084f00000, 0x0000000085000000|  0%| F|  |TAMS 0x0000000084f00000, 0x0000000084f00000| Untracked 
|  42|0x0000000085000000, 0x0000000085000000, 0x0000000085100000|  0%| F|  |TAMS 0x0000000085000000, 0x0000000085000000| Untracked 
|  43|0x0000000085100000, 0x0000000085100000, 0x0000000085200000|  0%| F|  |TAMS 0x0000000085100000, 0x0000000085100000| Untracked 
|  44|0x0000000085200000, 0x0000000085200000, 0x0000000085300000|  0%| F|  |TAMS 0x0000000085200000, 0x0000000085200000| Untracked 
|  45|0x0000000085300000, 0x0000000085300000, 0x0000000085400000|  0%| F|  |TAMS 0x0000000085300000, 0x0000000085300000| Untracked 
|  46|0x0000000085400000, 0x0000000085400000, 0x0000000085500000|  0%| F|  |TAMS 0x0000000085400000, 0x0000000085400000| Untracked 
|  47|0x0000000085500000, 0x0000000085500000, 0x0000000085600000|  0%| F|  |TAMS 0x0000000085500000, 0x0000000085500000| Untracked 
|  48|0x0000000085600000, 0x0000000085600000, 0x0000000085700000|  0%| F|  |TAMS 0x0000000085600000, 0x0000000085600000| Untracked 
|  49|0x0000000085700000, 0x0000000085700000, 0x0000000085800000|  0%| F|  |TAMS 0x0000000085700000, 0x0000000085700000| Untracked 
|  50|0x0000000085800000, 0x0000000085800000, 0x0000000085900000|  0%| F|  |TAMS 0x0000000085800000, 0x0000000085800000| Untracked 
|  51|0x0000000085900000, 0x0000000085900000, 0x0000000085a00000|  0%| F|  |TAMS 0x0000000085900000, 0x0000000085900000| Untracked 
|  52|0x0000000085a00000, 0x0000000085a00000, 0x0000000085b00000|  0%| F|  |TAMS 0x0000000085a00000, 0x0000000085a00000| Untracked 
|  53|0x0000000085b00000, 0x0000000085b00000, 0x0000000085c00000|  0%| F|  |TAMS 0x0000000085b00000, 0x0000000085b00000| Untracked 
|  54|0x0000000085c00000, 0x0000000085c00000, 0x0000000085d00000|  0%| F|  |TAMS 0x0000000085c00000, 0x0000000085c00000| Untracked 
|  55|0x0000000085d00000, 0x0000000085d00000, 0x0000000085e00000|  0%| F|  |TAMS 0x0000000085d00000, 0x0000000085d00000| Untracked 
|  56|0x0000000085e00000, 0x0000000085e00000, 0x0000000085f00000|  0%| F|  |TAMS 0x0000000085e00000, 0x0000000085e00000| Untracked 
|  57|0x0000000085f00000, 0x0000000085f00000, 0x0000000086000000|  0%| F|  |TAMS 0x0000000085f00000, 0x0000000085f00000| Untracked 
|  58|0x0000000086000000, 0x0000000086000000, 0x0000000086100000|  0%| F|  |TAMS 0x0000000086000000, 0x0000000086000000| Untracked 
|  59|0x0000000086100000, 0x0000000086100000, 0x0000000086200000|  0%| F|  |TAMS 0x0000000086100000, 0x0000000086100000| Untracked 
|  60|0x0000000086200000, 0x0000000086200000, 0x0000000086300000|  0%| F|  |TAMS 0x0000000086200000, 0x0000000086200000| Untracked 
|  61|0x0000000086300000, 0x0000000086300000, 0x0000000086400000|  0%| F|  |TAMS 0x0000000086300000, 0x0000000086300000| Untracked 
|  62|0x0000000086400000, 0x0000000086400000, 0x0000000086500000|  0%| F|  |TAMS 0x0000000086400000, 0x0000000086400000| Untracked 
|  63|0x0000000086500000, 0x0000000086500000, 0x0000000086600000|  0%| F|  |TAMS 0x0000000086500000, 0x0000000086500000| Untracked 
|  64|0x0000000086600000, 0x0000000086600000, 0x0000000086700000|  0%| F|  |TAMS 0x0000000086600000, 0x0000000086600000| Untracked 
|  65|0x0000000086700000, 0x0000000086700000, 0x0000000086800000|  0%| F|  |TAMS 0x0000000086700000, 0x0000000086700000| Untracked 
|  66|0x0000000086800000, 0x0000000086800000, 0x0000000086900000|  0%| F|  |TAMS 0x0000000086800000, 0x0000000086800000| Untracked 
|  67|0x0000000086900000, 0x0000000086900000, 0x0000000086a00000|  0%| F|  |TAMS 0x0000000086900000, 0x0000000086900000| Untracked 
|  68|0x0000000086a00000, 0x0000000086a00000, 0x0000000086b00000|  0%| F|  |TAMS 0x0000000086a00000, 0x0000000086a00000| Untracked 
|  69|0x0000000086b00000, 0x0000000086b00000, 0x0000000086c00000|  0%| F|  |TAMS 0x0000000086b00000, 0x0000000086b00000| Untracked 
|  70|0x0000000086c00000, 0x0000000086c00000, 0x0000000086d00000|  0%| F|  |TAMS 0x0000000086c00000, 0x0000000086c00000| Untracked 
|  71|0x0000000086d00000, 0x0000000086d00000, 0x0000000086e00000|  0%| F|  |TAMS 0x0000000086d00000, 0x0000000086d00000| Untracked 
|  72|0x0000000086e00000, 0x0000000086e00000, 0x0000000086f00000|  0%| F|  |TAMS 0x0000000086e00000, 0x0000000086e00000| Untracked 
|  73|0x0000000086f00000, 0x0000000086f00000, 0x0000000087000000|  0%| F|  |TAMS 0x0000000086f00000, 0x0000000086f00000| Untracked 
|  74|0x0000000087000000, 0x0000000087000000, 0x0000000087100000|  0%| F|  |TAMS 0x0000000087000000, 0x0000000087000000| Untracked 
|  75|0x0000000087100000, 0x0000000087100000, 0x0000000087200000|  0%| F|  |TAMS 0x0000000087100000, 0x0000000087100000| Untracked 
|  76|0x0000000087200000, 0x0000000087200000, 0x0000000087300000|  0%| F|  |TAMS 0x0000000087200000, 0x0000000087200000| Untracked 
|  77|0x0000000087300000, 0x0000000087300000, 0x0000000087400000|  0%| F|  |TAMS 0x0000000087300000, 0x0000000087300000| Untracked 
|  78|0x0000000087400000, 0x0000000087400000, 0x0000000087500000|  0%| F|  |TAMS 0x0000000087400000, 0x0000000087400000| Untracked 
|  79|0x0000000087500000, 0x0000000087500000, 0x0000000087600000|  0%| F|  |TAMS 0x0000000087500000, 0x0000000087500000| Untracked 
|  80|0x0000000087600000, 0x0000000087600000, 0x0000000087700000|  0%| F|  |TAMS 0x0000000087600000, 0x0000000087600000| Untracked 
|  81|0x0000000087700000, 0x0000000087700000, 0x0000000087800000|  0%| F|  |TAMS 0x0000000087700000, 0x0000000087700000| Untracked 
|  82|0x0000000087800000, 0x0000000087800000, 0x0000000087900000|  0%| F|  |TAMS 0x0000000087800000, 0x0000000087800000| Untracked 
|  83|0x0000000087900000, 0x0000000087900000, 0x0000000087a00000|  0%| F|  |TAMS 0x0000000087900000, 0x0000000087900000| Untracked 
|  84|0x0000000087a00000, 0x0000000087a00000, 0x0000000087b00000|  0%| F|  |TAMS 0x0000000087a00000, 0x0000000087a00000| Untracked 
|  85|0x0000000087b00000, 0x0000000087b00000, 0x0000000087c00000|  0%| F|  |TAMS 0x0000000087b00000, 0x0000000087b00000| Untracked 
|  86|0x0000000087c00000, 0x0000000087c00000, 0x0000000087d00000|  0%| F|  |TAMS 0x0000000087c00000, 0x0000000087c00000| Untracked 
|  87|0x0000000087d00000, 0x0000000087d00000, 0x0000000087e00000|  0%| F|  |TAMS 0x0000000087d00000, 0x0000000087d00000| Untracked 
|  88|0x0000000087e00000, 0x0000000087e00000, 0x0000000087f00000|  0%| F|  |TAMS 0x0000000087e00000, 0x0000000087e00000| Untracked 
|  89|0x0000000087f00000, 0x0000000087f00000, 0x0000000088000000|  0%| F|  |TAMS 0x0000000087f00000, 0x0000000087f00000| Untracked 
|  90|0x0000000088000000, 0x0000000088000000, 0x0000000088100000|  0%| F|  |TAMS 0x0000000088000000, 0x0000000088000000| Untracked 
|  91|0x0000000088100000, 0x0000000088100000, 0x0000000088200000|  0%| F|  |TAMS 0x0000000088100000, 0x0000000088100000| Untracked 
|  92|0x0000000088200000, 0x0000000088200000, 0x0000000088300000|  0%| F|  |TAMS 0x0000000088200000, 0x0000000088200000| Untracked 
|  93|0x0000000088300000, 0x0000000088300000, 0x0000000088400000|  0%| F|  |TAMS 0x0000000088300000, 0x0000000088300000| Untracked 
|  94|0x0000000088400000, 0x0000000088400000, 0x0000000088500000|  0%| F|  |TAMS 0x0000000088400000, 0x0000000088400000| Untracked 
|  95|0x0000000088500000, 0x0000000088500000, 0x0000000088600000|  0%| F|  |TAMS 0x0000000088500000, 0x0000000088500000| Untracked 
|  96|0x0000000088600000, 0x0000000088600000, 0x0000000088700000|  0%| F|  |TAMS 0x0000000088600000, 0x0000000088600000| Untracked 
|  97|0x0000000088700000, 0x0000000088700000, 0x0000000088800000|  0%| F|  |TAMS 0x0000000088700000, 0x0000000088700000| Untracked 
|  98|0x0000000088800000, 0x0000000088800000, 0x0000000088900000|  0%| F|  |TAMS 0x0000000088800000, 0x0000000088800000| Untracked 
|  99|0x0000000088900000, 0x0000000088900000, 0x0000000088a00000|  0%| F|  |TAMS 0x0000000088900000, 0x0000000088900000| Untracked 
| 100|0x0000000088a00000, 0x0000000088a00000, 0x0000000088b00000|  0%| F|  |TAMS 0x0000000088a00000, 0x0000000088a00000| Untracked 
| 101|0x0000000088b00000, 0x0000000088b00000, 0x0000000088c00000|  0%| F|  |TAMS 0x0000000088b00000, 0x0000000088b00000| Untracked 
| 102|0x0000000088c00000, 0x0000000088c00000, 0x0000000088d00000|  0%| F|  |TAMS 0x0000000088c00000, 0x0000000088c00000| Untracked 
| 103|0x0000000088d00000, 0x0000000088d00000, 0x0000000088e00000|  0%| F|  |TAMS 0x0000000088d00000, 0x0000000088d00000| Untracked 
| 104|0x0000000088e00000, 0x0000000088e00000, 0x0000000088f00000|  0%| F|  |TAMS 0x0000000088e00000, 0x0000000088e00000| Untracked 
| 105|0x0000000088f00000, 0x0000000088f00000, 0x0000000089000000|  0%| F|  |TAMS 0x0000000088f00000, 0x0000000088f00000| Untracked 
| 106|0x0000000089000000, 0x0000000089000000, 0x0000000089100000|  0%| F|  |TAMS 0x0000000089000000, 0x0000000089000000| Untracked 
| 107|0x0000000089100000, 0x0000000089100000, 0x0000000089200000|  0%| F|  |TAMS 0x0000000089100000, 0x0000000089100000| Untracked 
| 108|0x0000000089200000, 0x0000000089200000, 0x0000000089300000|  0%| F|  |TAMS 0x0000000089200000, 0x0000000089200000| Untracked 
| 109|0x0000000089300000, 0x0000000089300000, 0x0000000089400000|  0%| F|  |TAMS 0x0000000089300000, 0x0000000089300000| Untracked 
| 110|0x0000000089400000, 0x0000000089400000, 0x0000000089500000|  0%| F|  |TAMS 0x0000000089400000, 0x0000000089400000| Untracked 
| 111|0x0000000089500000, 0x0000000089500000, 0x0000000089600000|  0%| F|  |TAMS 0x0000000089500000, 0x0000000089500000| Untracked 
| 112|0x0000000089600000, 0x0000000089600000, 0x0000000089700000|  0%| F|  |TAMS 0x0000000089600000, 0x0000000089600000| Untracked 
| 113|0x0000000089700000, 0x0000000089700000, 0x0000000089800000|  0%| F|  |TAMS 0x0000000089700000, 0x0000000089700000| Untracked 
| 114|0x0000000089800000, 0x0000000089800000, 0x0000000089900000|  0%| F|  |TAMS 0x0000000089800000, 0x0000000089800000| Untracked 
| 115|0x0000000089900000, 0x0000000089900000, 0x0000000089a00000|  0%| F|  |TAMS 0x0000000089900000, 0x0000000089900000| Untracked 
| 116|0x0000000089a00000, 0x0000000089a00000, 0x0000000089b00000|  0%| F|  |TAMS 0x0000000089a00000, 0x0000000089a00000| Untracked 
| 117|0x0000000089b00000, 0x0000000089b00000, 0x0000000089c00000|  0%| F|  |TAMS 0x0000000089b00000, 0x0000000089b00000| Untracked 
| 118|0x0000000089c00000, 0x0000000089c00000, 0x0000000089d00000|  0%| F|  |TAMS 0x0000000089c00000, 0x0000000089c00000| Untracked 
| 119|0x0000000089d00000, 0x0000000089d00000, 0x0000000089e00000|  0%| F|  |TAMS 0x0000000089d00000, 0x0000000089d00000| Untracked 
| 120|0x0000000089e00000, 0x0000000089e00000, 0x0000000089f00000|  0%| F|  |TAMS 0x0000000089e00000, 0x0000000089e00000| Untracked 
| 121|0x0000000089f00000, 0x0000000089f00000, 0x000000008a000000|  0%| F|  |TAMS 0x0000000089f00000, 0x0000000089f00000| Untracked 
| 122|0x000000008a000000, 0x000000008a000000, 0x000000008a100000|  0%| F|  |TAMS 0x000000008a000000, 0x000000008a000000| Untracked 
| 123|0x000000008a100000, 0x000000008a100000, 0x000000008a200000|  0%| F|  |TAMS 0x000000008a100000, 0x000000008a100000| Untracked 
| 124|0x000000008a200000, 0x000000008a2ec140, 0x000000008a300000| 92%| E|  |TAMS 0x000000008a200000, 0x000000008a200000| Complete 
| 125|0x000000008a300000, 0x000000008a400000, 0x000000008a400000|100%| E|CS|TAMS 0x000000008a300000, 0x000000008a300000| Complete 

Card table byte_map: [0x0000025376e00000,0x00000253771f0000] _byte_map_base: 0x00000253769ed000

Marking Bits (Prev, Next): (CMBitMap*) 0x000002535fec9eb0, (CMBitMap*) 0x000002535fec9ef0
 Prev Bits: [0x00000253775e0000, 0x0000025379548000)
 Next Bits: [0x0000025379550000, 0x000002537b4b8000)

Polling page: 0x000002535dd50000

Metaspace:

Usage:
  Non-class:    201.55 KB used.
      Class:      9.18 KB used.
       Both:    210.73 KB used.

Virtual space:
  Non-class space:        8.00 MB reserved,     256.00 KB (  3%) committed,  1 nodes.
      Class space:        1.00 GB reserved,     128.00 KB ( <1%) committed,  1 nodes.
             Both:        1.01 GB reserved,     384.00 KB ( <1%) committed. 

Chunk freelists:
   Non-Class:  3.99 MB
       Class:  3.75 MB
        Both:  7.74 MB

MaxMetaspaceSize: unlimited
CompressedClassSpaceSize: 1.00 GB
Initial GC threshold: 21.00 MB
Current GC threshold: 21.00 MB
CDS: on
MetaspaceReclaimPolicy: balanced
 - commit_granule_bytes: 65536.
 - commit_granule_words: 8192.
 - virtual_space_node_default_size: 1048576.
 - enlarge_chunks_in_place: 1.
 - new_chunks_are_fully_committed: 0.
 - uncommit_free_chunks: 1.
 - use_allocation_guard: 0.
 - handle_deallocations: 1.


Internal statistics:

num_allocs_failed_limit: 0.
num_arena_births: 4.
num_arena_deaths: 0.
num_vsnodes_births: 2.
num_vsnodes_deaths: 0.
num_space_committed: 6.
num_space_uncommitted: 0.
num_chunks_returned_to_freelist: 0.
num_chunks_taken_from_freelist: 6.
num_chunk_merges: 0.
num_chunk_splits: 3.
num_chunks_enlarged: 1.
num_purges: 0.
num_inconsistent_stats: 0.

CodeHeap 'non-profiled nmethods': size=120000Kb used=18Kb max_used=18Kb free=119982Kb
 bounds [0x000002536f1b0000, 0x000002536f420000, 0x00000253766e0000]
CodeHeap 'profiled nmethods': size=120000Kb used=152Kb max_used=152Kb free=119847Kb
 bounds [0x0000025367c80000, 0x0000025367ef0000, 0x000002536f1b0000]
CodeHeap 'non-nmethods': size=5760Kb used=1058Kb max_used=1071Kb free=4701Kb
 bounds [0x00000253676e0000, 0x0000025367950000, 0x0000025367c80000]
 total_blobs=429 nmethods=109 adapters=233
 compilation: enabled
              stopped_count=0, restarted_count=0
 full_count=0

Compilation events (20 events):
Event: 0.120 Thread 0x000002537dee99f0  100       3       java.lang.CharacterDataLatin1::getProperties (11 bytes)
Event: 0.120 Thread 0x000002537dee99f0 nmethod 100 0x0000025367ca1f90 code [0x0000025367ca2120, 0x0000025367ca2258]
Event: 0.121 Thread 0x000002537dee99f0  101       3       java.lang.CharacterDataLatin1::toLowerCase (39 bytes)
Event: 0.121 Thread 0x000002537dee99f0 nmethod 101 0x0000025367ca2310 code [0x0000025367ca24c0, 0x0000025367ca2718]
Event: 0.121 Thread 0x000002537dee99f0  102       3       java.util.Arrays::copyOfRange (64 bytes)
Event: 0.121 Thread 0x000002537dee99f0 nmethod 102 0x0000025367ca2810 code [0x0000025367ca2a80, 0x0000025367ca3398]
Event: 0.121 Thread 0x000002537dee99f0  103       3       sun.nio.fs.WindowsPathParser::isInvalidPathChar (22 bytes)
Event: 0.121 Thread 0x000002537dee99f0 nmethod 103 0x0000025367ca3710 code [0x0000025367ca38e0, 0x0000025367ca3c28]
Event: 0.121 Thread 0x000002537dee99f0  108       3       java.util.zip.ZipFile$Source::zipCoderForPos (39 bytes)
Event: 0.122 Thread 0x000002537dee99f0 nmethod 108 0x0000025367ca3d90 code [0x0000025367ca3f60, 0x0000025367ca4348]
Event: 0.122 Thread 0x000002537dee99f0  104       3       java.util.zip.ZipUtils::CENCOM (9 bytes)
Event: 0.122 Thread 0x000002537dee99f0 nmethod 104 0x0000025367ca4510 code [0x0000025367ca46a0, 0x0000025367ca4858]
Event: 0.122 Thread 0x000002537dee99f0  105       3       java.util.zip.ZipUtils::CENEXT (9 bytes)
Event: 0.122 Thread 0x000002537dee99f0 nmethod 105 0x0000025367ca4990 code [0x0000025367ca4b20, 0x0000025367ca4cd8]
Event: 0.122 Thread 0x000002537dee99f0  106       3       java.util.zip.ZipFile$Source::isMetaName (141 bytes)
Event: 0.122 Thread 0x000002537dee99f0 nmethod 106 0x0000025367ca4e10 code [0x0000025367ca4fc0, 0x0000025367ca54d8]
Event: 0.122 Thread 0x000002537dee99f0  107       3       java.util.zip.ZipFile$Source::nextEntryPos (22 bytes)
Event: 0.122 Thread 0x000002537dee99f0 nmethod 107 0x0000025367ca5690 code [0x0000025367ca5840, 0x0000025367ca5b78]
Event: 0.122 Thread 0x000002537dee99f0  109       3       java.lang.Math::max (11 bytes)
Event: 0.122 Thread 0x000002537dee99f0 nmethod 109 0x0000025367ca5d10 code [0x0000025367ca5ea0, 0x0000025367ca5fd8]

GC Heap History (0 events):
No events

Deoptimization events (4 events):
Event: 0.110 Thread 0x000002535fe717c0 Uncommon trap: trap_request=0xffffff45 fr.pc=0x000002536f1b12f8 relative=0x0000000000000078
Event: 0.110 Thread 0x000002535fe717c0 Uncommon trap: reason=unstable_if action=reinterpret pc=0x000002536f1b12f8 method=java.lang.String.isLatin1()Z @ 10 c2
Event: 0.110 Thread 0x000002535fe717c0 DEOPT PACKING pc=0x000002536f1b12f8 sp=0x000000a479ffef90
Event: 0.110 Thread 0x000002535fe717c0 DEOPT UNPACKING pc=0x00000253677323a3 sp=0x000000a479ffeed0 mode 2

Classes unloaded (0 events):
No events

Classes redefined (0 events):
No events

Internal exceptions (1 events):
Event: 0.122 Thread 0x000002535fe717c0 Exception <a 'java/lang/OutOfMemoryError'{0x000000008a266a78}> (0x000000008a266a78) 
thrown [s\open\src\hotspot\share\prims\jni.cpp, line 535]

VM Operations (2 events):
Event: 0.117 Executing VM operation: HandshakeAllThreads
Event: 0.117 Executing VM operation: HandshakeAllThreads done

Events (20 events):
Event: 0.029 loading class sun/nio/cs/UTF_8$Encoder done
Event: 0.031 Thread 0x000002537ded8030 Thread added: 0x000002537ded8030
Event: 0.031 Thread 0x000002537ded88f0 Thread added: 0x000002537ded88f0
Event: 0.031 Thread 0x000002537ded91b0 Thread added: 0x000002537ded91b0
Event: 0.031 Thread 0x000002537dee7fa0 Thread added: 0x000002537dee7fa0
Event: 0.031 Thread 0x000002537dee9040 Thread added: 0x000002537dee9040
Event: 0.031 Thread 0x000002537dee99f0 Thread added: 0x000002537dee99f0
Event: 0.031 Thread 0x000002537defaab0 Thread added: 0x000002537defaab0
Event: 0.107 Thread 0x000002537e9d2d20 Thread added: 0x000002537e9d2d20
Event: 0.111 Thread 0x000002537e9d36c0 Thread added: 0x000002537e9d36c0
Event: 0.113 Loaded shared library C:\Program Files\Java\jdk-17.0.5\bin\net.dll
Event: 0.114 Loaded shared library C:\Program Files\Java\jdk-17.0.5\bin\nio.dll
Event: 0.117 Loaded shared library C:\Program Files\Java\jdk-17.0.5\bin\zip.dll
Event: 0.119 loading class jdk/internal/loader/URLClassPath$FileLoader
Event: 0.119 loading class jdk/internal/loader/URLClassPath$FileLoader done
Event: 0.123 loading class java/util/zip/DataFormatException
Event: 0.123 loading class java/util/zip/DataFormatException done
Event: 0.123 loading class java/io/IOException
Event: 0.123 loading class java/io/IOException done
Event: 0.123 loading class java/security/PrivilegedActionException


Dynamic libraries:
0x00007ff60eb00000 - 0x00007ff60eb10000 	C:\Program Files\Java\jdk-17.0.5\bin\javaw.exe
0x00007ffb5d430000 - 0x00007ffb5d628000 	C:\WINDOWS\SYSTEM32\ntdll.dll
0x00007ffb5cbd0000 - 0x00007ffb5cc8f000 	C:\WINDOWS\System32\KERNEL32.DLL
0x00007ffb5acb0000 - 0x00007ffb5af82000 	C:\WINDOWS\System32\KERNELBASE.dll
0x00007ffb5af90000 - 0x00007ffb5b090000 	C:\WINDOWS\System32\ucrtbase.dll
0x00007ffb26660000 - 0x00007ffb2667a000 	C:\Program Files\Java\jdk-17.0.5\bin\VCRUNTIME140.dll
0x00007ffb26640000 - 0x00007ffb26658000 	C:\Program Files\Java\jdk-17.0.5\bin\jli.dll
0x00007ffb5bc70000 - 0x00007ffb5bd1e000 	C:\WINDOWS\System32\ADVAPI32.dll
0x00007ffb5bda0000 - 0x00007ffb5be3e000 	C:\WINDOWS\System32\msvcrt.dll
0x00007ffb5ce70000 - 0x00007ffb5cf0c000 	C:\WINDOWS\System32\sechost.dll
0x00007ffb5c230000 - 0x00007ffb5c355000 	C:\WINDOWS\System32\RPCRT4.dll
0x00007ffb5c060000 - 0x00007ffb5c201000 	C:\WINDOWS\System32\USER32.dll
0x00007ffb5b240000 - 0x00007ffb5b262000 	C:\WINDOWS\System32\win32u.dll
0x00007ffb46a40000 - 0x00007ffb46cda000 	C:\WINDOWS\WinSxS\amd64_microsoft.windows.common-controls_6595b64144ccf1df_6.0.19041.1110_none_60b5254171f9507e\COMCTL32.dll
0x00007ffb5bc40000 - 0x00007ffb5bc6b000 	C:\WINDOWS\System32\GDI32.dll
0x00007ffb5b360000 - 0x00007ffb5b46f000 	C:\WINDOWS\System32\gdi32full.dll
0x00007ffb5b270000 - 0x00007ffb5b30d000 	C:\WINDOWS\System32\msvcp_win.dll
0x00007ffb52770000 - 0x00007ffb5277a000 	C:\WINDOWS\SYSTEM32\VERSION.dll
0x00007ffb5cf10000 - 0x00007ffb5cf42000 	C:\WINDOWS\System32\IMM32.DLL
0x00007ffb4d310000 - 0x00007ffb4d31c000 	C:\Program Files\Java\jdk-17.0.5\bin\vcruntime140_1.dll
0x00007ffb249d0000 - 0x00007ffb24a5d000 	C:\Program Files\Java\jdk-17.0.5\bin\msvcp140.dll
0x00007ffb0e7f0000 - 0x00007ffb0f3b2000 	C:\Program Files\Java\jdk-17.0.5\bin\server\jvm.dll
0x00007ffb5cbc0000 - 0x00007ffb5cbc8000 	C:\WINDOWS\System32\PSAPI.DLL
0x00007ffb4c7b0000 - 0x00007ffb4c7b9000 	C:\WINDOWS\SYSTEM32\WSOCK32.dll
0x00007ffb5be40000 - 0x00007ffb5beab000 	C:\WINDOWS\System32\WS2_32.dll
0x00007ffb4ec40000 - 0x00007ffb4ec67000 	C:\WINDOWS\SYSTEM32\WINMM.dll
0x00007ffb59370000 - 0x00007ffb59382000 	C:\WINDOWS\SYSTEM32\kernel.appcore.dll
0x00007ffb55ec0000 - 0x00007ffb55eca000 	C:\Program Files\Java\jdk-17.0.5\bin\jimage.dll
0x00007ffb58720000 - 0x00007ffb58904000 	C:\WINDOWS\SYSTEM32\DBGHELP.DLL
0x00007ffb48370000 - 0x00007ffb483a5000 	C:\WINDOWS\SYSTEM32\dbgcore.DLL
0x00007ffb5b090000 - 0x00007ffb5b112000 	C:\WINDOWS\System32\bcryptPrimitives.dll
0x00007ffb4a4c0000 - 0x00007ffb4a4e5000 	C:\Program Files\Java\jdk-17.0.5\bin\java.dll
0x00007ffb48690000 - 0x00007ffb48766000 	C:\Program Files\Java\jdk-17.0.5\bin\jsvml.dll
0x00007ffb5c360000 - 0x00007ffb5caa4000 	C:\WINDOWS\System32\SHELL32.dll
0x00007ffb58bc0000 - 0x00007ffb59352000 	C:\WINDOWS\SYSTEM32\windows.storage.dll
0x00007ffb5d090000 - 0x00007ffb5d3e5000 	C:\WINDOWS\System32\combase.dll
0x00007ffb5a510000 - 0x00007ffb5a540000 	C:\WINDOWS\SYSTEM32\Wldp.dll
0x00007ffb5cc90000 - 0x00007ffb5cd3d000 	C:\WINDOWS\System32\SHCORE.dll
0x00007ffb5cab0000 - 0x00007ffb5cb05000 	C:\WINDOWS\System32\shlwapi.dll
0x00007ffb5aa60000 - 0x00007ffb5aa7f000 	C:\WINDOWS\SYSTEM32\profapi.dll
0x00007ffb4b400000 - 0x00007ffb4b419000 	C:\Program Files\Java\jdk-17.0.5\bin\net.dll
0x00007ffb52220000 - 0x00007ffb5232c000 	C:\WINDOWS\SYSTEM32\WINHTTP.dll
0x00007ffb5a270000 - 0x00007ffb5a2da000 	C:\WINDOWS\system32\mswsock.dll
0x00007ffb4a4a0000 - 0x00007ffb4a4b6000 	C:\Program Files\Java\jdk-17.0.5\bin\nio.dll
0x00007ffb4a480000 - 0x00007ffb4a498000 	C:\Program Files\Java\jdk-17.0.5\bin\zip.dll

dbghelp: loaded successfully - version: 4.0.5 - missing functions: none
symbol engine: initialized successfully - sym options: 0x614 - pdb path: .;C:\Program Files\Java\jdk-17.0.5\bin;C:\WINDOWS\SYSTEM32;C:\WINDOWS\WinSxS\amd64_microsoft.windows.common-controls_6595b64144ccf1df_6.0.19041.1110_none_60b5254171f9507e;C:\Program Files\Java\jdk-17.0.5\bin\server

VM Arguments:
jvm_args: -ea -Dfile.encoding=UTF-8 -XX:+ShowCodeDetailsInExceptionMessages 
java_command: org.testng.remote.RemoteTestNG -serport 51527 -protocol json -d C:\Users\Satheesh\Desktop\KarthikaJava\Workspace\seleniumProject\test-output C:\Users\Satheesh\AppData\Local\Temp\testng-eclipse-2134382710\testng-customsuite.xml
java_class_path (initial): C:\Users\Satheesh\eclipse\java-2022-09\eclipse\configuration\org.eclipse.osgi\438\0\.cp\lib\testng-remote.jar;C:\Users\Satheesh\Desktop\KarthikaJava\Workspace\seleniumProject\target\test-classes;C:\Users\Satheesh\Desktop\KarthikaJava\Workspace\seleniumProject\target\classes;C:\Users\Satheesh\.m2\repository\org\seleniumhq\selenium\selenium-java\4.7.2\selenium-java-4.7.2.jar;C:\Users\Satheesh\.m2\repository\org\seleniumhq\selenium\selenium-api\4.7.2\selenium-api-4.7.2.jar;C:\Users\Satheesh\.m2\repository\org\seleniumhq\selenium\selenium-chrome-driver\4.7.2\selenium-chrome-driver-4.7.2.jar;C:\Users\Satheesh\.m2\repository\com\google\auto\service\auto-service-annotations\1.0.1\auto-service-annotations-1.0.1.jar;C:\Users\Satheesh\.m2\repository\com\google\auto\service\auto-service\1.0.1\auto-service-1.0.1.jar;C:\Users\Satheesh\.m2\repository\com\google\auto\auto-common\1.2\auto-common-1.2.jar;C:\Users\Satheesh\.m2\repository\com\google\guava\guava\31.1-jre\guava-31.1-jre.jar;C:\Users\Satheesh\.m2\repository\com\google\guava\failureaccess\1.0.1\failureaccess-1.0.1.jar;C:\Users\Satheesh\.m2\repository\com\google\guava\listenablefuture\9999.0-empty-to-avoid-conflict-with-guava\listenablefuture-9999.0-empty-to-avoid-conflict-with-guava.jar;C:\Users\Satheesh\.m2\repository\com\google\code\findbugs\jsr305\3.0.2\jsr305-3.0.2.jar;C:\Users\Satheesh\.m2\repository\org\checkerframework\checker-qual\3.12.0\checker-qual-3.12.0.jar;C:\Users\Satheesh\.m2\repository\com\google\errorprone\error_prone_annotations\2.11.0\error_prone_annotations-2.11.0.jar;C:\Users\Satheesh\.m2\repository\com\google\j2objc\j2objc-annotations\1.3\j2objc-annotations-1.3.jar;C:\Users\Satheesh\.m2\repository\org\seleniumhq\selenium\selenium-chromium-driver\4.7.2\selenium-chromium-driver-4.7.2.jar;C:\Users\Satheesh\.m2\repository\org\seleniumhq\selenium\selenium-json\4.7.2\selenium-json-4.7.2.jar;C:\Users\Satheesh\.m2\repository\org\seleniumhq\selenium\selenium-devtools-v106\4.7.2\se
Launcher Type: SUN_STANDARD

[Global flags]
     intx CICompilerCount                          = 4                                         {product} {ergonomic}
     uint ConcGCThreads                            = 2                                         {product} {ergonomic}
     uint G1ConcRefinementThreads                  = 8                                         {product} {ergonomic}
   size_t G1HeapRegionSize                         = 1048576                                   {product} {ergonomic}
    uintx GCDrainStackTargetSize                   = 64                                        {product} {ergonomic}
   size_t InitialHeapSize                          = 132120576                                 {product} {ergonomic}
   size_t MarkStackSize                            = 4194304                                   {product} {ergonomic}
   size_t MaxHeapSize                              = 2107637760                                {product} {ergonomic}
   size_t MaxNewSize                               = 1264582656                                {product} {ergonomic}
   size_t MinHeapDeltaBytes                        = 1048576                                   {product} {ergonomic}
   size_t MinHeapSize                              = 8388608                                   {product} {ergonomic}
    uintx NonNMethodCodeHeapSize                   = 5839372                                {pd product} {ergonomic}
    uintx NonProfiledCodeHeapSize                  = 122909434                              {pd product} {ergonomic}
    uintx ProfiledCodeHeapSize                     = 122909434                              {pd product} {ergonomic}
    uintx ReservedCodeCacheSize                    = 251658240                              {pd product} {ergonomic}
     bool SegmentedCodeCache                       = true                                      {product} {ergonomic}
     bool ShowCodeDetailsInExceptionMessages       = true                                   {manageable} {command line}
   size_t SoftMaxHeapSize                          = 2107637760                             {manageable} {ergonomic}
     bool UseCompressedClassPointers               = true                           {product lp64_product} {ergonomic}
     bool UseCompressedOops                        = true                           {product lp64_product} {ergonomic}
     bool UseG1GC                                  = true                                      {product} {ergonomic}
     bool UseLargePagesIndividualAllocation        = false                                  {pd product} {ergonomic}

Logging:
Log output configuration:
 #0: stdout all=warning uptime,level,tags
 #1: stderr all=off uptime,level,tags

Environment Variables:
PATH=C:/Program Files/Java/jdk-17.0.5/bin/server;C:/Program Files/Java/jdk-17.0.5/bin;C:\Program Files\Common Files\Oracle\Java\javapath;C:\Program Files (x86)\Common Files\Oracle\Java\javapath;C:\Windows\system32;C:\Windows;C:\Windows\System32\Wbem;C:\Windows\System32\WindowsPowerShell\v1.0\;C:\Windows\System32\OpenSSH\;C:\Program Files (x86)\NVIDIA Corporation\PhysX\Common;C:\Program Files\NVIDIA Corporation\NVIDIA NvDLISR;C:\Android;C:\WINDOWS\system32;C:\WINDOWS;C:\WINDOWS\System32\Wbem;C:\WINDOWS\System32\WindowsPowerShell\v1.0\;C:\WINDOWS\System32\OpenSSH\;C:\Program Files\Common Files\Autodesk Shared\;C:\Program Files (x86)\Autodesk\Backburner\;C:\Program Files\apache-maven-3.8.6\bin;"C:\Users\Satheesh\AppData\Local\Microsoft\WindowsApps;C:\Program Files\Java\jdk-17.0.5\bin;C:\Program Files\apache-maven-3.8.6\bin";;C:\WINDOWS\system32;
USERNAME=Satheesh
OS=Windows_NT
PROCESSOR_IDENTIFIER=Intel64 Family 6 Model 142 Stepping 12, GenuineIntel



---------------  S Y S T E M  ---------------

OS:
 Windows 10 , 64 bit Build 19041 (10.0.19041.2364)
OS uptime: 0 days 12:54 hours

CPU: total 8 (initial active 8) (4 cores per cpu, 2 threads per core) family 6 model 142 stepping 12 microcode 0xb8, cx8, cmov, fxsr, ht, mmx, 3dnowpref, sse, sse2, sse3, ssse3, sse4.1, sse4.2, popcnt, lzcnt, tsc, tscinvbit, avx, avx2, aes, erms, clmul, bmi1, bmi2, adx, fma, vzeroupper, clflush, clflushopt

Memory: 4k page, system-wide physical 8039M (2499M free)
TotalPageFile size 9978M (AvailPageFile size 7M)
current process WorkingSet (physical memory assigned to process): 28M, peak: 28M
current process commit charge ("private bytes"): 207M, peak: 207M

vm_info: Java HotSpot(TM) 64-Bit Server VM (17.0.5+9-LTS-191) for windows-amd64 JRE (17.0.5+9-LTS-191), built on Sep 13 2022 17:31:43 by "mach5one" with MS VC++ 16.8 / 16.9 (VS2019)

END.
