#
# There is insufficient memory for the Java Runtime Environment to continue.
# Native memory allocation (malloc) failed to allocate 277536 bytes for Chunk::new
# Possible reasons:
#   The system is out of physical RAM or swap space
#   The process is running with CompressedOops enabled, and the Java Heap may be blocking the growth of the native heap
# Possible solutions:
#   Reduce memory load on the system
#   Increase physical memory or swap space
#   Check if swap backing store is full
#   Decrease Java heap size (-Xmx/-Xms)
#   Decrease number of Java threads
#   Decrease Java thread stack sizes (-Xss)
#   Set larger code cache with -XX:ReservedCodeCacheSize=
#   JVM is running with Unscaled Compressed Oops mode in which the Java heap is
#     placed in the first 4GB address space. The Java Heap base address is the
#     maximum limit for the native heap growth. Please use -XX:HeapBaseMinAddress
#     to set the Java Heap base and to place the Java Heap above 4GB virtual address.
# This output file may be truncated or incomplete.
#
#  Out of Memory Error (arena.cpp:189), pid=11236, tid=20272
#
# JRE version: Java(TM) SE Runtime Environment (17.0.5+9) (build 17.0.5+9-LTS-191)
# Java VM: Java HotSpot(TM) 64-Bit Server VM (17.0.5+9-LTS-191, mixed mode, sharing, tiered, compressed oops, compressed class ptrs, g1 gc, windows-amd64)
# No core dump will be written. Minidumps are not enabled by default on client versions of Windows
#

---------------  S U M M A R Y ------------

Command Line: -Dfile.encoding=UTF-8 -XX:+ShowCodeDetailsInExceptionMessages seleniumProject.FirstProgram

Host: Intel(R) Core(TM) i5-8265U CPU @ 1.60GHz, 8 cores, 7G,  Windows 10 , 64 bit Build 19041 (10.0.19041.2364)
Time: Mon Jan  9 22:34:18 2023 India Standard Time elapsed time: 1.534318 seconds (0d 0h 0m 1s)

---------------  T H R E A D  ---------------

Current thread (0x000001c67ada0740):  JavaThread "C2 CompilerThread1" daemon [_thread_in_native, id=20272, stack(0x000000b05d100000,0x000000b05d200000)]


Current CompileTask:
C2:   1534  409  s!   4       jdk.internal.loader.URLClassPath::getLoader (194 bytes)

Stack: [0x000000b05d100000,0x000000b05d200000]
Native frames: (J=compiled Java code, j=interpreted, Vv=VM code, C=native code)
V  [jvm.dll+0x672eea]
V  [jvm.dll+0x7d2a04]
V  [jvm.dll+0x7d41ae]
V  [jvm.dll+0x7d4813]
V  [jvm.dll+0x242c15]
V  [jvm.dll+0xaa57b]
V  [jvm.dll+0xaab0c]
V  [jvm.dll+0x2a997f]
V  [jvm.dll+0x57b307]
V  [jvm.dll+0x21de72]
V  [jvm.dll+0x21e24f]
V  [jvm.dll+0x217b15]
V  [jvm.dll+0x214fdb]
V  [jvm.dll+0x1a18ed]
V  [jvm.dll+0x22493a]
V  [jvm.dll+0x222aa5]
V  [jvm.dll+0x7885db]
V  [jvm.dll+0x782b4a]
V  [jvm.dll+0x671d75]
C  [ucrtbase.dll+0x21bb2]
C  [KERNEL32.DLL+0x17614]
C  [ntdll.dll+0x526a1]


---------------  P R O C E S S  ---------------

Threads class SMR info:
_java_thread_list=0x000001c67aea57c0, length=13, elements={
0x000001c659e2cff0, 0x000001c679f01d50, 0x000001c679f03270, 0x000001c679f144c0,
0x000001c679f15d90, 0x000001c679f16650, 0x000001c679f16f10, 0x000001c679f17b00,
0x000001c679f852f0, 0x000001c679f87fb0, 0x000001c67a9bd8e0, 0x000001c67a9d6210,
0x000001c67ada0740
}

Java Threads: ( => current thread )
  0x000001c659e2cff0 JavaThread "main" [_thread_blocked, id=20284, stack(0x000000b05be00000,0x000000b05bf00000)]
  0x000001c679f01d50 JavaThread "Reference Handler" daemon [_thread_blocked, id=8228, stack(0x000000b05c500000,0x000000b05c600000)]
  0x000001c679f03270 JavaThread "Finalizer" daemon [_thread_blocked, id=13556, stack(0x000000b05c600000,0x000000b05c700000)]
  0x000001c679f144c0 JavaThread "Signal Dispatcher" daemon [_thread_blocked, id=17316, stack(0x000000b05c700000,0x000000b05c800000)]
  0x000001c679f15d90 JavaThread "Attach Listener" daemon [_thread_blocked, id=16908, stack(0x000000b05c800000,0x000000b05c900000)]
  0x000001c679f16650 JavaThread "Service Thread" daemon [_thread_blocked, id=15908, stack(0x000000b05c900000,0x000000b05ca00000)]
  0x000001c679f16f10 JavaThread "Monitor Deflation Thread" daemon [_thread_blocked, id=7888, stack(0x000000b05ca00000,0x000000b05cb00000)]
  0x000001c679f17b00 JavaThread "C2 CompilerThread0" daemon [_thread_in_native, id=18052, stack(0x000000b05cb00000,0x000000b05cc00000)]
  0x000001c679f852f0 JavaThread "C1 CompilerThread0" daemon [_thread_blocked, id=10952, stack(0x000000b05cc00000,0x000000b05cd00000)]
  0x000001c679f87fb0 JavaThread "Sweeper thread" daemon [_thread_blocked, id=19600, stack(0x000000b05cd00000,0x000000b05ce00000)]
  0x000001c67a9bd8e0 JavaThread "Notification Thread" daemon [_thread_blocked, id=18964, stack(0x000000b05ce00000,0x000000b05cf00000)]
  0x000001c67a9d6210 JavaThread "Common-Cleaner" daemon [_thread_blocked, id=18512, stack(0x000000b05d000000,0x000000b05d100000)]
=>0x000001c67ada0740 JavaThread "C2 CompilerThread1" daemon [_thread_in_native, id=20272, stack(0x000000b05d100000,0x000000b05d200000)]

Other Threads:
  0x000001c679efbf00 VMThread "VM Thread" [stack: 0x000000b05c400000,0x000000b05c500000] [id=18708]
  0x000001c65bf32800 WatcherThread [stack: 0x000000b05cf00000,0x000000b05d000000] [id=12444]
  0x000001c65bf17650 GCTaskThread "GC Thread#0" [stack: 0x000000b05bf00000,0x000000b05c000000] [id=20152]
  0x000001c65bf28ff0 ConcurrentGCThread "G1 Main Marker" [stack: 0x000000b05c000000,0x000000b05c100000] [id=18556]
  0x000001c65bf2a920 ConcurrentGCThread "G1 Conc#0" [stack: 0x000000b05c100000,0x000000b05c200000] [id=14680]
  0x000001c679dc20c0 ConcurrentGCThread "G1 Refine#0" [stack: 0x000000b05c200000,0x000000b05c300000] [id=12792]
  0x000001c679dc29f0 ConcurrentGCThread "G1 Service" [stack: 0x000000b05c300000,0x000000b05c400000] [id=19320]

Threads with active compile tasks:
C2 CompilerThread0     1570  425   !   4       java.util.zip.ZipFile$Source::getEntryPos (173 bytes)
C2 CompilerThread1     1570  409  s!   4       jdk.internal.loader.URLClassPath::getLoader (194 bytes)

VM state: not at safepoint (normal execution)

VM Mutex/Monitor currently owned by a thread: None

Heap address: 0x0000000082600000, size: 2010 MB, Compressed Oops mode: 32-bit

CDS archive(s) mapped at: [0x0000000800000000-0x0000000800bd0000-0x0000000800bd0000), size 12386304, SharedBaseAddress: 0x0000000800000000, ArchiveRelocationMode: 0.
Compressed class space mapped at: 0x0000000800c00000-0x0000000840c00000, reserved size: 1073741824
Narrow klass base: 0x0000000800000000, Narrow klass shift: 0, Narrow klass range: 0x100000000

GC Precious Log:
 CPUs: 8 total, 8 available
 Memory: 8039M
 Large Page Support: Disabled
 NUMA Support: Disabled
 Compressed Oops: Enabled (32-bit)
 Heap Region Size: 1M
 Heap Min Capacity: 8M
 Heap Initial Capacity: 126M
 Heap Max Capacity: 2010M
 Pre-touch: Disabled
 Parallel Workers: 8
 Concurrent Workers: 2
 Concurrent Refinement Workers: 8
 Periodic GC: Disabled

Heap:
 garbage-first heap   total 129024K, used 8192K [0x0000000082600000, 0x0000000100000000)
  region size 1024K, 10 young (10240K), 0 survivors (0K)
 Metaspace       used 1368K, committed 1536K, reserved 1056768K
  class space    used 118K, committed 192K, reserved 1048576K

Heap Regions: E=young(eden), S=young(survivor), O=old, HS=humongous(starts), HC=humongous(continues), CS=collection set, F=free, OA=open archive, CA=closed archive, TAMS=top-at-mark-start (previous, next)
|   0|0x0000000082600000, 0x0000000082600000, 0x0000000082700000|  0%| F|  |TAMS 0x0000000082600000, 0x0000000082600000| Untracked 
|   1|0x0000000082700000, 0x0000000082700000, 0x0000000082800000|  0%| F|  |TAMS 0x0000000082700000, 0x0000000082700000| Untracked 
|   2|0x0000000082800000, 0x0000000082800000, 0x0000000082900000|  0%| F|  |TAMS 0x0000000082800000, 0x0000000082800000| Untracked 
|   3|0x0000000082900000, 0x0000000082900000, 0x0000000082a00000|  0%| F|  |TAMS 0x0000000082900000, 0x0000000082900000| Untracked 
|   4|0x0000000082a00000, 0x0000000082a00000, 0x0000000082b00000|  0%| F|  |TAMS 0x0000000082a00000, 0x0000000082a00000| Untracked 
|   5|0x0000000082b00000, 0x0000000082b00000, 0x0000000082c00000|  0%| F|  |TAMS 0x0000000082b00000, 0x0000000082b00000| Untracked 
|   6|0x0000000082c00000, 0x0000000082c00000, 0x0000000082d00000|  0%| F|  |TAMS 0x0000000082c00000, 0x0000000082c00000| Untracked 
|   7|0x0000000082d00000, 0x0000000082d00000, 0x0000000082e00000|  0%| F|  |TAMS 0x0000000082d00000, 0x0000000082d00000| Untracked 
|   8|0x0000000082e00000, 0x0000000082e00000, 0x0000000082f00000|  0%| F|  |TAMS 0x0000000082e00000, 0x0000000082e00000| Untracked 
|   9|0x0000000082f00000, 0x0000000082f00000, 0x0000000083000000|  0%| F|  |TAMS 0x0000000082f00000, 0x0000000082f00000| Untracked 
|  10|0x0000000083000000, 0x0000000083000000, 0x0000000083100000|  0%| F|  |TAMS 0x0000000083000000, 0x0000000083000000| Untracked 
|  11|0x0000000083100000, 0x0000000083100000, 0x0000000083200000|  0%| F|  |TAMS 0x0000000083100000, 0x0000000083100000| Untracked 
|  12|0x0000000083200000, 0x0000000083200000, 0x0000000083300000|  0%| F|  |TAMS 0x0000000083200000, 0x0000000083200000| Untracked 
|  13|0x0000000083300000, 0x0000000083300000, 0x0000000083400000|  0%| F|  |TAMS 0x0000000083300000, 0x0000000083300000| Untracked 
|  14|0x0000000083400000, 0x0000000083400000, 0x0000000083500000|  0%| F|  |TAMS 0x0000000083400000, 0x0000000083400000| Untracked 
|  15|0x0000000083500000, 0x0000000083500000, 0x0000000083600000|  0%| F|  |TAMS 0x0000000083500000, 0x0000000083500000| Untracked 
|  16|0x0000000083600000, 0x0000000083600000, 0x0000000083700000|  0%| F|  |TAMS 0x0000000083600000, 0x0000000083600000| Untracked 
|  17|0x0000000083700000, 0x0000000083700000, 0x0000000083800000|  0%| F|  |TAMS 0x0000000083700000, 0x0000000083700000| Untracked 
|  18|0x0000000083800000, 0x0000000083800000, 0x0000000083900000|  0%| F|  |TAMS 0x0000000083800000, 0x0000000083800000| Untracked 
|  19|0x0000000083900000, 0x0000000083900000, 0x0000000083a00000|  0%| F|  |TAMS 0x0000000083900000, 0x0000000083900000| Untracked 
|  20|0x0000000083a00000, 0x0000000083a00000, 0x0000000083b00000|  0%| F|  |TAMS 0x0000000083a00000, 0x0000000083a00000| Untracked 
|  21|0x0000000083b00000, 0x0000000083b00000, 0x0000000083c00000|  0%| F|  |TAMS 0x0000000083b00000, 0x0000000083b00000| Untracked 
|  22|0x0000000083c00000, 0x0000000083c00000, 0x0000000083d00000|  0%| F|  |TAMS 0x0000000083c00000, 0x0000000083c00000| Untracked 
|  23|0x0000000083d00000, 0x0000000083d00000, 0x0000000083e00000|  0%| F|  |TAMS 0x0000000083d00000, 0x0000000083d00000| Untracked 
|  24|0x0000000083e00000, 0x0000000083e00000, 0x0000000083f00000|  0%| F|  |TAMS 0x0000000083e00000, 0x0000000083e00000| Untracked 
|  25|0x0000000083f00000, 0x0000000083f00000, 0x0000000084000000|  0%| F|  |TAMS 0x0000000083f00000, 0x0000000083f00000| Untracked 
|  26|0x0000000084000000, 0x0000000084000000, 0x0000000084100000|  0%| F|  |TAMS 0x0000000084000000, 0x0000000084000000| Untracked 
|  27|0x0000000084100000, 0x0000000084100000, 0x0000000084200000|  0%| F|  |TAMS 0x0000000084100000, 0x0000000084100000| Untracked 
|  28|0x0000000084200000, 0x0000000084200000, 0x0000000084300000|  0%| F|  |TAMS 0x0000000084200000, 0x0000000084200000| Untracked 
|  29|0x0000000084300000, 0x0000000084300000, 0x0000000084400000|  0%| F|  |TAMS 0x0000000084300000, 0x0000000084300000| Untracked 
|  30|0x0000000084400000, 0x0000000084400000, 0x0000000084500000|  0%| F|  |TAMS 0x0000000084400000, 0x0000000084400000| Untracked 
|  31|0x0000000084500000, 0x0000000084500000, 0x0000000084600000|  0%| F|  |TAMS 0x0000000084500000, 0x0000000084500000| Untracked 
|  32|0x0000000084600000, 0x0000000084600000, 0x0000000084700000|  0%| F|  |TAMS 0x0000000084600000, 0x0000000084600000| Untracked 
|  33|0x0000000084700000, 0x0000000084700000, 0x0000000084800000|  0%| F|  |TAMS 0x0000000084700000, 0x0000000084700000| Untracked 
|  34|0x0000000084800000, 0x0000000084800000, 0x0000000084900000|  0%| F|  |TAMS 0x0000000084800000, 0x0000000084800000| Untracked 
|  35|0x0000000084900000, 0x0000000084900000, 0x0000000084a00000|  0%| F|  |TAMS 0x0000000084900000, 0x0000000084900000| Untracked 
|  36|0x0000000084a00000, 0x0000000084a00000, 0x0000000084b00000|  0%| F|  |TAMS 0x0000000084a00000, 0x0000000084a00000| Untracked 
|  37|0x0000000084b00000, 0x0000000084b00000, 0x0000000084c00000|  0%| F|  |TAMS 0x0000000084b00000, 0x0000000084b00000| Untracked 
|  38|0x0000000084c00000, 0x0000000084c00000, 0x0000000084d00000|  0%| F|  |TAMS 0x0000000084c00000, 0x0000000084c00000| Untracked 
|  39|0x0000000084d00000, 0x0000000084d00000, 0x0000000084e00000|  0%| F|  |TAMS 0x0000000084d00000, 0x0000000084d00000| Untracked 
|  40|0x0000000084e00000, 0x0000000084e00000, 0x0000000084f00000|  0%| F|  |TAMS 0x0000000084e00000, 0x0000000084e00000| Untracked 
|  41|0x0000000084f00000, 0x0000000084f00000, 0x0000000085000000|  0%| F|  |TAMS 0x0000000084f00000, 0x0000000084f00000| Untracked 
|  42|0x0000000085000000, 0x0000000085000000, 0x0000000085100000|  0%| F|  |TAMS 0x0000000085000000, 0x0000000085000000| Untracked 
|  43|0x0000000085100000, 0x0000000085100000, 0x0000000085200000|  0%| F|  |TAMS 0x0000000085100000, 0x0000000085100000| Untracked 
|  44|0x0000000085200000, 0x0000000085200000, 0x0000000085300000|  0%| F|  |TAMS 0x0000000085200000, 0x0000000085200000| Untracked 
|  45|0x0000000085300000, 0x0000000085300000, 0x0000000085400000|  0%| F|  |TAMS 0x0000000085300000, 0x0000000085300000| Untracked 
|  46|0x0000000085400000, 0x0000000085400000, 0x0000000085500000|  0%| F|  |TAMS 0x0000000085400000, 0x0000000085400000| Untracked 
|  47|0x0000000085500000, 0x0000000085500000, 0x0000000085600000|  0%| F|  |TAMS 0x0000000085500000, 0x0000000085500000| Untracked 
|  48|0x0000000085600000, 0x0000000085600000, 0x0000000085700000|  0%| F|  |TAMS 0x0000000085600000, 0x0000000085600000| Untracked 
|  49|0x0000000085700000, 0x0000000085700000, 0x0000000085800000|  0%| F|  |TAMS 0x0000000085700000, 0x0000000085700000| Untracked 
|  50|0x0000000085800000, 0x0000000085800000, 0x0000000085900000|  0%| F|  |TAMS 0x0000000085800000, 0x0000000085800000| Untracked 
|  51|0x0000000085900000, 0x0000000085900000, 0x0000000085a00000|  0%| F|  |TAMS 0x0000000085900000, 0x0000000085900000| Untracked 
|  52|0x0000000085a00000, 0x0000000085a00000, 0x0000000085b00000|  0%| F|  |TAMS 0x0000000085a00000, 0x0000000085a00000| Untracked 
|  53|0x0000000085b00000, 0x0000000085b00000, 0x0000000085c00000|  0%| F|  |TAMS 0x0000000085b00000, 0x0000000085b00000| Untracked 
|  54|0x0000000085c00000, 0x0000000085c00000, 0x0000000085d00000|  0%| F|  |TAMS 0x0000000085c00000, 0x0000000085c00000| Untracked 
|  55|0x0000000085d00000, 0x0000000085d00000, 0x0000000085e00000|  0%| F|  |TAMS 0x0000000085d00000, 0x0000000085d00000| Untracked 
|  56|0x0000000085e00000, 0x0000000085e00000, 0x0000000085f00000|  0%| F|  |TAMS 0x0000000085e00000, 0x0000000085e00000| Untracked 
|  57|0x0000000085f00000, 0x0000000085f00000, 0x0000000086000000|  0%| F|  |TAMS 0x0000000085f00000, 0x0000000085f00000| Untracked 
|  58|0x0000000086000000, 0x0000000086000000, 0x0000000086100000|  0%| F|  |TAMS 0x0000000086000000, 0x0000000086000000| Untracked 
|  59|0x0000000086100000, 0x0000000086100000, 0x0000000086200000|  0%| F|  |TAMS 0x0000000086100000, 0x0000000086100000| Untracked 
|  60|0x0000000086200000, 0x0000000086200000, 0x0000000086300000|  0%| F|  |TAMS 0x0000000086200000, 0x0000000086200000| Untracked 
|  61|0x0000000086300000, 0x0000000086300000, 0x0000000086400000|  0%| F|  |TAMS 0x0000000086300000, 0x0000000086300000| Untracked 
|  62|0x0000000086400000, 0x0000000086400000, 0x0000000086500000|  0%| F|  |TAMS 0x0000000086400000, 0x0000000086400000| Untracked 
|  63|0x0000000086500000, 0x0000000086500000, 0x0000000086600000|  0%| F|  |TAMS 0x0000000086500000, 0x0000000086500000| Untracked 
|  64|0x0000000086600000, 0x0000000086600000, 0x0000000086700000|  0%| F|  |TAMS 0x0000000086600000, 0x0000000086600000| Untracked 
|  65|0x0000000086700000, 0x0000000086700000, 0x0000000086800000|  0%| F|  |TAMS 0x0000000086700000, 0x0000000086700000| Untracked 
|  66|0x0000000086800000, 0x0000000086800000, 0x0000000086900000|  0%| F|  |TAMS 0x0000000086800000, 0x0000000086800000| Untracked 
|  67|0x0000000086900000, 0x0000000086900000, 0x0000000086a00000|  0%| F|  |TAMS 0x0000000086900000, 0x0000000086900000| Untracked 
|  68|0x0000000086a00000, 0x0000000086a00000, 0x0000000086b00000|  0%| F|  |TAMS 0x0000000086a00000, 0x0000000086a00000| Untracked 
|  69|0x0000000086b00000, 0x0000000086b00000, 0x0000000086c00000|  0%| F|  |TAMS 0x0000000086b00000, 0x0000000086b00000| Untracked 
|  70|0x0000000086c00000, 0x0000000086c00000, 0x0000000086d00000|  0%| F|  |TAMS 0x0000000086c00000, 0x0000000086c00000| Untracked 
|  71|0x0000000086d00000, 0x0000000086d00000, 0x0000000086e00000|  0%| F|  |TAMS 0x0000000086d00000, 0x0000000086d00000| Untracked 
|  72|0x0000000086e00000, 0x0000000086e00000, 0x0000000086f00000|  0%| F|  |TAMS 0x0000000086e00000, 0x0000000086e00000| Untracked 
|  73|0x0000000086f00000, 0x0000000086f00000, 0x0000000087000000|  0%| F|  |TAMS 0x0000000086f00000, 0x0000000086f00000| Untracked 
|  74|0x0000000087000000, 0x0000000087000000, 0x0000000087100000|  0%| F|  |TAMS 0x0000000087000000, 0x0000000087000000| Untracked 
|  75|0x0000000087100000, 0x0000000087100000, 0x0000000087200000|  0%| F|  |TAMS 0x0000000087100000, 0x0000000087100000| Untracked 
|  76|0x0000000087200000, 0x0000000087200000, 0x0000000087300000|  0%| F|  |TAMS 0x0000000087200000, 0x0000000087200000| Untracked 
|  77|0x0000000087300000, 0x0000000087300000, 0x0000000087400000|  0%| F|  |TAMS 0x0000000087300000, 0x0000000087300000| Untracked 
|  78|0x0000000087400000, 0x0000000087400000, 0x0000000087500000|  0%| F|  |TAMS 0x0000000087400000, 0x0000000087400000| Untracked 
|  79|0x0000000087500000, 0x0000000087500000, 0x0000000087600000|  0%| F|  |TAMS 0x0000000087500000, 0x0000000087500000| Untracked 
|  80|0x0000000087600000, 0x0000000087600000, 0x0000000087700000|  0%| F|  |TAMS 0x0000000087600000, 0x0000000087600000| Untracked 
|  81|0x0000000087700000, 0x0000000087700000, 0x0000000087800000|  0%| F|  |TAMS 0x0000000087700000, 0x0000000087700000| Untracked 
|  82|0x0000000087800000, 0x0000000087800000, 0x0000000087900000|  0%| F|  |TAMS 0x0000000087800000, 0x0000000087800000| Untracked 
|  83|0x0000000087900000, 0x0000000087900000, 0x0000000087a00000|  0%| F|  |TAMS 0x0000000087900000, 0x0000000087900000| Untracked 
|  84|0x0000000087a00000, 0x0000000087a00000, 0x0000000087b00000|  0%| F|  |TAMS 0x0000000087a00000, 0x0000000087a00000| Untracked 
|  85|0x0000000087b00000, 0x0000000087b00000, 0x0000000087c00000|  0%| F|  |TAMS 0x0000000087b00000, 0x0000000087b00000| Untracked 
|  86|0x0000000087c00000, 0x0000000087c00000, 0x0000000087d00000|  0%| F|  |TAMS 0x0000000087c00000, 0x0000000087c00000| Untracked 
|  87|0x0000000087d00000, 0x0000000087d00000, 0x0000000087e00000|  0%| F|  |TAMS 0x0000000087d00000, 0x0000000087d00000| Untracked 
|  88|0x0000000087e00000, 0x0000000087e00000, 0x0000000087f00000|  0%| F|  |TAMS 0x0000000087e00000, 0x0000000087e00000| Untracked 
|  89|0x0000000087f00000, 0x0000000087f00000, 0x0000000088000000|  0%| F|  |TAMS 0x0000000087f00000, 0x0000000087f00000| Untracked 
|  90|0x0000000088000000, 0x0000000088000000, 0x0000000088100000|  0%| F|  |TAMS 0x0000000088000000, 0x0000000088000000| Untracked 
|  91|0x0000000088100000, 0x0000000088100000, 0x0000000088200000|  0%| F|  |TAMS 0x0000000088100000, 0x0000000088100000| Untracked 
|  92|0x0000000088200000, 0x0000000088200000, 0x0000000088300000|  0%| F|  |TAMS 0x0000000088200000, 0x0000000088200000| Untracked 
|  93|0x0000000088300000, 0x0000000088300000, 0x0000000088400000|  0%| F|  |TAMS 0x0000000088300000, 0x0000000088300000| Untracked 
|  94|0x0000000088400000, 0x0000000088400000, 0x0000000088500000|  0%| F|  |TAMS 0x0000000088400000, 0x0000000088400000| Untracked 
|  95|0x0000000088500000, 0x0000000088500000, 0x0000000088600000|  0%| F|  |TAMS 0x0000000088500000, 0x0000000088500000| Untracked 
|  96|0x0000000088600000, 0x0000000088600000, 0x0000000088700000|  0%| F|  |TAMS 0x0000000088600000, 0x0000000088600000| Untracked 
|  97|0x0000000088700000, 0x0000000088700000, 0x0000000088800000|  0%| F|  |TAMS 0x0000000088700000, 0x0000000088700000| Untracked 
|  98|0x0000000088800000, 0x0000000088800000, 0x0000000088900000|  0%| F|  |TAMS 0x0000000088800000, 0x0000000088800000| Untracked 
|  99|0x0000000088900000, 0x0000000088900000, 0x0000000088a00000|  0%| F|  |TAMS 0x0000000088900000, 0x0000000088900000| Untracked 
| 100|0x0000000088a00000, 0x0000000088a00000, 0x0000000088b00000|  0%| F|  |TAMS 0x0000000088a00000, 0x0000000088a00000| Untracked 
| 101|0x0000000088b00000, 0x0000000088b00000, 0x0000000088c00000|  0%| F|  |TAMS 0x0000000088b00000, 0x0000000088b00000| Untracked 
| 102|0x0000000088c00000, 0x0000000088c00000, 0x0000000088d00000|  0%| F|  |TAMS 0x0000000088c00000, 0x0000000088c00000| Untracked 
| 103|0x0000000088d00000, 0x0000000088d00000, 0x0000000088e00000|  0%| F|  |TAMS 0x0000000088d00000, 0x0000000088d00000| Untracked 
| 104|0x0000000088e00000, 0x0000000088e00000, 0x0000000088f00000|  0%| F|  |TAMS 0x0000000088e00000, 0x0000000088e00000| Untracked 
| 105|0x0000000088f00000, 0x0000000088f00000, 0x0000000089000000|  0%| F|  |TAMS 0x0000000088f00000, 0x0000000088f00000| Untracked 
| 106|0x0000000089000000, 0x0000000089000000, 0x0000000089100000|  0%| F|  |TAMS 0x0000000089000000, 0x0000000089000000| Untracked 
| 107|0x0000000089100000, 0x0000000089100000, 0x0000000089200000|  0%| F|  |TAMS 0x0000000089100000, 0x0000000089100000| Untracked 
| 108|0x0000000089200000, 0x0000000089200000, 0x0000000089300000|  0%| F|  |TAMS 0x0000000089200000, 0x0000000089200000| Untracked 
| 109|0x0000000089300000, 0x0000000089300000, 0x0000000089400000|  0%| F|  |TAMS 0x0000000089300000, 0x0000000089300000| Untracked 
| 110|0x0000000089400000, 0x0000000089400000, 0x0000000089500000|  0%| F|  |TAMS 0x0000000089400000, 0x0000000089400000| Untracked 
| 111|0x0000000089500000, 0x0000000089500000, 0x0000000089600000|  0%| F|  |TAMS 0x0000000089500000, 0x0000000089500000| Untracked 
| 112|0x0000000089600000, 0x0000000089600000, 0x0000000089700000|  0%| F|  |TAMS 0x0000000089600000, 0x0000000089600000| Untracked 
| 113|0x0000000089700000, 0x0000000089700000, 0x0000000089800000|  0%| F|  |TAMS 0x0000000089700000, 0x0000000089700000| Untracked 
| 114|0x0000000089800000, 0x0000000089800000, 0x0000000089900000|  0%| F|  |TAMS 0x0000000089800000, 0x0000000089800000| Untracked 
| 115|0x0000000089900000, 0x0000000089900000, 0x0000000089a00000|  0%| F|  |TAMS 0x0000000089900000, 0x0000000089900000| Untracked 
| 116|0x0000000089a00000, 0x0000000089aece20, 0x0000000089b00000| 92%| E|  |TAMS 0x0000000089a00000, 0x0000000089a00000| Complete 
| 117|0x0000000089b00000, 0x0000000089c00000, 0x0000000089c00000|100%| E|CS|TAMS 0x0000000089b00000, 0x0000000089b00000| Complete 
| 118|0x0000000089c00000, 0x0000000089d00000, 0x0000000089d00000|100%| E|CS|TAMS 0x0000000089c00000, 0x0000000089c00000| Complete 
| 119|0x0000000089d00000, 0x0000000089e00000, 0x0000000089e00000|100%| E|  |TAMS 0x0000000089d00000, 0x0000000089d00000| Complete 
| 120|0x0000000089e00000, 0x0000000089f00000, 0x0000000089f00000|100%| E|CS|TAMS 0x0000000089e00000, 0x0000000089e00000| Complete 
| 121|0x0000000089f00000, 0x000000008a000000, 0x000000008a000000|100%| E|CS|TAMS 0x0000000089f00000, 0x0000000089f00000| Complete 
| 122|0x000000008a000000, 0x000000008a100000, 0x000000008a100000|100%| E|CS|TAMS 0x000000008a000000, 0x000000008a000000| Complete 
| 123|0x000000008a100000, 0x000000008a200000, 0x000000008a200000|100%| E|CS|TAMS 0x000000008a100000, 0x000000008a100000| Complete 
| 124|0x000000008a200000, 0x000000008a300000, 0x000000008a300000|100%| E|CS|TAMS 0x000000008a200000, 0x000000008a200000| Complete 
| 125|0x000000008a300000, 0x000000008a400000, 0x000000008a400000|100%| E|CS|TAMS 0x000000008a300000, 0x000000008a300000| Complete 

Card table byte_map: [0x000001c672e50000,0x000001c673240000] _byte_map_base: 0x000001c672a3d000

Marking Bits (Prev, Next): (CMBitMap*) 0x000001c65bf17b70, (CMBitMap*) 0x000001c65bf17bb0
 Prev Bits: [0x000001c673630000, 0x000001c675598000)
 Next Bits: [0x000001c6755a0000, 0x000001c677508000)

Polling page: 0x000001c65b690000

Metaspace:

Usage:
  Non-class:      1.22 MB used.
      Class:    118.87 KB used.
       Both:      1.34 MB used.

Virtual space:
  Non-class space:        8.00 MB reserved,       1.31 MB ( 16%) committed,  1 nodes.
      Class space:        1.00 GB reserved,     192.00 KB ( <1%) committed,  1 nodes.
             Both:        1.01 GB reserved,       1.50 MB ( <1%) committed. 

Chunk freelists:
   Non-Class:  3.54 MB
       Class:  3.67 MB
        Both:  7.21 MB

MaxMetaspaceSize: unlimited
CompressedClassSpaceSize: 1.00 GB
Initial GC threshold: 21.00 MB
Current GC threshold: 21.00 MB
CDS: on
MetaspaceReclaimPolicy: balanced
 - commit_granule_bytes: 65536.
 - commit_granule_words: 8192.
 - virtual_space_node_default_size: 1048576.
 - enlarge_chunks_in_place: 1.
 - new_chunks_are_fully_committed: 0.
 - uncommit_free_chunks: 1.
 - use_allocation_guard: 0.
 - handle_deallocations: 1.


Internal statistics:

num_allocs_failed_limit: 0.
num_arena_births: 8.
num_arena_deaths: 0.
num_vsnodes_births: 2.
num_vsnodes_deaths: 0.
num_space_committed: 24.
num_space_uncommitted: 0.
num_chunks_returned_to_freelist: 0.
num_chunks_taken_from_freelist: 39.
num_chunk_merges: 0.
num_chunk_splits: 23.
num_chunks_enlarged: 17.
num_purges: 0.
num_inconsistent_stats: 0.

CodeHeap 'non-profiled nmethods': size=120000Kb used=143Kb max_used=143Kb free=119856Kb
 bounds [0x000001c66b200000, 0x000001c66b470000, 0x000001c672730000]
CodeHeap 'profiled nmethods': size=120000Kb used=658Kb max_used=658Kb free=119341Kb
 bounds [0x000001c663cd0000, 0x000001c663f40000, 0x000001c66b200000]
CodeHeap 'non-nmethods': size=5760Kb used=1119Kb max_used=1132Kb free=4640Kb
 bounds [0x000001c663730000, 0x000001c6639a0000, 0x000001c663cd0000]
 total_blobs=810 nmethods=427 adapters=294
 compilation: enabled
              stopped_count=0, restarted_count=0
 full_count=0

Compilation events (20 events):
Event: 1.520 Thread 0x000001c679f852f0 nmethod 419 0x000001c663d6e590 code [0x000001c663d6e740, 0x000001c663d6e978]
Event: 1.520 Thread 0x000001c679f852f0  420       1       java.lang.invoke.MemberName::getDeclaringClass (5 bytes)
Event: 1.520 Thread 0x000001c679f852f0 nmethod 420 0x000001c66b220f10 code [0x000001c66b2210a0, 0x000001c66b221178]
Event: 1.520 Thread 0x000001c679f852f0  421   !   2       jdk.internal.loader.URLClassPath$JarLoader::getResource (65 bytes)
Event: 1.521 Thread 0x000001c679f852f0 nmethod 421 0x000001c663d6ea10 code [0x000001c663d6ec00, 0x000001c663d6f0a8]
Event: 1.521 Thread 0x000001c679f852f0  422       2       java.util.jar.JarFile::getEntry (35 bytes)
Event: 1.522 Thread 0x000001c679f852f0 nmethod 422 0x000001c663d6f310 code [0x000001c663d6f4e0, 0x000001c663d6f758]
Event: 1.522 Thread 0x000001c679f852f0  423       2       java.util.jar.JarFile::getJarEntry (9 bytes)
Event: 1.522 Thread 0x000001c679f852f0 nmethod 423 0x000001c663d6f890 code [0x000001c663d6fa40, 0x000001c663d6fba8]
Event: 1.523 Thread 0x000001c679f852f0  424   !   3       java.util.jar.JarFile::checkForSpecialAttributes (163 bytes)
Event: 1.525 Thread 0x000001c679f852f0 nmethod 424 0x000001c663d6fc90 code [0x000001c663d6ffa0, 0x000001c663d711f8]
Event: 1.525 Thread 0x000001c679f852f0  426       3       java.util.jar.JarFile::getVersionedEntry (133 bytes)
Event: 1.527 Thread 0x000001c679f852f0 nmethod 426 0x000001c663d71990 code [0x000001c663d71c60, 0x000001c663d72a38]
Event: 1.527 Thread 0x000001c679f852f0  429       3       java.util.zip.ZipFile$1::getMetaInfVersions (5 bytes)
Event: 1.527 Thread 0x000001c679f852f0 nmethod 429 0x000001c663d73010 code [0x000001c663d731c0, 0x000001c663d73448]
Event: 1.527 Thread 0x000001c679f852f0  430   !   3       java.util.zip.ZipFile::getMetaInfVersions (26 bytes)
Event: 1.527 Thread 0x000001c679f852f0 nmethod 430 0x000001c663d73610 code [0x000001c663d737c0, 0x000001c663d739e8]
Event: 1.527 Thread 0x000001c679f852f0  428       3       java.io.File::exists (34 bytes)
Event: 1.528 Thread 0x000001c679f852f0 nmethod 428 0x000001c663d73b90 code [0x000001c663d73d80, 0x000001c663d742c8]
Event: 1.531 Thread 0x000001c679f852f0  432       3       java.util.LinkedHashMap::get (29 bytes)

GC Heap History (0 events):
No events

Deoptimization events (20 events):
Event: 0.701 Thread 0x000001c659e2cff0 Uncommon trap: trap_request=0xffffff45 fr.pc=0x000001c66b207f30 relative=0x0000000000000190
Event: 0.701 Thread 0x000001c659e2cff0 Uncommon trap: reason=unstable_if action=reinterpret pc=0x000001c66b207f30 method=java.util.zip.ZipFile$Source.isMetaName([BII)Z @ 43 c2
Event: 0.701 Thread 0x000001c659e2cff0 DEOPT PACKING pc=0x000001c66b207f30 sp=0x000000b05befd700
Event: 0.701 Thread 0x000001c659e2cff0 DEOPT UNPACKING pc=0x000001c6637823a3 sp=0x000000b05befd6a8 mode 2
Event: 1.016 Thread 0x000001c659e2cff0 DEOPT PACKING pc=0x000001c663d13555 sp=0x000000b05befa2b0
Event: 1.016 Thread 0x000001c659e2cff0 DEOPT UNPACKING pc=0x000001c663782b43 sp=0x000000b05bef9748 mode 0
Event: 1.331 Thread 0x000001c659e2cff0 DEOPT PACKING pc=0x000001c663d2ea2c sp=0x000000b05befdad0
Event: 1.331 Thread 0x000001c659e2cff0 DEOPT UNPACKING pc=0x000001c663782b43 sp=0x000000b05befcf80 mode 0
Event: 1.410 Thread 0x000001c659e2cff0 DEOPT PACKING pc=0x000001c663cf0b65 sp=0x000000b05bef8f20
Event: 1.410 Thread 0x000001c659e2cff0 DEOPT UNPACKING pc=0x000001c663782b43 sp=0x000000b05bef8398 mode 0
Event: 1.421 Thread 0x000001c659e2cff0 DEOPT PACKING pc=0x000001c663cf0b65 sp=0x000000b05bef8ae0
Event: 1.421 Thread 0x000001c659e2cff0 DEOPT UNPACKING pc=0x000001c663782b43 sp=0x000000b05bef7f30 mode 0
Event: 1.505 Thread 0x000001c659e2cff0 Uncommon trap: trap_request=0xffffff45 fr.pc=0x000001c66b21bc74 relative=0x0000000000000554
Event: 1.505 Thread 0x000001c659e2cff0 Uncommon trap: reason=unstable_if action=reinterpret pc=0x000001c66b21bc74 method=java.lang.StringLatin1.indexOf([BI[BII)I @ 80 c2
Event: 1.505 Thread 0x000001c659e2cff0 DEOPT PACKING pc=0x000001c66b21bc74 sp=0x000000b05befe880
Event: 1.505 Thread 0x000001c659e2cff0 DEOPT UNPACKING pc=0x000001c6637823a3 sp=0x000000b05befe7e0 mode 2
Event: 1.507 Thread 0x000001c659e2cff0 Uncommon trap: trap_request=0xffffff45 fr.pc=0x000001c66b2096e4 relative=0x0000000000000064
Event: 1.507 Thread 0x000001c659e2cff0 Uncommon trap: reason=unstable_if action=reinterpret pc=0x000001c66b2096e4 method=java.io.WinNTFileSystem.isSlash(C)Z @ 9 c2
Event: 1.507 Thread 0x000001c659e2cff0 DEOPT PACKING pc=0x000001c66b2096e4 sp=0x000000b05befe5e0
Event: 1.507 Thread 0x000001c659e2cff0 DEOPT UNPACKING pc=0x000001c6637823a3 sp=0x000000b05befe568 mode 2

Classes unloaded (0 events):
No events

Classes redefined (0 events):
No events

Internal exceptions (1 events):
Event: 1.284 Thread 0x000001c659e2cff0 Exception <a 'java/lang/NoSuchMethodError'{0x0000000089ba0028}: 'int java.lang.invoke.DirectMethodHandle$Holder.invokeSpecial(java.lang.Object, java.lang.Object, java.lang.Object)'> (0x0000000089ba0028) 
thrown [s\open\src\hotspot\share\interpreter\linkResolver.cpp, line 759]

VM Operations (14 events):
Event: 0.537 Executing VM operation: HandshakeAllThreads
Event: 0.537 Executing VM operation: HandshakeAllThreads done
Event: 1.060 Executing VM operation: HandshakeAllThreads
Event: 1.060 Executing VM operation: HandshakeAllThreads done
Event: 1.060 Executing VM operation: Cleanup
Event: 1.060 Executing VM operation: Cleanup done
Event: 1.096 Executing VM operation: HandshakeAllThreads
Event: 1.096 Executing VM operation: HandshakeAllThreads done
Event: 1.204 Executing VM operation: HandshakeAllThreads
Event: 1.204 Executing VM operation: HandshakeAllThreads done
Event: 1.498 Executing VM operation: HandshakeAllThreads
Event: 1.499 Executing VM operation: HandshakeAllThreads done
Event: 1.507 Executing VM operation: HandshakeAllThreads
Event: 1.507 Executing VM operation: HandshakeAllThreads done

Events (20 events):
Event: 1.522 loading class java/security/KeyManagementException
Event: 1.522 loading class java/security/KeyException
Event: 1.522 loading class java/security/KeyException done
Event: 1.522 loading class java/security/KeyManagementException done
Event: 1.527 loading class javax/net/ssl/KeyManager
Event: 1.527 loading class javax/net/ssl/KeyManager done
Event: 1.527 loading class javax/net/ssl/TrustManager
Event: 1.527 loading class javax/net/ssl/TrustManager done
Event: 1.527 loading class javax/net/ssl/KeyManagerFactory
Event: 1.527 loading class javax/net/ssl/KeyManagerFactory done
Event: 1.527 loading class javax/net/ssl/KeyManagerFactory$1
Event: 1.527 loading class javax/net/ssl/KeyManagerFactory$1 done
Event: 1.529 loading class java/security/KeyStore
Event: 1.530 loading class java/security/KeyStore done
Event: 1.530 loading class java/security/KeyStore$1
Event: 1.530 loading class java/security/KeyStore$1 done
Event: 1.530 loading class javax/net/ssl/TrustManagerFactory
Event: 1.530 loading class javax/net/ssl/TrustManagerFactory done
Event: 1.530 loading class javax/net/ssl/TrustManagerFactory$1
Event: 1.530 loading class javax/net/ssl/TrustManagerFactory$1 done


Dynamic libraries:
0x00007ff7d6570000 - 0x00007ff7d6580000 	C:\Program Files\Java\jdk-17.0.5\bin\javaw.exe
0x00007ffb65330000 - 0x00007ffb65528000 	C:\WINDOWS\SYSTEM32\ntdll.dll
0x00007ffb63fa0000 - 0x00007ffb6405f000 	C:\WINDOWS\System32\KERNEL32.DLL
0x00007ffb62d50000 - 0x00007ffb63022000 	C:\WINDOWS\System32\KERNELBASE.dll
0x00007ffb62ac0000 - 0x00007ffb62bc0000 	C:\WINDOWS\System32\ucrtbase.dll
0x00007ffb5df20000 - 0x00007ffb5df38000 	C:\Program Files\Java\jdk-17.0.5\bin\jli.dll
0x00007ffb63980000 - 0x00007ffb63a2e000 	C:\WINDOWS\System32\ADVAPI32.dll
0x00007ffb63530000 - 0x00007ffb635ce000 	C:\WINDOWS\System32\msvcrt.dll
0x00007ffb64920000 - 0x00007ffb649bc000 	C:\WINDOWS\System32\sechost.dll
0x00007ffb647f0000 - 0x00007ffb64915000 	C:\WINDOWS\System32\RPCRT4.dll
0x00007ffb65140000 - 0x00007ffb652e1000 	C:\WINDOWS\System32\USER32.dll
0x00007ffb62d20000 - 0x00007ffb62d42000 	C:\WINDOWS\System32\win32u.dll
0x00007ffb65110000 - 0x00007ffb6513b000 	C:\WINDOWS\System32\GDI32.dll
0x00007ffb62c10000 - 0x00007ffb62d1f000 	C:\WINDOWS\System32\gdi32full.dll
0x00007ffb62a20000 - 0x00007ffb62abd000 	C:\WINDOWS\System32\msvcp_win.dll
0x00007ffb4d540000 - 0x00007ffb4d55a000 	C:\Program Files\Java\jdk-17.0.5\bin\VCRUNTIME140.dll
0x00007ffb4a1d0000 - 0x00007ffb4a46a000 	C:\WINDOWS\WinSxS\amd64_microsoft.windows.common-controls_6595b64144ccf1df_6.0.19041.1110_none_60b5254171f9507e\COMCTL32.dll
0x00007ffb5a2d0000 - 0x00007ffb5a2da000 	C:\WINDOWS\SYSTEM32\VERSION.dll
0x00007ffb64690000 - 0x00007ffb646c2000 	C:\WINDOWS\System32\IMM32.DLL
0x00007ffb5df10000 - 0x00007ffb5df1c000 	C:\Program Files\Java\jdk-17.0.5\bin\vcruntime140_1.dll
0x00007ffb2ad00000 - 0x00007ffb2ad8d000 	C:\Program Files\Java\jdk-17.0.5\bin\msvcp140.dll
0x00007ffb12770000 - 0x00007ffb13332000 	C:\Program Files\Java\jdk-17.0.5\bin\server\jvm.dll
0x00007ffb63690000 - 0x00007ffb63698000 	C:\WINDOWS\System32\PSAPI.DLL
0x00007ffb4fa20000 - 0x00007ffb4fa47000 	C:\WINDOWS\SYSTEM32\WINMM.dll
0x00007ffb4d300000 - 0x00007ffb4d309000 	C:\WINDOWS\SYSTEM32\WSOCK32.dll
0x00007ffb646d0000 - 0x00007ffb6473b000 	C:\WINDOWS\System32\WS2_32.dll
0x00007ffb61270000 - 0x00007ffb61282000 	C:\WINDOWS\SYSTEM32\kernel.appcore.dll
0x00007ffb5df80000 - 0x00007ffb5df8a000 	C:\Program Files\Java\jdk-17.0.5\bin\jimage.dll
0x00007ffb60dc0000 - 0x00007ffb60fa4000 	C:\WINDOWS\SYSTEM32\DBGHELP.DLL
0x00007ffb4d1f0000 - 0x00007ffb4d225000 	C:\WINDOWS\SYSTEM32\dbgcore.DLL
0x00007ffb630e0000 - 0x00007ffb63162000 	C:\WINDOWS\System32\bcryptPrimitives.dll
0x00007ffb36d00000 - 0x00007ffb36d25000 	C:\Program Files\Java\jdk-17.0.5\bin\java.dll
0x00007ffb2ac20000 - 0x00007ffb2acf6000 	C:\Program Files\Java\jdk-17.0.5\bin\jsvml.dll
0x00007ffb649c0000 - 0x00007ffb65104000 	C:\WINDOWS\System32\SHELL32.dll
0x00007ffb60620000 - 0x00007ffb60db2000 	C:\WINDOWS\SYSTEM32\windows.storage.dll
0x00007ffb63c40000 - 0x00007ffb63f95000 	C:\WINDOWS\System32\combase.dll
0x00007ffb623a0000 - 0x00007ffb623d0000 	C:\WINDOWS\SYSTEM32\Wldp.dll
0x00007ffb636a0000 - 0x00007ffb6374d000 	C:\WINDOWS\System32\SHCORE.dll
0x00007ffb63630000 - 0x00007ffb63685000 	C:\WINDOWS\System32\shlwapi.dll
0x00007ffb62960000 - 0x00007ffb6297f000 	C:\WINDOWS\SYSTEM32\profapi.dll
0x00007ffb5df70000 - 0x00007ffb5df80000 	C:\Program Files\Java\jdk-17.0.5\bin\verify.dll
0x00007ffb36ce0000 - 0x00007ffb36cf9000 	C:\Program Files\Java\jdk-17.0.5\bin\net.dll
0x00007ffb59770000 - 0x00007ffb5987c000 	C:\WINDOWS\SYSTEM32\WINHTTP.dll
0x00007ffb62100000 - 0x00007ffb6216a000 	C:\WINDOWS\system32\mswsock.dll
0x00007ffb36260000 - 0x00007ffb36276000 	C:\Program Files\Java\jdk-17.0.5\bin\nio.dll
0x00007ffb36240000 - 0x00007ffb36258000 	C:\Program Files\Java\jdk-17.0.5\bin\zip.dll

dbghelp: loaded successfully - version: 4.0.5 - missing functions: none
symbol engine: initialized successfully - sym options: 0x614 - pdb path: .;C:\Program Files\Java\jdk-17.0.5\bin;C:\WINDOWS\SYSTEM32;C:\WINDOWS\WinSxS\amd64_microsoft.windows.common-controls_6595b64144ccf1df_6.0.19041.1110_none_60b5254171f9507e;C:\Program Files\Java\jdk-17.0.5\bin\server

VM Arguments:
jvm_args: -Dfile.encoding=UTF-8 -XX:+ShowCodeDetailsInExceptionMessages 
java_command: seleniumProject.FirstProgram
java_class_path (initial): C:\Users\Satheesh\Desktop\KarthikaJava\Workspace\seleniumProject\target\test-classes;C:\Users\Satheesh\Desktop\KarthikaJava\Workspace\seleniumProject\target\classes;C:\Users\Satheesh\.m2\repository\org\seleniumhq\selenium\selenium-java\4.7.2\selenium-java-4.7.2.jar;C:\Users\Satheesh\.m2\repository\org\seleniumhq\selenium\selenium-api\4.7.2\selenium-api-4.7.2.jar;C:\Users\Satheesh\.m2\repository\org\seleniumhq\selenium\selenium-chrome-driver\4.7.2\selenium-chrome-driver-4.7.2.jar;C:\Users\Satheesh\.m2\repository\com\google\auto\service\auto-service-annotations\1.0.1\auto-service-annotations-1.0.1.jar;C:\Users\Satheesh\.m2\repository\com\google\auto\service\auto-service\1.0.1\auto-service-1.0.1.jar;C:\Users\Satheesh\.m2\repository\com\google\auto\auto-common\1.2\auto-common-1.2.jar;C:\Users\Satheesh\.m2\repository\com\google\guava\guava\31.1-jre\guava-31.1-jre.jar;C:\Users\Satheesh\.m2\repository\com\google\guava\failureaccess\1.0.1\failureaccess-1.0.1.jar;C:\Users\Satheesh\.m2\repository\com\google\guava\listenablefuture\9999.0-empty-to-avoid-conflict-with-guava\listenablefuture-9999.0-empty-to-avoid-conflict-with-guava.jar;C:\Users\Satheesh\.m2\repository\com\google\code\findbugs\jsr305\3.0.2\jsr305-3.0.2.jar;C:\Users\Satheesh\.m2\repository\org\checkerframework\checker-qual\3.12.0\checker-qual-3.12.0.jar;C:\Users\Satheesh\.m2\repository\com\google\errorprone\error_prone_annotations\2.11.0\error_prone_annotations-2.11.0.jar;C:\Users\Satheesh\.m2\repository\com\google\j2objc\j2objc-annotations\1.3\j2objc-annotations-1.3.jar;C:\Users\Satheesh\.m2\repository\org\seleniumhq\selenium\selenium-chromium-driver\4.7.2\selenium-chromium-driver-4.7.2.jar;C:\Users\Satheesh\.m2\repository\org\seleniumhq\selenium\selenium-json\4.7.2\selenium-json-4.7.2.jar;C:\Users\Satheesh\.m2\repository\org\seleniumhq\selenium\selenium-devtools-v106\4.7.2\selenium-devtools-v106-4.7.2.jar;C:\Users\Satheesh\.m2\repository\org\seleniumhq\selenium\selenium-devtools-v107
Launcher Type: SUN_STANDARD

[Global flags]
     intx CICompilerCount                          = 4                                         {product} {ergonomic}
     uint ConcGCThreads                            = 2                                         {product} {ergonomic}
     uint G1ConcRefinementThreads                  = 8                                         {product} {ergonomic}
   size_t G1HeapRegionSize                         = 1048576                                   {product} {ergonomic}
    uintx GCDrainStackTargetSize                   = 64                                        {product} {ergonomic}
   size_t InitialHeapSize                          = 132120576                                 {product} {ergonomic}
   size_t MarkStackSize                            = 4194304                                   {product} {ergonomic}
   size_t MaxHeapSize                              = 2107637760                                {product} {ergonomic}
   size_t MaxNewSize                               = 1264582656                                {product} {ergonomic}
   size_t MinHeapDeltaBytes                        = 1048576                                   {product} {ergonomic}
   size_t MinHeapSize                              = 8388608                                   {product} {ergonomic}
    uintx NonNMethodCodeHeapSize                   = 5839372                                {pd product} {ergonomic}
    uintx NonProfiledCodeHeapSize                  = 122909434                              {pd product} {ergonomic}
    uintx ProfiledCodeHeapSize                     = 122909434                              {pd product} {ergonomic}
    uintx ReservedCodeCacheSize                    = 251658240                              {pd product} {ergonomic}
     bool SegmentedCodeCache                       = true                                      {product} {ergonomic}
     bool ShowCodeDetailsInExceptionMessages       = true                                   {manageable} {command line}
   size_t SoftMaxHeapSize                          = 2107637760                             {manageable} {ergonomic}
     bool UseCompressedClassPointers               = true                           {product lp64_product} {ergonomic}
     bool UseCompressedOops                        = true                           {product lp64_product} {ergonomic}
     bool UseG1GC                                  = true                                      {product} {ergonomic}
     bool UseLargePagesIndividualAllocation        = false                                  {pd product} {ergonomic}

Logging:
Log output configuration:
 #0: stdout all=warning uptime,level,tags
 #1: stderr all=off uptime,level,tags

Environment Variables:
PATH=C:/Program Files/Java/jdk-17.0.5/bin/server;C:/Program Files/Java/jdk-17.0.5/bin;C:\Program Files\Common Files\Oracle\Java\javapath;C:\Program Files (x86)\Common Files\Oracle\Java\javapath;C:\Windows\system32;C:\Windows;C:\Windows\System32\Wbem;C:\Windows\System32\WindowsPowerShell\v1.0\;C:\Windows\System32\OpenSSH\;C:\Program Files (x86)\NVIDIA Corporation\PhysX\Common;C:\Program Files\NVIDIA Corporation\NVIDIA NvDLISR;C:\Android;C:\WINDOWS\system32;C:\WINDOWS;C:\WINDOWS\System32\Wbem;C:\WINDOWS\System32\WindowsPowerShell\v1.0\;C:\WINDOWS\System32\OpenSSH\;C:\Program Files\Common Files\Autodesk Shared\;C:\Program Files (x86)\Autodesk\Backburner\;C:\Program Files\apache-maven-3.8.6\bin;"C:\Users\Satheesh\AppData\Local\Microsoft\WindowsApps;C:\Program Files\Java\jdk-17.0.5\bin;C:\Program Files\apache-maven-3.8.6\bin";;C:\WINDOWS\system32;
USERNAME=Satheesh
OS=Windows_NT
PROCESSOR_IDENTIFIER=Intel64 Family 6 Model 142 Stepping 12, GenuineIntel



---------------  S Y S T E M  ---------------

OS:
 Windows 10 , 64 bit Build 19041 (10.0.19041.2364)
OS uptime: 2 days 2:01 hours

CPU: total 8 (initial active 8) (4 cores per cpu, 2 threads per core) family 6 model 142 stepping 12 microcode 0xb8, cx8, cmov, fxsr, ht, mmx, 3dnowpref, sse, sse2, sse3, ssse3, sse4.1, sse4.2, popcnt, lzcnt, tsc, tscinvbit, avx, avx2, aes, erms, clmul, bmi1, bmi2, adx, fma, vzeroupper, clflush, clflushopt

Memory: 4k page, system-wide physical 8039M (922M free)
TotalPageFile size 12820M (AvailPageFile size 3M)
current process WorkingSet (physical memory assigned to process): 47M, peak: 47M
current process commit charge ("private bytes"): 216M, peak: 216M

vm_info: Java HotSpot(TM) 64-Bit Server VM (17.0.5+9-LTS-191) for windows-amd64 JRE (17.0.5+9-LTS-191), built on Sep 13 2022 17:31:43 by "mach5one" with MS VC++ 16.8 / 16.9 (VS2019)

END.
